<?xml version="1.0" encoding="UTF-8"?>
<testsuite xmlns:xsi="http://www.w3.org/2001/XMLSchema-instance" xsi:noNamespaceSchemaLocation="https://maven.apache.org/surefire/maven-surefire-plugin/xsd/surefire-test-report-3.0.xsd" version="3.0" name="no.hvl.dat110.unit.tests.TestFindSuccessor" time="27.386" tests="1" errors="1" skipped="0" failures="0">
  <properties>
    <property name="java.specification.version" value="23"/>
    <property name="sun.cpu.isalist" value="amd64"/>
    <property name="sun.jnu.encoding" value="Cp1252"/>
    <property name="java.class.path" value="C:\HVL\DAT110\obliger\oblig3\dat110-project3-dht-startcode\target\test-classes;C:\HVL\DAT110\obliger\oblig3\dat110-project3-dht-startcode\target\classes;C:\Users\henri\.m2\repository\org\apache\logging\log4j\log4j-core\2.20.0\log4j-core-2.20.0.jar;C:\Users\henri\.m2\repository\org\apache\logging\log4j\log4j-api\2.20.0\log4j-api-2.20.0.jar;C:\Users\henri\.m2\repository\org\junit\jupiter\junit-jupiter-api\5.9.2\junit-jupiter-api-5.9.2.jar;C:\Users\henri\.m2\repository\org\opentest4j\opentest4j\1.2.0\opentest4j-1.2.0.jar;C:\Users\henri\.m2\repository\org\junit\platform\junit-platform-commons\1.9.2\junit-platform-commons-1.9.2.jar;C:\Users\henri\.m2\repository\org\apiguardian\apiguardian-api\1.1.2\apiguardian-api-1.1.2.jar;"/>
    <property name="java.vm.vendor" value="Oracle Corporation"/>
    <property name="sun.arch.data.model" value="64"/>
    <property name="user.variant" value=""/>
    <property name="java.vendor.url" value="https://java.oracle.com/"/>
    <property name="user.timezone" value="Europe/Oslo"/>
    <property name="os.name" value="Windows 11"/>
    <property name="java.vm.specification.version" value="23"/>
    <property name="sun.java.launcher" value="SUN_STANDARD"/>
    <property name="user.country" value="NO"/>
    <property name="sun.boot.library.path" value="C:\Program Files\Java\jdk-23\bin"/>
    <property name="sun.java.command" value="C:\Users\henri\AppData\Local\Temp\surefire7442273526134274312\surefirebooter-20250324131347544_3.jar C:\Users\henri\AppData\Local\Temp\surefire7442273526134274312 2025-03-24T13-13-46_997-jvmRun1 surefire-20250324131347544_1tmp surefire_0-20250324131347544_2tmp"/>
    <property name="jdk.debug" value="release"/>
    <property name="test" value="TestFindSuccessor"/>
    <property name="surefire.test.class.path" value="C:\HVL\DAT110\obliger\oblig3\dat110-project3-dht-startcode\target\test-classes;C:\HVL\DAT110\obliger\oblig3\dat110-project3-dht-startcode\target\classes;C:\Users\henri\.m2\repository\org\apache\logging\log4j\log4j-core\2.20.0\log4j-core-2.20.0.jar;C:\Users\henri\.m2\repository\org\apache\logging\log4j\log4j-api\2.20.0\log4j-api-2.20.0.jar;C:\Users\henri\.m2\repository\org\junit\jupiter\junit-jupiter-api\5.9.2\junit-jupiter-api-5.9.2.jar;C:\Users\henri\.m2\repository\org\opentest4j\opentest4j\1.2.0\opentest4j-1.2.0.jar;C:\Users\henri\.m2\repository\org\junit\platform\junit-platform-commons\1.9.2\junit-platform-commons-1.9.2.jar;C:\Users\henri\.m2\repository\org\apiguardian\apiguardian-api\1.1.2\apiguardian-api-1.1.2.jar;"/>
    <property name="sun.cpu.endian" value="little"/>
    <property name="user.home" value="C:\Users\henri"/>
    <property name="user.language" value="no"/>
    <property name="java.specification.vendor" value="Oracle Corporation"/>
    <property name="java.version.date" value="2024-09-17"/>
    <property name="java.home" value="C:\Program Files\Java\jdk-23"/>
    <property name="file.separator" value="\"/>
    <property name="basedir" value="C:\HVL\DAT110\obliger\oblig3\dat110-project3-dht-startcode"/>
    <property name="java.vm.compressedOopsMode" value="Zero based"/>
    <property name="line.separator" value="&#10;"/>
    <property name="java.vm.specification.vendor" value="Oracle Corporation"/>
    <property name="java.specification.name" value="Java Platform API Specification"/>
    <property name="surefire.real.class.path" value="C:\Users\henri\AppData\Local\Temp\surefire7442273526134274312\surefirebooter-20250324131347544_3.jar"/>
    <property name="user.script" value=""/>
    <property name="sun.management.compiler" value="HotSpot 64-Bit Tiered Compilers"/>
    <property name="java.runtime.version" value="23+37-2369"/>
    <property name="user.name" value="henri"/>
    <property name="stdout.encoding" value="Cp1252"/>
    <property name="path.separator" value=";"/>
    <property name="os.version" value="10.0"/>
    <property name="java.runtime.name" value="Java(TM) SE Runtime Environment"/>
    <property name="file.encoding" value="UTF-8"/>
    <property name="java.vm.name" value="Java HotSpot(TM) 64-Bit Server VM"/>
    <property name="localRepository" value="C:\Users\henri\.m2\repository"/>
    <property name="java.vendor.url.bug" value="https://bugreport.java.com/bugreport/"/>
    <property name="java.io.tmpdir" value="C:\Users\henri\AppData\Local\Temp\"/>
    <property name="java.version" value="23"/>
    <property name="user.dir" value="C:\HVL\DAT110\obliger\oblig3\dat110-project3-dht-startcode"/>
    <property name="os.arch" value="amd64"/>
    <property name="java.vm.specification.name" value="Java Virtual Machine Specification"/>
    <property name="sun.os.patch.level" value=""/>
    <property name="native.encoding" value="Cp1252"/>
    <property name="java.library.path" value="C:\Program Files\Java\jdk-23\bin;C:\WINDOWS\Sun\Java\bin;C:\WINDOWS\system32;C:\WINDOWS;C:\Program Files\PowerShell\7;C:\Program Files\Common Files\Oracle\Java\javapath;C:\WINDOWS\system32;C:\WINDOWS;C:\WINDOWS\System32\Wbem;C:\WINDOWS\System32\WindowsPowerShell\v1.0\;C:\WINDOWS\System32\OpenSSH\;C:\Program Files\MATLAB\R2024a\runtime\win64;C:\Program Files\MATLAB\R2024a\bin;C:\Program Files\Microsoft SQL Server\150\Tools\Binn\;C:\Program Files\Microsoft SQL Server\Client SDK\ODBC\170\Tools\Binn\;C:\Program Files\dotnet\;C:\Program Files (x86)\Windows Kits\10\Windows Performance Toolkit\;C:\Program Files\Git\cmd;C:\Program Files\apache-maven-3.9.9\bin;C:\Users\henri\AppData\Local\nvm;C:\nvm4w\nodejs;C:\Program Files\PowerShell\7\;C:\Program Files\Common Files\Oracle\Java\javapath;C:\Windows\system32;C:\Windows;C:\Windows\System32\Wbem;C:\Windows\System32\WindowsPowerShell\v1.0\;C:\Windows\System32\OpenSSH\;C:\Program Files\Git\cmd;C:\Program Files\MATLAB\R2024a\runtime\win64;C:\Program Files\MATLAB\R2024a\bin;C:\Users\henri\AppData\Local\Microsoft\WindowsApps;C:\ProgramData\henri\GitHubDesktop\bin;C:\ghcup\bin;C:\Users\henri\AppData\Local\Programs\Microsoft VS Code\bin;C:\Users\henri\AppData\Roaming\npm;C:\Program Files\nodejs;C:\Users\henri\.dotnet\tools;C:\Users\henri\AppData\Local\Microsoft\WindowsApps;C:\Users\henri\AppData\Local\nvm;C:\nvm4w\nodejs;."/>
    <property name="java.vm.info" value="mixed mode, sharing"/>
    <property name="stderr.encoding" value="Cp1252"/>
    <property name="java.vendor" value="Oracle Corporation"/>
    <property name="java.vm.version" value="23+37-2369"/>
    <property name="sun.io.unicode.encoding" value="UnicodeLittle"/>
    <property name="java.class.version" value="67.0"/>
  </properties>
  <testcase name="test" classname="no.hvl.dat110.unit.tests.TestFindSuccessor" time="0.055">
    <error message="Error occurred in server thread; nested exception is: &#10;	java.lang.StackOverflowError" type="java.rmi.ServerError"><![CDATA[java.rmi.ServerError: 
Error occurred in server thread; nested exception is: 
	java.lang.StackOverflowError
	at java.rmi/sun.rmi.server.UnicastServerRef.dispatch(UnicastServerRef.java:389)
	at java.rmi/sun.rmi.transport.Transport$1.run(Transport.java:200)
	at java.rmi/sun.rmi.transport.Transport$1.run(Transport.java:197)
	at java.base/java.security.AccessController.doPrivileged(AccessController.java:714)
	at java.rmi/sun.rmi.transport.Transport.serviceCall(Transport.java:196)
	at java.rmi/sun.rmi.transport.tcp.TCPTransport.handleMessages(TCPTransport.java:598)
	at java.rmi/sun.rmi.transport.tcp.TCPTransport$ConnectionHandler.run0(TCPTransport.java:844)
	at java.rmi/sun.rmi.transport.tcp.TCPTransport$ConnectionHandler.lambda$run$0(TCPTransport.java:721)
	at java.base/java.security.AccessController.doPrivileged(AccessController.java:400)
	at java.rmi/sun.rmi.transport.tcp.TCPTransport$ConnectionHandler.run(TCPTransport.java:720)
	at java.base/java.util.concurrent.ThreadPoolExecutor.runWorker(ThreadPoolExecutor.java:1144)
	at java.base/java.util.concurrent.ThreadPoolExecutor$Worker.run(ThreadPoolExecutor.java:642)
	at java.base/java.lang.Thread.run(Thread.java:1575)
	at java.rmi/sun.rmi.transport.StreamRemoteCall.exceptionReceivedFromServer(StreamRemoteCall.java:304)
	at java.rmi/sun.rmi.transport.StreamRemoteCall.executeCall(StreamRemoteCall.java:280)
	at java.rmi/sun.rmi.server.UnicastRef.invoke(UnicastRef.java:166)
	at java.rmi/java.rmi.server.RemoteObjectInvocationHandler.invokeRemoteMethod(RemoteObjectInvocationHandler.java:215)
	at java.rmi/java.rmi.server.RemoteObjectInvocationHandler.invoke(RemoteObjectInvocationHandler.java:160)
	at jdk.proxy2/jdk.proxy2.$Proxy23.findSuccessor(Unknown Source)
	at no.hvl.dat110.unit.tests.TestFindSuccessor.test(TestFindSuccessor.java:47)
	at java.base/jdk.internal.reflect.DirectMethodHandleAccessor.invoke(DirectMethodHandleAccessor.java:103)
	at java.base/java.lang.reflect.Method.invoke(Method.java:580)
	at org.junit.platform.commons.util.ReflectionUtils.invokeMethod(ReflectionUtils.java:727)
	at org.junit.jupiter.engine.execution.MethodInvocation.proceed(MethodInvocation.java:60)
	at org.junit.jupiter.engine.execution.InvocationInterceptorChain$ValidatingInvocation.proceed(InvocationInterceptorChain.java:131)
	at org.junit.jupiter.engine.extension.TimeoutExtension.intercept(TimeoutExtension.java:156)
	at org.junit.jupiter.engine.extension.TimeoutExtension.interceptTestableMethod(TimeoutExtension.java:147)
	at org.junit.jupiter.engine.extension.TimeoutExtension.interceptTestMethod(TimeoutExtension.java:86)
	at org.junit.jupiter.engine.execution.InterceptingExecutableInvoker$ReflectiveInterceptorCall.lambda$ofVoidMethod$0(InterceptingExecutableInvoker.java:103)
	at org.junit.jupiter.engine.execution.InterceptingExecutableInvoker.lambda$invoke$0(InterceptingExecutableInvoker.java:93)
	at org.junit.jupiter.engine.execution.InvocationInterceptorChain$InterceptedInvocation.proceed(InvocationInterceptorChain.java:106)
	at org.junit.jupiter.engine.execution.InvocationInterceptorChain.proceed(InvocationInterceptorChain.java:64)
	at org.junit.jupiter.engine.execution.InvocationInterceptorChain.chainAndInvoke(InvocationInterceptorChain.java:45)
	at org.junit.jupiter.engine.execution.InvocationInterceptorChain.invoke(InvocationInterceptorChain.java:37)
	at org.junit.jupiter.engine.execution.InterceptingExecutableInvoker.invoke(InterceptingExecutableInvoker.java:92)
	at org.junit.jupiter.engine.execution.InterceptingExecutableInvoker.invoke(InterceptingExecutableInvoker.java:86)
	at org.junit.jupiter.engine.descriptor.TestMethodTestDescriptor.lambda$invokeTestMethod$7(TestMethodTestDescriptor.java:217)
	at org.junit.platform.engine.support.hierarchical.ThrowableCollector.execute(ThrowableCollector.java:73)
	at org.junit.jupiter.engine.descriptor.TestMethodTestDescriptor.invokeTestMethod(TestMethodTestDescriptor.java:213)
	at org.junit.jupiter.engine.descriptor.TestMethodTestDescriptor.execute(TestMethodTestDescriptor.java:138)
	at org.junit.jupiter.engine.descriptor.TestMethodTestDescriptor.execute(TestMethodTestDescriptor.java:68)
	at org.junit.platform.engine.support.hierarchical.NodeTestTask.lambda$executeRecursively$6(NodeTestTask.java:151)
	at org.junit.platform.engine.support.hierarchical.ThrowableCollector.execute(ThrowableCollector.java:73)
	at org.junit.platform.engine.support.hierarchical.NodeTestTask.lambda$executeRecursively$8(NodeTestTask.java:141)
	at org.junit.platform.engine.support.hierarchical.Node.around(Node.java:137)
	at org.junit.platform.engine.support.hierarchical.NodeTestTask.lambda$executeRecursively$9(NodeTestTask.java:139)
	at org.junit.platform.engine.support.hierarchical.ThrowableCollector.execute(ThrowableCollector.java:73)
	at org.junit.platform.engine.support.hierarchical.NodeTestTask.executeRecursively(NodeTestTask.java:138)
	at org.junit.platform.engine.support.hierarchical.NodeTestTask.execute(NodeTestTask.java:95)
	at java.base/java.util.ArrayList.forEach(ArrayList.java:1597)
	at org.junit.platform.engine.support.hierarchical.SameThreadHierarchicalTestExecutorService.invokeAll(SameThreadHierarchicalTestExecutorService.java:41)
	at org.junit.platform.engine.support.hierarchical.NodeTestTask.lambda$executeRecursively$6(NodeTestTask.java:155)
	at org.junit.platform.engine.support.hierarchical.ThrowableCollector.execute(ThrowableCollector.java:73)
	at org.junit.platform.engine.support.hierarchical.NodeTestTask.lambda$executeRecursively$8(NodeTestTask.java:141)
	at org.junit.platform.engine.support.hierarchical.Node.around(Node.java:137)
	at org.junit.platform.engine.support.hierarchical.NodeTestTask.lambda$executeRecursively$9(NodeTestTask.java:139)
	at org.junit.platform.engine.support.hierarchical.ThrowableCollector.execute(ThrowableCollector.java:73)
	at org.junit.platform.engine.support.hierarchical.NodeTestTask.executeRecursively(NodeTestTask.java:138)
	at org.junit.platform.engine.support.hierarchical.NodeTestTask.execute(NodeTestTask.java:95)
	at java.base/java.util.ArrayList.forEach(ArrayList.java:1597)
	at org.junit.platform.engine.support.hierarchical.SameThreadHierarchicalTestExecutorService.invokeAll(SameThreadHierarchicalTestExecutorService.java:41)
	at org.junit.platform.engine.support.hierarchical.NodeTestTask.lambda$executeRecursively$6(NodeTestTask.java:155)
	at org.junit.platform.engine.support.hierarchical.ThrowableCollector.execute(ThrowableCollector.java:73)
	at org.junit.platform.engine.support.hierarchical.NodeTestTask.lambda$executeRecursively$8(NodeTestTask.java:141)
	at org.junit.platform.engine.support.hierarchical.Node.around(Node.java:137)
	at org.junit.platform.engine.support.hierarchical.NodeTestTask.lambda$executeRecursively$9(NodeTestTask.java:139)
	at org.junit.platform.engine.support.hierarchical.ThrowableCollector.execute(ThrowableCollector.java:73)
	at org.junit.platform.engine.support.hierarchical.NodeTestTask.executeRecursively(NodeTestTask.java:138)
	at org.junit.platform.engine.support.hierarchical.NodeTestTask.execute(NodeTestTask.java:95)
	at org.junit.platform.engine.support.hierarchical.SameThreadHierarchicalTestExecutorService.submit(SameThreadHierarchicalTestExecutorService.java:35)
	at org.junit.platform.engine.support.hierarchical.HierarchicalTestExecutor.execute(HierarchicalTestExecutor.java:57)
	at org.junit.platform.engine.support.hierarchical.HierarchicalTestEngine.execute(HierarchicalTestEngine.java:54)
	at org.junit.platform.launcher.core.EngineExecutionOrchestrator.execute(EngineExecutionOrchestrator.java:147)
	at org.junit.platform.launcher.core.EngineExecutionOrchestrator.execute(EngineExecutionOrchestrator.java:127)
	at org.junit.platform.launcher.core.EngineExecutionOrchestrator.execute(EngineExecutionOrchestrator.java:90)
	at org.junit.platform.launcher.core.EngineExecutionOrchestrator.lambda$execute$0(EngineExecutionOrchestrator.java:55)
	at org.junit.platform.launcher.core.EngineExecutionOrchestrator.withInterceptedStreams(EngineExecutionOrchestrator.java:102)
	at org.junit.platform.launcher.core.EngineExecutionOrchestrator.execute(EngineExecutionOrchestrator.java:54)
	at org.junit.platform.launcher.core.DefaultLauncher.execute(DefaultLauncher.java:114)
	at org.junit.platform.launcher.core.DefaultLauncher.execute(DefaultLauncher.java:86)
	at org.junit.platform.launcher.core.DefaultLauncherSession$DelegatingLauncher.execute(DefaultLauncherSession.java:86)
	at org.apache.maven.surefire.junitplatform.LazyLauncher.execute(LazyLauncher.java:55)
	at org.apache.maven.surefire.junitplatform.JUnitPlatformProvider.execute(JUnitPlatformProvider.java:223)
	at org.apache.maven.surefire.junitplatform.JUnitPlatformProvider.invokeAllTests(JUnitPlatformProvider.java:175)
	at org.apache.maven.surefire.junitplatform.JUnitPlatformProvider.invoke(JUnitPlatformProvider.java:139)
	at org.apache.maven.surefire.booter.ForkedBooter.runSuitesInProcess(ForkedBooter.java:456)
	at org.apache.maven.surefire.booter.ForkedBooter.execute(ForkedBooter.java:169)
	at org.apache.maven.surefire.booter.ForkedBooter.run(ForkedBooter.java:595)
	at org.apache.maven.surefire.booter.ForkedBooter.main(ForkedBooter.java:581)
Caused by: java.lang.StackOverflowError
	at no.hvl.dat110.chordoperations.ChordLookup.findSuccessor(ChordLookup.java:53)
	at no.hvl.dat110.middleware.Node.findSuccessor(Node.java:130)
	at no.hvl.dat110.chordoperations.ChordLookup.findSuccessor(ChordLookup.java:53)
	at no.hvl.dat110.middleware.Node.findSuccessor(Node.java:130)
	at no.hvl.dat110.chordoperations.ChordLookup.findSuccessor(ChordLookup.java:53)
	at no.hvl.dat110.middleware.Node.findSuccessor(Node.java:130)
	at no.hvl.dat110.chordoperations.ChordLookup.findSuccessor(ChordLookup.java:53)
	at no.hvl.dat110.middleware.Node.findSuccessor(Node.java:130)
	at no.hvl.dat110.chordoperations.ChordLookup.findSuccessor(ChordLookup.java:53)
	at no.hvl.dat110.middleware.Node.findSuccessor(Node.java:130)
	at no.hvl.dat110.chordoperations.ChordLookup.findSuccessor(ChordLookup.java:53)
	at no.hvl.dat110.middleware.Node.findSuccessor(Node.java:130)
	at no.hvl.dat110.chordoperations.ChordLookup.findSuccessor(ChordLookup.java:53)
	at no.hvl.dat110.middleware.Node.findSuccessor(Node.java:130)
	at no.hvl.dat110.chordoperations.ChordLookup.findSuccessor(ChordLookup.java:53)
	at no.hvl.dat110.middleware.Node.findSuccessor(Node.java:130)
	at no.hvl.dat110.chordoperations.ChordLookup.findSuccessor(ChordLookup.java:53)
	at no.hvl.dat110.middleware.Node.findSuccessor(Node.java:130)
	at no.hvl.dat110.chordoperations.ChordLookup.findSuccessor(ChordLookup.java:53)
	at no.hvl.dat110.middleware.Node.findSuccessor(Node.java:130)
	at no.hvl.dat110.chordoperations.ChordLookup.findSuccessor(ChordLookup.java:53)
	at no.hvl.dat110.middleware.Node.findSuccessor(Node.java:130)
	at no.hvl.dat110.chordoperations.ChordLookup.findSuccessor(ChordLookup.java:53)
	at no.hvl.dat110.middleware.Node.findSuccessor(Node.java:130)
	at no.hvl.dat110.chordoperations.ChordLookup.findSuccessor(ChordLookup.java:53)
	at no.hvl.dat110.middleware.Node.findSuccessor(Node.java:130)
	at no.hvl.dat110.chordoperations.ChordLookup.findSuccessor(ChordLookup.java:53)
	at no.hvl.dat110.middleware.Node.findSuccessor(Node.java:130)
	at no.hvl.dat110.chordoperations.ChordLookup.findSuccessor(ChordLookup.java:53)
	at no.hvl.dat110.middleware.Node.findSuccessor(Node.java:130)
	at no.hvl.dat110.chordoperations.ChordLookup.findSuccessor(ChordLookup.java:53)
	at no.hvl.dat110.middleware.Node.findSuccessor(Node.java:130)
	at no.hvl.dat110.chordoperations.ChordLookup.findSuccessor(ChordLookup.java:53)
	at no.hvl.dat110.middleware.Node.findSuccessor(Node.java:130)
	at no.hvl.dat110.chordoperations.ChordLookup.findSuccessor(ChordLookup.java:53)
	at no.hvl.dat110.middleware.Node.findSuccessor(Node.java:130)
	at no.hvl.dat110.chordoperations.ChordLookup.findSuccessor(ChordLookup.java:53)
	at no.hvl.dat110.middleware.Node.findSuccessor(Node.java:130)
	at no.hvl.dat110.chordoperations.ChordLookup.findSuccessor(ChordLookup.java:53)
	at no.hvl.dat110.middleware.Node.findSuccessor(Node.java:130)
	at no.hvl.dat110.chordoperations.ChordLookup.findSuccessor(ChordLookup.java:53)
	at no.hvl.dat110.middleware.Node.findSuccessor(Node.java:130)
	at no.hvl.dat110.chordoperations.ChordLookup.findSuccessor(ChordLookup.java:53)
	at no.hvl.dat110.middleware.Node.findSuccessor(Node.java:130)
	at no.hvl.dat110.chordoperations.ChordLookup.findSuccessor(ChordLookup.java:53)
	at no.hvl.dat110.middleware.Node.findSuccessor(Node.java:130)
	at no.hvl.dat110.chordoperations.ChordLookup.findSuccessor(ChordLookup.java:53)
	at no.hvl.dat110.middleware.Node.findSuccessor(Node.java:130)
	at no.hvl.dat110.chordoperations.ChordLookup.findSuccessor(ChordLookup.java:53)
	at no.hvl.dat110.middleware.Node.findSuccessor(Node.java:130)
	at no.hvl.dat110.chordoperations.ChordLookup.findSuccessor(ChordLookup.java:53)
	at no.hvl.dat110.middleware.Node.findSuccessor(Node.java:130)
	at no.hvl.dat110.chordoperations.ChordLookup.findSuccessor(ChordLookup.java:53)
	at no.hvl.dat110.middleware.Node.findSuccessor(Node.java:130)
	at no.hvl.dat110.chordoperations.ChordLookup.findSuccessor(ChordLookup.java:53)
	at no.hvl.dat110.middleware.Node.findSuccessor(Node.java:130)
	at no.hvl.dat110.chordoperations.ChordLookup.findSuccessor(ChordLookup.java:53)
	at no.hvl.dat110.middleware.Node.findSuccessor(Node.java:130)
	at no.hvl.dat110.chordoperations.ChordLookup.findSuccessor(ChordLookup.java:53)
	at no.hvl.dat110.middleware.Node.findSuccessor(Node.java:130)
	at no.hvl.dat110.chordoperations.ChordLookup.findSuccessor(ChordLookup.java:53)
	at no.hvl.dat110.middleware.Node.findSuccessor(Node.java:130)
	at no.hvl.dat110.chordoperations.ChordLookup.findSuccessor(ChordLookup.java:53)
	at no.hvl.dat110.middleware.Node.findSuccessor(Node.java:130)
	at no.hvl.dat110.chordoperations.ChordLookup.findSuccessor(ChordLookup.java:53)
	at no.hvl.dat110.middleware.Node.findSuccessor(Node.java:130)
	at no.hvl.dat110.chordoperations.ChordLookup.findSuccessor(ChordLookup.java:53)
	at no.hvl.dat110.middleware.Node.findSuccessor(Node.java:130)
	at no.hvl.dat110.chordoperations.ChordLookup.findSuccessor(ChordLookup.java:53)
	at no.hvl.dat110.middleware.Node.findSuccessor(Node.java:130)
	at no.hvl.dat110.chordoperations.ChordLookup.findSuccessor(ChordLookup.java:53)
	at no.hvl.dat110.middleware.Node.findSuccessor(Node.java:130)
	at no.hvl.dat110.chordoperations.ChordLookup.findSuccessor(ChordLookup.java:53)
	at no.hvl.dat110.middleware.Node.findSuccessor(Node.java:130)
	at no.hvl.dat110.chordoperations.ChordLookup.findSuccessor(ChordLookup.java:53)
	at no.hvl.dat110.middleware.Node.findSuccessor(Node.java:130)
	at no.hvl.dat110.chordoperations.ChordLookup.findSuccessor(ChordLookup.java:53)
	at no.hvl.dat110.middleware.Node.findSuccessor(Node.java:130)
	at no.hvl.dat110.chordoperations.ChordLookup.findSuccessor(ChordLookup.java:53)
	at no.hvl.dat110.middleware.Node.findSuccessor(Node.java:130)
	at no.hvl.dat110.chordoperations.ChordLookup.findSuccessor(ChordLookup.java:53)
	at no.hvl.dat110.middleware.Node.findSuccessor(Node.java:130)
	at no.hvl.dat110.chordoperations.ChordLookup.findSuccessor(ChordLookup.java:53)
	at no.hvl.dat110.middleware.Node.findSuccessor(Node.java:130)
	at no.hvl.dat110.chordoperations.ChordLookup.findSuccessor(ChordLookup.java:53)
	at no.hvl.dat110.middleware.Node.findSuccessor(Node.java:130)
	at no.hvl.dat110.chordoperations.ChordLookup.findSuccessor(ChordLookup.java:53)
	at no.hvl.dat110.middleware.Node.findSuccessor(Node.java:130)
	at no.hvl.dat110.chordoperations.ChordLookup.findSuccessor(ChordLookup.java:53)
	at no.hvl.dat110.middleware.Node.findSuccessor(Node.java:130)
	at no.hvl.dat110.chordoperations.ChordLookup.findSuccessor(ChordLookup.java:53)
	at no.hvl.dat110.middleware.Node.findSuccessor(Node.java:130)
	at no.hvl.dat110.chordoperations.ChordLookup.findSuccessor(ChordLookup.java:53)
	at no.hvl.dat110.middleware.Node.findSuccessor(Node.java:130)
	at no.hvl.dat110.chordoperations.ChordLookup.findSuccessor(ChordLookup.java:53)
	at no.hvl.dat110.middleware.Node.findSuccessor(Node.java:130)
	at no.hvl.dat110.chordoperations.ChordLookup.findSuccessor(ChordLookup.java:53)
	at no.hvl.dat110.middleware.Node.findSuccessor(Node.java:130)
	at no.hvl.dat110.chordoperations.ChordLookup.findSuccessor(ChordLookup.java:53)
	at no.hvl.dat110.middleware.Node.findSuccessor(Node.java:130)
	at no.hvl.dat110.chordoperations.ChordLookup.findSuccessor(ChordLookup.java:53)
	at no.hvl.dat110.middleware.Node.findSuccessor(Node.java:130)
	at no.hvl.dat110.chordoperations.ChordLookup.findSuccessor(ChordLookup.java:53)
	at no.hvl.dat110.middleware.Node.findSuccessor(Node.java:130)
	at no.hvl.dat110.chordoperations.ChordLookup.findSuccessor(ChordLookup.java:53)
	at no.hvl.dat110.middleware.Node.findSuccessor(Node.java:130)
	at no.hvl.dat110.chordoperations.ChordLookup.findSuccessor(ChordLookup.java:53)
	at no.hvl.dat110.middleware.Node.findSuccessor(Node.java:130)
	at no.hvl.dat110.chordoperations.ChordLookup.findSuccessor(ChordLookup.java:53)
	at no.hvl.dat110.middleware.Node.findSuccessor(Node.java:130)
	at no.hvl.dat110.chordoperations.ChordLookup.findSuccessor(ChordLookup.java:53)
	at no.hvl.dat110.middleware.Node.findSuccessor(Node.java:130)
	at no.hvl.dat110.chordoperations.ChordLookup.findSuccessor(ChordLookup.java:53)
	at no.hvl.dat110.middleware.Node.findSuccessor(Node.java:130)
	at no.hvl.dat110.chordoperations.ChordLookup.findSuccessor(ChordLookup.java:53)
	at no.hvl.dat110.middleware.Node.findSuccessor(Node.java:130)
	at no.hvl.dat110.chordoperations.ChordLookup.findSuccessor(ChordLookup.java:53)
	at no.hvl.dat110.middleware.Node.findSuccessor(Node.java:130)
	at no.hvl.dat110.chordoperations.ChordLookup.findSuccessor(ChordLookup.java:53)
	at no.hvl.dat110.middleware.Node.findSuccessor(Node.java:130)
	at no.hvl.dat110.chordoperations.ChordLookup.findSuccessor(ChordLookup.java:53)
	at no.hvl.dat110.middleware.Node.findSuccessor(Node.java:130)
	at no.hvl.dat110.chordoperations.ChordLookup.findSuccessor(ChordLookup.java:53)
	at no.hvl.dat110.middleware.Node.findSuccessor(Node.java:130)
	at no.hvl.dat110.chordoperations.ChordLookup.findSuccessor(ChordLookup.java:53)
	at no.hvl.dat110.middleware.Node.findSuccessor(Node.java:130)
	at no.hvl.dat110.chordoperations.ChordLookup.findSuccessor(ChordLookup.java:53)
	at no.hvl.dat110.middleware.Node.findSuccessor(Node.java:130)
	at no.hvl.dat110.chordoperations.ChordLookup.findSuccessor(ChordLookup.java:53)
	at no.hvl.dat110.middleware.Node.findSuccessor(Node.java:130)
	at no.hvl.dat110.chordoperations.ChordLookup.findSuccessor(ChordLookup.java:53)
	at no.hvl.dat110.middleware.Node.findSuccessor(Node.java:130)
	at no.hvl.dat110.chordoperations.ChordLookup.findSuccessor(ChordLookup.java:53)
	at no.hvl.dat110.middleware.Node.findSuccessor(Node.java:130)
	at no.hvl.dat110.chordoperations.ChordLookup.findSuccessor(ChordLookup.java:53)
	at no.hvl.dat110.middleware.Node.findSuccessor(Node.java:130)
	at no.hvl.dat110.chordoperations.ChordLookup.findSuccessor(ChordLookup.java:53)
	at no.hvl.dat110.middleware.Node.findSuccessor(Node.java:130)
	at no.hvl.dat110.chordoperations.ChordLookup.findSuccessor(ChordLookup.java:53)
	at no.hvl.dat110.middleware.Node.findSuccessor(Node.java:130)
	at no.hvl.dat110.chordoperations.ChordLookup.findSuccessor(ChordLookup.java:53)
	at no.hvl.dat110.middleware.Node.findSuccessor(Node.java:130)
	at no.hvl.dat110.chordoperations.ChordLookup.findSuccessor(ChordLookup.java:53)
	at no.hvl.dat110.middleware.Node.findSuccessor(Node.java:130)
	at no.hvl.dat110.chordoperations.ChordLookup.findSuccessor(ChordLookup.java:53)
	at no.hvl.dat110.middleware.Node.findSuccessor(Node.java:130)
	at no.hvl.dat110.chordoperations.ChordLookup.findSuccessor(ChordLookup.java:53)
	at no.hvl.dat110.middleware.Node.findSuccessor(Node.java:130)
	at no.hvl.dat110.chordoperations.ChordLookup.findSuccessor(ChordLookup.java:53)
	at no.hvl.dat110.middleware.Node.findSuccessor(Node.java:130)
	at no.hvl.dat110.chordoperations.ChordLookup.findSuccessor(ChordLookup.java:53)
	at no.hvl.dat110.middleware.Node.findSuccessor(Node.java:130)
	at no.hvl.dat110.chordoperations.ChordLookup.findSuccessor(ChordLookup.java:53)
	at no.hvl.dat110.middleware.Node.findSuccessor(Node.java:130)
	at no.hvl.dat110.chordoperations.ChordLookup.findSuccessor(ChordLookup.java:53)
	at no.hvl.dat110.middleware.Node.findSuccessor(Node.java:130)
	at no.hvl.dat110.chordoperations.ChordLookup.findSuccessor(ChordLookup.java:53)
	at no.hvl.dat110.middleware.Node.findSuccessor(Node.java:130)
	at no.hvl.dat110.chordoperations.ChordLookup.findSuccessor(ChordLookup.java:53)
	at no.hvl.dat110.middleware.Node.findSuccessor(Node.java:130)
	at no.hvl.dat110.chordoperations.ChordLookup.findSuccessor(ChordLookup.java:53)
	at no.hvl.dat110.middleware.Node.findSuccessor(Node.java:130)
	at no.hvl.dat110.chordoperations.ChordLookup.findSuccessor(ChordLookup.java:53)
	at no.hvl.dat110.middleware.Node.findSuccessor(Node.java:130)
	at no.hvl.dat110.chordoperations.ChordLookup.findSuccessor(ChordLookup.java:53)
	at no.hvl.dat110.middleware.Node.findSuccessor(Node.java:130)
	at no.hvl.dat110.chordoperations.ChordLookup.findSuccessor(ChordLookup.java:53)
	at no.hvl.dat110.middleware.Node.findSuccessor(Node.java:130)
	at no.hvl.dat110.chordoperations.ChordLookup.findSuccessor(ChordLookup.java:53)
	at no.hvl.dat110.middleware.Node.findSuccessor(Node.java:130)
	at no.hvl.dat110.chordoperations.ChordLookup.findSuccessor(ChordLookup.java:53)
	at no.hvl.dat110.middleware.Node.findSuccessor(Node.java:130)
	at no.hvl.dat110.chordoperations.ChordLookup.findSuccessor(ChordLookup.java:53)
	at no.hvl.dat110.middleware.Node.findSuccessor(Node.java:130)
	at no.hvl.dat110.chordoperations.ChordLookup.findSuccessor(ChordLookup.java:53)
	at no.hvl.dat110.middleware.Node.findSuccessor(Node.java:130)
	at no.hvl.dat110.chordoperations.ChordLookup.findSuccessor(ChordLookup.java:53)
	at no.hvl.dat110.middleware.Node.findSuccessor(Node.java:130)
	at no.hvl.dat110.chordoperations.ChordLookup.findSuccessor(ChordLookup.java:53)
	at no.hvl.dat110.middleware.Node.findSuccessor(Node.java:130)
	at no.hvl.dat110.chordoperations.ChordLookup.findSuccessor(ChordLookup.java:53)
	at no.hvl.dat110.middleware.Node.findSuccessor(Node.java:130)
	at no.hvl.dat110.chordoperations.ChordLookup.findSuccessor(ChordLookup.java:53)
	at no.hvl.dat110.middleware.Node.findSuccessor(Node.java:130)
	at no.hvl.dat110.chordoperations.ChordLookup.findSuccessor(ChordLookup.java:53)
	at no.hvl.dat110.middleware.Node.findSuccessor(Node.java:130)
	at no.hvl.dat110.chordoperations.ChordLookup.findSuccessor(ChordLookup.java:53)
	at no.hvl.dat110.middleware.Node.findSuccessor(Node.java:130)
	at no.hvl.dat110.chordoperations.ChordLookup.findSuccessor(ChordLookup.java:53)
	at no.hvl.dat110.middleware.Node.findSuccessor(Node.java:130)
	at no.hvl.dat110.chordoperations.ChordLookup.findSuccessor(ChordLookup.java:53)
	at no.hvl.dat110.middleware.Node.findSuccessor(Node.java:130)
	at no.hvl.dat110.chordoperations.ChordLookup.findSuccessor(ChordLookup.java:53)
	at no.hvl.dat110.middleware.Node.findSuccessor(Node.java:130)
	at no.hvl.dat110.chordoperations.ChordLookup.findSuccessor(ChordLookup.java:53)
	at no.hvl.dat110.middleware.Node.findSuccessor(Node.java:130)
	at no.hvl.dat110.chordoperations.ChordLookup.findSuccessor(ChordLookup.java:53)
	at no.hvl.dat110.middleware.Node.findSuccessor(Node.java:130)
	at no.hvl.dat110.chordoperations.ChordLookup.findSuccessor(ChordLookup.java:53)
	at no.hvl.dat110.middleware.Node.findSuccessor(Node.java:130)
	at no.hvl.dat110.chordoperations.ChordLookup.findSuccessor(ChordLookup.java:53)
	at no.hvl.dat110.middleware.Node.findSuccessor(Node.java:130)
	at no.hvl.dat110.chordoperations.ChordLookup.findSuccessor(ChordLookup.java:53)
	at no.hvl.dat110.middleware.Node.findSuccessor(Node.java:130)
	at no.hvl.dat110.chordoperations.ChordLookup.findSuccessor(ChordLookup.java:53)
	at no.hvl.dat110.middleware.Node.findSuccessor(Node.java:130)
	at no.hvl.dat110.chordoperations.ChordLookup.findSuccessor(ChordLookup.java:53)
	at no.hvl.dat110.middleware.Node.findSuccessor(Node.java:130)
	at no.hvl.dat110.chordoperations.ChordLookup.findSuccessor(ChordLookup.java:53)
	at no.hvl.dat110.middleware.Node.findSuccessor(Node.java:130)
	at no.hvl.dat110.chordoperations.ChordLookup.findSuccessor(ChordLookup.java:53)
	at no.hvl.dat110.middleware.Node.findSuccessor(Node.java:130)
	at no.hvl.dat110.chordoperations.ChordLookup.findSuccessor(ChordLookup.java:53)
	at no.hvl.dat110.middleware.Node.findSuccessor(Node.java:130)
	at no.hvl.dat110.chordoperations.ChordLookup.findSuccessor(ChordLookup.java:53)
	at no.hvl.dat110.middleware.Node.findSuccessor(Node.java:130)
	at no.hvl.dat110.chordoperations.ChordLookup.findSuccessor(ChordLookup.java:53)
	at no.hvl.dat110.middleware.Node.findSuccessor(Node.java:130)
	at no.hvl.dat110.chordoperations.ChordLookup.findSuccessor(ChordLookup.java:53)
	at no.hvl.dat110.middleware.Node.findSuccessor(Node.java:130)
	at no.hvl.dat110.chordoperations.ChordLookup.findSuccessor(ChordLookup.java:53)
	at no.hvl.dat110.middleware.Node.findSuccessor(Node.java:130)
	at no.hvl.dat110.chordoperations.ChordLookup.findSuccessor(ChordLookup.java:53)
	at no.hvl.dat110.middleware.Node.findSuccessor(Node.java:130)
	at no.hvl.dat110.chordoperations.ChordLookup.findSuccessor(ChordLookup.java:53)
	at no.hvl.dat110.middleware.Node.findSuccessor(Node.java:130)
	at no.hvl.dat110.chordoperations.ChordLookup.findSuccessor(ChordLookup.java:53)
	at no.hvl.dat110.middleware.Node.findSuccessor(Node.java:130)
	at no.hvl.dat110.chordoperations.ChordLookup.findSuccessor(ChordLookup.java:53)
	at no.hvl.dat110.middleware.Node.findSuccessor(Node.java:130)
	at no.hvl.dat110.chordoperations.ChordLookup.findSuccessor(ChordLookup.java:53)
	at no.hvl.dat110.middleware.Node.findSuccessor(Node.java:130)
	at no.hvl.dat110.chordoperations.ChordLookup.findSuccessor(ChordLookup.java:53)
	at no.hvl.dat110.middleware.Node.findSuccessor(Node.java:130)
	at no.hvl.dat110.chordoperations.ChordLookup.findSuccessor(ChordLookup.java:53)
	at no.hvl.dat110.middleware.Node.findSuccessor(Node.java:130)
	at no.hvl.dat110.chordoperations.ChordLookup.findSuccessor(ChordLookup.java:53)
	at no.hvl.dat110.middleware.Node.findSuccessor(Node.java:130)
	at no.hvl.dat110.chordoperations.ChordLookup.findSuccessor(ChordLookup.java:53)
	at no.hvl.dat110.middleware.Node.findSuccessor(Node.java:130)
	at no.hvl.dat110.chordoperations.ChordLookup.findSuccessor(ChordLookup.java:53)
	at no.hvl.dat110.middleware.Node.findSuccessor(Node.java:130)
	at no.hvl.dat110.chordoperations.ChordLookup.findSuccessor(ChordLookup.java:53)
	at no.hvl.dat110.middleware.Node.findSuccessor(Node.java:130)
	at no.hvl.dat110.chordoperations.ChordLookup.findSuccessor(ChordLookup.java:53)
	at no.hvl.dat110.middleware.Node.findSuccessor(Node.java:130)
	at no.hvl.dat110.chordoperations.ChordLookup.findSuccessor(ChordLookup.java:53)
	at no.hvl.dat110.middleware.Node.findSuccessor(Node.java:130)
	at no.hvl.dat110.chordoperations.ChordLookup.findSuccessor(ChordLookup.java:53)
	at no.hvl.dat110.middleware.Node.findSuccessor(Node.java:130)
	at no.hvl.dat110.chordoperations.ChordLookup.findSuccessor(ChordLookup.java:53)
	at no.hvl.dat110.middleware.Node.findSuccessor(Node.java:130)
	at no.hvl.dat110.chordoperations.ChordLookup.findSuccessor(ChordLookup.java:53)
	at no.hvl.dat110.middleware.Node.findSuccessor(Node.java:130)
	at no.hvl.dat110.chordoperations.ChordLookup.findSuccessor(ChordLookup.java:53)
	at no.hvl.dat110.middleware.Node.findSuccessor(Node.java:130)
	at no.hvl.dat110.chordoperations.ChordLookup.findSuccessor(ChordLookup.java:53)
	at no.hvl.dat110.middleware.Node.findSuccessor(Node.java:130)
	at no.hvl.dat110.chordoperations.ChordLookup.findSuccessor(ChordLookup.java:53)
	at no.hvl.dat110.middleware.Node.findSuccessor(Node.java:130)
	at no.hvl.dat110.chordoperations.ChordLookup.findSuccessor(ChordLookup.java:53)
	at no.hvl.dat110.middleware.Node.findSuccessor(Node.java:130)
	at no.hvl.dat110.chordoperations.ChordLookup.findSuccessor(ChordLookup.java:53)
	at no.hvl.dat110.middleware.Node.findSuccessor(Node.java:130)
	at no.hvl.dat110.chordoperations.ChordLookup.findSuccessor(ChordLookup.java:53)
	at no.hvl.dat110.middleware.Node.findSuccessor(Node.java:130)
	at no.hvl.dat110.chordoperations.ChordLookup.findSuccessor(ChordLookup.java:53)
	at no.hvl.dat110.middleware.Node.findSuccessor(Node.java:130)
	at no.hvl.dat110.chordoperations.ChordLookup.findSuccessor(ChordLookup.java:53)
	at no.hvl.dat110.middleware.Node.findSuccessor(Node.java:130)
	at no.hvl.dat110.chordoperations.ChordLookup.findSuccessor(ChordLookup.java:53)
	at no.hvl.dat110.middleware.Node.findSuccessor(Node.java:130)
	at no.hvl.dat110.chordoperations.ChordLookup.findSuccessor(ChordLookup.java:53)
	at no.hvl.dat110.middleware.Node.findSuccessor(Node.java:130)
	at no.hvl.dat110.chordoperations.ChordLookup.findSuccessor(ChordLookup.java:53)
	at no.hvl.dat110.middleware.Node.findSuccessor(Node.java:130)
	at no.hvl.dat110.chordoperations.ChordLookup.findSuccessor(ChordLookup.java:53)
	at no.hvl.dat110.middleware.Node.findSuccessor(Node.java:130)
	at no.hvl.dat110.chordoperations.ChordLookup.findSuccessor(ChordLookup.java:53)
	at no.hvl.dat110.middleware.Node.findSuccessor(Node.java:130)
	at no.hvl.dat110.chordoperations.ChordLookup.findSuccessor(ChordLookup.java:53)
	at no.hvl.dat110.middleware.Node.findSuccessor(Node.java:130)
	at no.hvl.dat110.chordoperations.ChordLookup.findSuccessor(ChordLookup.java:53)
	at no.hvl.dat110.middleware.Node.findSuccessor(Node.java:130)
	at no.hvl.dat110.chordoperations.ChordLookup.findSuccessor(ChordLookup.java:53)
	at no.hvl.dat110.middleware.Node.findSuccessor(Node.java:130)
	at no.hvl.dat110.chordoperations.ChordLookup.findSuccessor(ChordLookup.java:53)
	at no.hvl.dat110.middleware.Node.findSuccessor(Node.java:130)
	at no.hvl.dat110.chordoperations.ChordLookup.findSuccessor(ChordLookup.java:53)
	at no.hvl.dat110.middleware.Node.findSuccessor(Node.java:130)
	at no.hvl.dat110.chordoperations.ChordLookup.findSuccessor(ChordLookup.java:53)
	at no.hvl.dat110.middleware.Node.findSuccessor(Node.java:130)
	at no.hvl.dat110.chordoperations.ChordLookup.findSuccessor(ChordLookup.java:53)
	at no.hvl.dat110.middleware.Node.findSuccessor(Node.java:130)
	at no.hvl.dat110.chordoperations.ChordLookup.findSuccessor(ChordLookup.java:53)
	at no.hvl.dat110.middleware.Node.findSuccessor(Node.java:130)
	at no.hvl.dat110.chordoperations.ChordLookup.findSuccessor(ChordLookup.java:53)
	at no.hvl.dat110.middleware.Node.findSuccessor(Node.java:130)
	at no.hvl.dat110.chordoperations.ChordLookup.findSuccessor(ChordLookup.java:53)
	at no.hvl.dat110.middleware.Node.findSuccessor(Node.java:130)
	at no.hvl.dat110.chordoperations.ChordLookup.findSuccessor(ChordLookup.java:53)
	at no.hvl.dat110.middleware.Node.findSuccessor(Node.java:130)
	at no.hvl.dat110.chordoperations.ChordLookup.findSuccessor(ChordLookup.java:53)
	at no.hvl.dat110.middleware.Node.findSuccessor(Node.java:130)
	at no.hvl.dat110.chordoperations.ChordLookup.findSuccessor(ChordLookup.java:53)
	at no.hvl.dat110.middleware.Node.findSuccessor(Node.java:130)
	at no.hvl.dat110.chordoperations.ChordLookup.findSuccessor(ChordLookup.java:53)
	at no.hvl.dat110.middleware.Node.findSuccessor(Node.java:130)
	at no.hvl.dat110.chordoperations.ChordLookup.findSuccessor(ChordLookup.java:53)
	at no.hvl.dat110.middleware.Node.findSuccessor(Node.java:130)
	at no.hvl.dat110.chordoperations.ChordLookup.findSuccessor(ChordLookup.java:53)
	at no.hvl.dat110.middleware.Node.findSuccessor(Node.java:130)
	at no.hvl.dat110.chordoperations.ChordLookup.findSuccessor(ChordLookup.java:53)
	at no.hvl.dat110.middleware.Node.findSuccessor(Node.java:130)
	at no.hvl.dat110.chordoperations.ChordLookup.findSuccessor(ChordLookup.java:53)
	at no.hvl.dat110.middleware.Node.findSuccessor(Node.java:130)
	at no.hvl.dat110.chordoperations.ChordLookup.findSuccessor(ChordLookup.java:53)
	at no.hvl.dat110.middleware.Node.findSuccessor(Node.java:130)
	at no.hvl.dat110.chordoperations.ChordLookup.findSuccessor(ChordLookup.java:53)
	at no.hvl.dat110.middleware.Node.findSuccessor(Node.java:130)
	at no.hvl.dat110.chordoperations.ChordLookup.findSuccessor(ChordLookup.java:53)
	at no.hvl.dat110.middleware.Node.findSuccessor(Node.java:130)
	at no.hvl.dat110.chordoperations.ChordLookup.findSuccessor(ChordLookup.java:53)
	at no.hvl.dat110.middleware.Node.findSuccessor(Node.java:130)
	at no.hvl.dat110.chordoperations.ChordLookup.findSuccessor(ChordLookup.java:53)
	at no.hvl.dat110.middleware.Node.findSuccessor(Node.java:130)
	at no.hvl.dat110.chordoperations.ChordLookup.findSuccessor(ChordLookup.java:53)
	at no.hvl.dat110.middleware.Node.findSuccessor(Node.java:130)
	at no.hvl.dat110.chordoperations.ChordLookup.findSuccessor(ChordLookup.java:53)
	at no.hvl.dat110.middleware.Node.findSuccessor(Node.java:130)
	at no.hvl.dat110.chordoperations.ChordLookup.findSuccessor(ChordLookup.java:53)
	at no.hvl.dat110.middleware.Node.findSuccessor(Node.java:130)
	at no.hvl.dat110.chordoperations.ChordLookup.findSuccessor(ChordLookup.java:53)
	at no.hvl.dat110.middleware.Node.findSuccessor(Node.java:130)
	at no.hvl.dat110.chordoperations.ChordLookup.findSuccessor(ChordLookup.java:53)
	at no.hvl.dat110.middleware.Node.findSuccessor(Node.java:130)
	at no.hvl.dat110.chordoperations.ChordLookup.findSuccessor(ChordLookup.java:53)
	at no.hvl.dat110.middleware.Node.findSuccessor(Node.java:130)
	at no.hvl.dat110.chordoperations.ChordLookup.findSuccessor(ChordLookup.java:53)
	at no.hvl.dat110.middleware.Node.findSuccessor(Node.java:130)
	at no.hvl.dat110.chordoperations.ChordLookup.findSuccessor(ChordLookup.java:53)
	at no.hvl.dat110.middleware.Node.findSuccessor(Node.java:130)
	at no.hvl.dat110.chordoperations.ChordLookup.findSuccessor(ChordLookup.java:53)
	at no.hvl.dat110.middleware.Node.findSuccessor(Node.java:130)
	at no.hvl.dat110.chordoperations.ChordLookup.findSuccessor(ChordLookup.java:53)
	at no.hvl.dat110.middleware.Node.findSuccessor(Node.java:130)
	at no.hvl.dat110.chordoperations.ChordLookup.findSuccessor(ChordLookup.java:53)
	at no.hvl.dat110.middleware.Node.findSuccessor(Node.java:130)
	at no.hvl.dat110.chordoperations.ChordLookup.findSuccessor(ChordLookup.java:53)
	at no.hvl.dat110.middleware.Node.findSuccessor(Node.java:130)
	at no.hvl.dat110.chordoperations.ChordLookup.findSuccessor(ChordLookup.java:53)
	at no.hvl.dat110.middleware.Node.findSuccessor(Node.java:130)
	at no.hvl.dat110.chordoperations.ChordLookup.findSuccessor(ChordLookup.java:53)
	at no.hvl.dat110.middleware.Node.findSuccessor(Node.java:130)
	at no.hvl.dat110.chordoperations.ChordLookup.findSuccessor(ChordLookup.java:53)
	at no.hvl.dat110.middleware.Node.findSuccessor(Node.java:130)
	at no.hvl.dat110.chordoperations.ChordLookup.findSuccessor(ChordLookup.java:53)
	at no.hvl.dat110.middleware.Node.findSuccessor(Node.java:130)
	at no.hvl.dat110.chordoperations.ChordLookup.findSuccessor(ChordLookup.java:53)
	at no.hvl.dat110.middleware.Node.findSuccessor(Node.java:130)
	at no.hvl.dat110.chordoperations.ChordLookup.findSuccessor(ChordLookup.java:53)
	at no.hvl.dat110.middleware.Node.findSuccessor(Node.java:130)
	at no.hvl.dat110.chordoperations.ChordLookup.findSuccessor(ChordLookup.java:53)
	at no.hvl.dat110.middleware.Node.findSuccessor(Node.java:130)
	at no.hvl.dat110.chordoperations.ChordLookup.findSuccessor(ChordLookup.java:53)
	at no.hvl.dat110.middleware.Node.findSuccessor(Node.java:130)
	at no.hvl.dat110.chordoperations.ChordLookup.findSuccessor(ChordLookup.java:53)
	at no.hvl.dat110.middleware.Node.findSuccessor(Node.java:130)
	at no.hvl.dat110.chordoperations.ChordLookup.findSuccessor(ChordLookup.java:53)
	at no.hvl.dat110.middleware.Node.findSuccessor(Node.java:130)
	at no.hvl.dat110.chordoperations.ChordLookup.findSuccessor(ChordLookup.java:53)
	at no.hvl.dat110.middleware.Node.findSuccessor(Node.java:130)
	at no.hvl.dat110.chordoperations.ChordLookup.findSuccessor(ChordLookup.java:53)
	at no.hvl.dat110.middleware.Node.findSuccessor(Node.java:130)
	at no.hvl.dat110.chordoperations.ChordLookup.findSuccessor(ChordLookup.java:53)
	at no.hvl.dat110.middleware.Node.findSuccessor(Node.java:130)
	at no.hvl.dat110.chordoperations.ChordLookup.findSuccessor(ChordLookup.java:53)
	at no.hvl.dat110.middleware.Node.findSuccessor(Node.java:130)
	at no.hvl.dat110.chordoperations.ChordLookup.findSuccessor(ChordLookup.java:53)
	at no.hvl.dat110.middleware.Node.findSuccessor(Node.java:130)
	at no.hvl.dat110.chordoperations.ChordLookup.findSuccessor(ChordLookup.java:53)
	at no.hvl.dat110.middleware.Node.findSuccessor(Node.java:130)
	at no.hvl.dat110.chordoperations.ChordLookup.findSuccessor(ChordLookup.java:53)
	at no.hvl.dat110.middleware.Node.findSuccessor(Node.java:130)
	at no.hvl.dat110.chordoperations.ChordLookup.findSuccessor(ChordLookup.java:53)
	at no.hvl.dat110.middleware.Node.findSuccessor(Node.java:130)
	at no.hvl.dat110.chordoperations.ChordLookup.findSuccessor(ChordLookup.java:53)
	at no.hvl.dat110.middleware.Node.findSuccessor(Node.java:130)
	at no.hvl.dat110.chordoperations.ChordLookup.findSuccessor(ChordLookup.java:53)
	at no.hvl.dat110.middleware.Node.findSuccessor(Node.java:130)
	at no.hvl.dat110.chordoperations.ChordLookup.findSuccessor(ChordLookup.java:53)
	at no.hvl.dat110.middleware.Node.findSuccessor(Node.java:130)
	at no.hvl.dat110.chordoperations.ChordLookup.findSuccessor(ChordLookup.java:53)
	at no.hvl.dat110.middleware.Node.findSuccessor(Node.java:130)
	at no.hvl.dat110.chordoperations.ChordLookup.findSuccessor(ChordLookup.java:53)
	at no.hvl.dat110.middleware.Node.findSuccessor(Node.java:130)
	at no.hvl.dat110.chordoperations.ChordLookup.findSuccessor(ChordLookup.java:53)
	at no.hvl.dat110.middleware.Node.findSuccessor(Node.java:130)
	at no.hvl.dat110.chordoperations.ChordLookup.findSuccessor(ChordLookup.java:53)
	at no.hvl.dat110.middleware.Node.findSuccessor(Node.java:130)
	at no.hvl.dat110.chordoperations.ChordLookup.findSuccessor(ChordLookup.java:53)
	at no.hvl.dat110.middleware.Node.findSuccessor(Node.java:130)
	at no.hvl.dat110.chordoperations.ChordLookup.findSuccessor(ChordLookup.java:53)
	at no.hvl.dat110.middleware.Node.findSuccessor(Node.java:130)
	at no.hvl.dat110.chordoperations.ChordLookup.findSuccessor(ChordLookup.java:53)
	at no.hvl.dat110.middleware.Node.findSuccessor(Node.java:130)
	at no.hvl.dat110.chordoperations.ChordLookup.findSuccessor(ChordLookup.java:53)
	at no.hvl.dat110.middleware.Node.findSuccessor(Node.java:130)
	at no.hvl.dat110.chordoperations.ChordLookup.findSuccessor(ChordLookup.java:53)
	at no.hvl.dat110.middleware.Node.findSuccessor(Node.java:130)
	at no.hvl.dat110.chordoperations.ChordLookup.findSuccessor(ChordLookup.java:53)
	at no.hvl.dat110.middleware.Node.findSuccessor(Node.java:130)
	at no.hvl.dat110.chordoperations.ChordLookup.findSuccessor(ChordLookup.java:53)
	at no.hvl.dat110.middleware.Node.findSuccessor(Node.java:130)
	at no.hvl.dat110.chordoperations.ChordLookup.findSuccessor(ChordLookup.java:53)
	at no.hvl.dat110.middleware.Node.findSuccessor(Node.java:130)
	at no.hvl.dat110.chordoperations.ChordLookup.findSuccessor(ChordLookup.java:53)
	at no.hvl.dat110.middleware.Node.findSuccessor(Node.java:130)
	at no.hvl.dat110.chordoperations.ChordLookup.findSuccessor(ChordLookup.java:53)
	at no.hvl.dat110.middleware.Node.findSuccessor(Node.java:130)
	at no.hvl.dat110.chordoperations.ChordLookup.findSuccessor(ChordLookup.java:53)
	at no.hvl.dat110.middleware.Node.findSuccessor(Node.java:130)
	at no.hvl.dat110.chordoperations.ChordLookup.findSuccessor(ChordLookup.java:53)
	at no.hvl.dat110.middleware.Node.findSuccessor(Node.java:130)
	at no.hvl.dat110.chordoperations.ChordLookup.findSuccessor(ChordLookup.java:53)
	at no.hvl.dat110.middleware.Node.findSuccessor(Node.java:130)
	at no.hvl.dat110.chordoperations.ChordLookup.findSuccessor(ChordLookup.java:53)
	at no.hvl.dat110.middleware.Node.findSuccessor(Node.java:130)
	at no.hvl.dat110.chordoperations.ChordLookup.findSuccessor(ChordLookup.java:53)
	at no.hvl.dat110.middleware.Node.findSuccessor(Node.java:130)
	at no.hvl.dat110.chordoperations.ChordLookup.findSuccessor(ChordLookup.java:53)
	at no.hvl.dat110.middleware.Node.findSuccessor(Node.java:130)
	at no.hvl.dat110.chordoperations.ChordLookup.findSuccessor(ChordLookup.java:53)
	at no.hvl.dat110.middleware.Node.findSuccessor(Node.java:130)
	at no.hvl.dat110.chordoperations.ChordLookup.findSuccessor(ChordLookup.java:53)
	at no.hvl.dat110.middleware.Node.findSuccessor(Node.java:130)
	at no.hvl.dat110.chordoperations.ChordLookup.findSuccessor(ChordLookup.java:53)
	at no.hvl.dat110.middleware.Node.findSuccessor(Node.java:130)
	at no.hvl.dat110.chordoperations.ChordLookup.findSuccessor(ChordLookup.java:53)
	at no.hvl.dat110.middleware.Node.findSuccessor(Node.java:130)
	at no.hvl.dat110.chordoperations.ChordLookup.findSuccessor(ChordLookup.java:53)
	at no.hvl.dat110.middleware.Node.findSuccessor(Node.java:130)
	at no.hvl.dat110.chordoperations.ChordLookup.findSuccessor(ChordLookup.java:53)
	at no.hvl.dat110.middleware.Node.findSuccessor(Node.java:130)
	at no.hvl.dat110.chordoperations.ChordLookup.findSuccessor(ChordLookup.java:53)
	at no.hvl.dat110.middleware.Node.findSuccessor(Node.java:130)
	at no.hvl.dat110.chordoperations.ChordLookup.findSuccessor(ChordLookup.java:53)
	at no.hvl.dat110.middleware.Node.findSuccessor(Node.java:130)
	at no.hvl.dat110.chordoperations.ChordLookup.findSuccessor(ChordLookup.java:53)
	at no.hvl.dat110.middleware.Node.findSuccessor(Node.java:130)
	at no.hvl.dat110.chordoperations.ChordLookup.findSuccessor(ChordLookup.java:53)
	at no.hvl.dat110.middleware.Node.findSuccessor(Node.java:130)
	at no.hvl.dat110.chordoperations.ChordLookup.findSuccessor(ChordLookup.java:53)
	at no.hvl.dat110.middleware.Node.findSuccessor(Node.java:130)
	at no.hvl.dat110.chordoperations.ChordLookup.findSuccessor(ChordLookup.java:53)
	at no.hvl.dat110.middleware.Node.findSuccessor(Node.java:130)
	at no.hvl.dat110.chordoperations.ChordLookup.findSuccessor(ChordLookup.java:53)
	at no.hvl.dat110.middleware.Node.findSuccessor(Node.java:130)
	at no.hvl.dat110.chordoperations.ChordLookup.findSuccessor(ChordLookup.java:53)
	at no.hvl.dat110.middleware.Node.findSuccessor(Node.java:130)
	at no.hvl.dat110.chordoperations.ChordLookup.findSuccessor(ChordLookup.java:53)
	at no.hvl.dat110.middleware.Node.findSuccessor(Node.java:130)
	at no.hvl.dat110.chordoperations.ChordLookup.findSuccessor(ChordLookup.java:53)
	at no.hvl.dat110.middleware.Node.findSuccessor(Node.java:130)
	at no.hvl.dat110.chordoperations.ChordLookup.findSuccessor(ChordLookup.java:53)
	at no.hvl.dat110.middleware.Node.findSuccessor(Node.java:130)
	at no.hvl.dat110.chordoperations.ChordLookup.findSuccessor(ChordLookup.java:53)
	at no.hvl.dat110.middleware.Node.findSuccessor(Node.java:130)
	at no.hvl.dat110.chordoperations.ChordLookup.findSuccessor(ChordLookup.java:53)
	at no.hvl.dat110.middleware.Node.findSuccessor(Node.java:130)
	at no.hvl.dat110.chordoperations.ChordLookup.findSuccessor(ChordLookup.java:53)
	at no.hvl.dat110.middleware.Node.findSuccessor(Node.java:130)
	at no.hvl.dat110.chordoperations.ChordLookup.findSuccessor(ChordLookup.java:53)
	at no.hvl.dat110.middleware.Node.findSuccessor(Node.java:130)
	at no.hvl.dat110.chordoperations.ChordLookup.findSuccessor(ChordLookup.java:53)
	at no.hvl.dat110.middleware.Node.findSuccessor(Node.java:130)
	at no.hvl.dat110.chordoperations.ChordLookup.findSuccessor(ChordLookup.java:53)
	at no.hvl.dat110.middleware.Node.findSuccessor(Node.java:130)
	at no.hvl.dat110.chordoperations.ChordLookup.findSuccessor(ChordLookup.java:53)
	at no.hvl.dat110.middleware.Node.findSuccessor(Node.java:130)
	at no.hvl.dat110.chordoperations.ChordLookup.findSuccessor(ChordLookup.java:53)
	at no.hvl.dat110.middleware.Node.findSuccessor(Node.java:130)
	at no.hvl.dat110.chordoperations.ChordLookup.findSuccessor(ChordLookup.java:53)
	at no.hvl.dat110.middleware.Node.findSuccessor(Node.java:130)
	at no.hvl.dat110.chordoperations.ChordLookup.findSuccessor(ChordLookup.java:53)
	at no.hvl.dat110.middleware.Node.findSuccessor(Node.java:130)
	at no.hvl.dat110.chordoperations.ChordLookup.findSuccessor(ChordLookup.java:53)
	at no.hvl.dat110.middleware.Node.findSuccessor(Node.java:130)
	at no.hvl.dat110.chordoperations.ChordLookup.findSuccessor(ChordLookup.java:53)
	at no.hvl.dat110.middleware.Node.findSuccessor(Node.java:130)
	at no.hvl.dat110.chordoperations.ChordLookup.findSuccessor(ChordLookup.java:53)
	at no.hvl.dat110.middleware.Node.findSuccessor(Node.java:130)
	at no.hvl.dat110.chordoperations.ChordLookup.findSuccessor(ChordLookup.java:53)
	at no.hvl.dat110.middleware.Node.findSuccessor(Node.java:130)
	at no.hvl.dat110.chordoperations.ChordLookup.findSuccessor(ChordLookup.java:53)
	at no.hvl.dat110.middleware.Node.findSuccessor(Node.java:130)
	at no.hvl.dat110.chordoperations.ChordLookup.findSuccessor(ChordLookup.java:53)
	at no.hvl.dat110.middleware.Node.findSuccessor(Node.java:130)
	at no.hvl.dat110.chordoperations.ChordLookup.findSuccessor(ChordLookup.java:53)
	at no.hvl.dat110.middleware.Node.findSuccessor(Node.java:130)
	at no.hvl.dat110.chordoperations.ChordLookup.findSuccessor(ChordLookup.java:53)
	at no.hvl.dat110.middleware.Node.findSuccessor(Node.java:130)
	at no.hvl.dat110.chordoperations.ChordLookup.findSuccessor(ChordLookup.java:53)
	at no.hvl.dat110.middleware.Node.findSuccessor(Node.java:130)
	at no.hvl.dat110.chordoperations.ChordLookup.findSuccessor(ChordLookup.java:53)
	at no.hvl.dat110.middleware.Node.findSuccessor(Node.java:130)
	at no.hvl.dat110.chordoperations.ChordLookup.findSuccessor(ChordLookup.java:53)
	at no.hvl.dat110.middleware.Node.findSuccessor(Node.java:130)
	at no.hvl.dat110.chordoperations.ChordLookup.findSuccessor(ChordLookup.java:53)
	at no.hvl.dat110.middleware.Node.findSuccessor(Node.java:130)
	at no.hvl.dat110.chordoperations.ChordLookup.findSuccessor(ChordLookup.java:53)
	at no.hvl.dat110.middleware.Node.findSuccessor(Node.java:130)
	at no.hvl.dat110.chordoperations.ChordLookup.findSuccessor(ChordLookup.java:53)
	at no.hvl.dat110.middleware.Node.findSuccessor(Node.java:130)
	at no.hvl.dat110.chordoperations.ChordLookup.findSuccessor(ChordLookup.java:53)
	at no.hvl.dat110.middleware.Node.findSuccessor(Node.java:130)
	at no.hvl.dat110.chordoperations.ChordLookup.findSuccessor(ChordLookup.java:53)
	at no.hvl.dat110.middleware.Node.findSuccessor(Node.java:130)
	at no.hvl.dat110.chordoperations.ChordLookup.findSuccessor(ChordLookup.java:53)
	at no.hvl.dat110.middleware.Node.findSuccessor(Node.java:130)
	at no.hvl.dat110.chordoperations.ChordLookup.findSuccessor(ChordLookup.java:53)
	at no.hvl.dat110.middleware.Node.findSuccessor(Node.java:130)
	at no.hvl.dat110.chordoperations.ChordLookup.findSuccessor(ChordLookup.java:53)
	at no.hvl.dat110.middleware.Node.findSuccessor(Node.java:130)
	at no.hvl.dat110.chordoperations.ChordLookup.findSuccessor(ChordLookup.java:53)
	at no.hvl.dat110.middleware.Node.findSuccessor(Node.java:130)
	at no.hvl.dat110.chordoperations.ChordLookup.findSuccessor(ChordLookup.java:53)
	at no.hvl.dat110.middleware.Node.findSuccessor(Node.java:130)
	at no.hvl.dat110.chordoperations.ChordLookup.findSuccessor(ChordLookup.java:53)
	at no.hvl.dat110.middleware.Node.findSuccessor(Node.java:130)
	at no.hvl.dat110.chordoperations.ChordLookup.findSuccessor(ChordLookup.java:53)
	at no.hvl.dat110.middleware.Node.findSuccessor(Node.java:130)
	at no.hvl.dat110.chordoperations.ChordLookup.findSuccessor(ChordLookup.java:53)
	at no.hvl.dat110.middleware.Node.findSuccessor(Node.java:130)
	at no.hvl.dat110.chordoperations.ChordLookup.findSuccessor(ChordLookup.java:53)
	at no.hvl.dat110.middleware.Node.findSuccessor(Node.java:130)
	at no.hvl.dat110.chordoperations.ChordLookup.findSuccessor(ChordLookup.java:53)
	at no.hvl.dat110.middleware.Node.findSuccessor(Node.java:130)
	at no.hvl.dat110.chordoperations.ChordLookup.findSuccessor(ChordLookup.java:53)
	at no.hvl.dat110.middleware.Node.findSuccessor(Node.java:130)
	at no.hvl.dat110.chordoperations.ChordLookup.findSuccessor(ChordLookup.java:53)
	at no.hvl.dat110.middleware.Node.findSuccessor(Node.java:130)
	at no.hvl.dat110.chordoperations.ChordLookup.findSuccessor(ChordLookup.java:53)
	at no.hvl.dat110.middleware.Node.findSuccessor(Node.java:130)
	at no.hvl.dat110.chordoperations.ChordLookup.findSuccessor(ChordLookup.java:53)
	at no.hvl.dat110.middleware.Node.findSuccessor(Node.java:130)
	at no.hvl.dat110.chordoperations.ChordLookup.findSuccessor(ChordLookup.java:53)
	at no.hvl.dat110.middleware.Node.findSuccessor(Node.java:130)
	at no.hvl.dat110.chordoperations.ChordLookup.findSuccessor(ChordLookup.java:53)
	at no.hvl.dat110.middleware.Node.findSuccessor(Node.java:130)
	at no.hvl.dat110.chordoperations.ChordLookup.findSuccessor(ChordLookup.java:53)
	at no.hvl.dat110.middleware.Node.findSuccessor(Node.java:130)
	at no.hvl.dat110.chordoperations.ChordLookup.findSuccessor(ChordLookup.java:53)
	at no.hvl.dat110.middleware.Node.findSuccessor(Node.java:130)
	at no.hvl.dat110.chordoperations.ChordLookup.findSuccessor(ChordLookup.java:53)
	at no.hvl.dat110.middleware.Node.findSuccessor(Node.java:130)
	at no.hvl.dat110.chordoperations.ChordLookup.findSuccessor(ChordLookup.java:53)
	at no.hvl.dat110.middleware.Node.findSuccessor(Node.java:130)
	at no.hvl.dat110.chordoperations.ChordLookup.findSuccessor(ChordLookup.java:53)
	at no.hvl.dat110.middleware.Node.findSuccessor(Node.java:130)
	at no.hvl.dat110.chordoperations.ChordLookup.findSuccessor(ChordLookup.java:53)
	at no.hvl.dat110.middleware.Node.findSuccessor(Node.java:130)
	at no.hvl.dat110.chordoperations.ChordLookup.findSuccessor(ChordLookup.java:53)
	at no.hvl.dat110.middleware.Node.findSuccessor(Node.java:130)
	at no.hvl.dat110.chordoperations.ChordLookup.findSuccessor(ChordLookup.java:53)
	at no.hvl.dat110.middleware.Node.findSuccessor(Node.java:130)
	at no.hvl.dat110.chordoperations.ChordLookup.findSuccessor(ChordLookup.java:53)
	at no.hvl.dat110.middleware.Node.findSuccessor(Node.java:130)
	at no.hvl.dat110.chordoperations.ChordLookup.findSuccessor(ChordLookup.java:53)
	at no.hvl.dat110.middleware.Node.findSuccessor(Node.java:130)
	at no.hvl.dat110.chordoperations.ChordLookup.findSuccessor(ChordLookup.java:53)
	at no.hvl.dat110.middleware.Node.findSuccessor(Node.java:130)
	at no.hvl.dat110.chordoperations.ChordLookup.findSuccessor(ChordLookup.java:53)
	at no.hvl.dat110.middleware.Node.findSuccessor(Node.java:130)
	at no.hvl.dat110.chordoperations.ChordLookup.findSuccessor(ChordLookup.java:53)
	at no.hvl.dat110.middleware.Node.findSuccessor(Node.java:130)
	at no.hvl.dat110.chordoperations.ChordLookup.findSuccessor(ChordLookup.java:53)
	at no.hvl.dat110.middleware.Node.findSuccessor(Node.java:130)
	at no.hvl.dat110.chordoperations.ChordLookup.findSuccessor(ChordLookup.java:53)
	at no.hvl.dat110.middleware.Node.findSuccessor(Node.java:130)
	at no.hvl.dat110.chordoperations.ChordLookup.findSuccessor(ChordLookup.java:53)
	at no.hvl.dat110.middleware.Node.findSuccessor(Node.java:130)
	at no.hvl.dat110.chordoperations.ChordLookup.findSuccessor(ChordLookup.java:53)
	at no.hvl.dat110.middleware.Node.findSuccessor(Node.java:130)
	at no.hvl.dat110.chordoperations.ChordLookup.findSuccessor(ChordLookup.java:53)
	at no.hvl.dat110.middleware.Node.findSuccessor(Node.java:130)
	at no.hvl.dat110.chordoperations.ChordLookup.findSuccessor(ChordLookup.java:53)
	at no.hvl.dat110.middleware.Node.findSuccessor(Node.java:130)
	at no.hvl.dat110.chordoperations.ChordLookup.findSuccessor(ChordLookup.java:53)
	at no.hvl.dat110.middleware.Node.findSuccessor(Node.java:130)
	at no.hvl.dat110.chordoperations.ChordLookup.findSuccessor(ChordLookup.java:53)
	at no.hvl.dat110.middleware.Node.findSuccessor(Node.java:130)
	at no.hvl.dat110.chordoperations.ChordLookup.findSuccessor(ChordLookup.java:53)
	at no.hvl.dat110.middleware.Node.findSuccessor(Node.java:130)
	at no.hvl.dat110.chordoperations.ChordLookup.findSuccessor(ChordLookup.java:53)
	at no.hvl.dat110.middleware.Node.findSuccessor(Node.java:130)
	at no.hvl.dat110.chordoperations.ChordLookup.findSuccessor(ChordLookup.java:53)
	at no.hvl.dat110.middleware.Node.findSuccessor(Node.java:130)
	at no.hvl.dat110.chordoperations.ChordLookup.findSuccessor(ChordLookup.java:53)
	at no.hvl.dat110.middleware.Node.findSuccessor(Node.java:130)
	at no.hvl.dat110.chordoperations.ChordLookup.findSuccessor(ChordLookup.java:53)
	at no.hvl.dat110.middleware.Node.findSuccessor(Node.java:130)
	at no.hvl.dat110.chordoperations.ChordLookup.findSuccessor(ChordLookup.java:53)
	at no.hvl.dat110.middleware.Node.findSuccessor(Node.java:130)
	at no.hvl.dat110.chordoperations.ChordLookup.findSuccessor(ChordLookup.java:53)
	at no.hvl.dat110.middleware.Node.findSuccessor(Node.java:130)
	at no.hvl.dat110.chordoperations.ChordLookup.findSuccessor(ChordLookup.java:53)
	at no.hvl.dat110.middleware.Node.findSuccessor(Node.java:130)
	at no.hvl.dat110.chordoperations.ChordLookup.findSuccessor(ChordLookup.java:53)
	at no.hvl.dat110.middleware.Node.findSuccessor(Node.java:130)
	at no.hvl.dat110.chordoperations.ChordLookup.findSuccessor(ChordLookup.java:53)
	at no.hvl.dat110.middleware.Node.findSuccessor(Node.java:130)
	at no.hvl.dat110.chordoperations.ChordLookup.findSuccessor(ChordLookup.java:53)
	at no.hvl.dat110.middleware.Node.findSuccessor(Node.java:130)
	at no.hvl.dat110.chordoperations.ChordLookup.findSuccessor(ChordLookup.java:53)
	at no.hvl.dat110.middleware.Node.findSuccessor(Node.java:130)
	at no.hvl.dat110.chordoperations.ChordLookup.findSuccessor(ChordLookup.java:53)
	at no.hvl.dat110.middleware.Node.findSuccessor(Node.java:130)
	at no.hvl.dat110.chordoperations.ChordLookup.findSuccessor(ChordLookup.java:53)
	at no.hvl.dat110.middleware.Node.findSuccessor(Node.java:130)
	at no.hvl.dat110.chordoperations.ChordLookup.findSuccessor(ChordLookup.java:53)
	at no.hvl.dat110.middleware.Node.findSuccessor(Node.java:130)
	at no.hvl.dat110.chordoperations.ChordLookup.findSuccessor(ChordLookup.java:53)
	at no.hvl.dat110.middleware.Node.findSuccessor(Node.java:130)
	at no.hvl.dat110.chordoperations.ChordLookup.findSuccessor(ChordLookup.java:53)
	at no.hvl.dat110.middleware.Node.findSuccessor(Node.java:130)
	at no.hvl.dat110.chordoperations.ChordLookup.findSuccessor(ChordLookup.java:53)
	at no.hvl.dat110.middleware.Node.findSuccessor(Node.java:130)
	at no.hvl.dat110.chordoperations.ChordLookup.findSuccessor(ChordLookup.java:53)
	at no.hvl.dat110.middleware.Node.findSuccessor(Node.java:130)
	at no.hvl.dat110.chordoperations.ChordLookup.findSuccessor(ChordLookup.java:53)
	at no.hvl.dat110.middleware.Node.findSuccessor(Node.java:130)
	at no.hvl.dat110.chordoperations.ChordLookup.findSuccessor(ChordLookup.java:53)
	at no.hvl.dat110.middleware.Node.findSuccessor(Node.java:130)
	at no.hvl.dat110.chordoperations.ChordLookup.findSuccessor(ChordLookup.java:53)
	at no.hvl.dat110.middleware.Node.findSuccessor(Node.java:130)
	at no.hvl.dat110.chordoperations.ChordLookup.findSuccessor(ChordLookup.java:53)
	at no.hvl.dat110.middleware.Node.findSuccessor(Node.java:130)
	at no.hvl.dat110.chordoperations.ChordLookup.findSuccessor(ChordLookup.java:53)
	at no.hvl.dat110.middleware.Node.findSuccessor(Node.java:130)
	at no.hvl.dat110.chordoperations.ChordLookup.findSuccessor(ChordLookup.java:53)
	at no.hvl.dat110.middleware.Node.findSuccessor(Node.java:130)
	at no.hvl.dat110.chordoperations.ChordLookup.findSuccessor(ChordLookup.java:53)
	at no.hvl.dat110.middleware.Node.findSuccessor(Node.java:130)
	at no.hvl.dat110.chordoperations.ChordLookup.findSuccessor(ChordLookup.java:53)
	at no.hvl.dat110.middleware.Node.findSuccessor(Node.java:130)
	at no.hvl.dat110.chordoperations.ChordLookup.findSuccessor(ChordLookup.java:53)
	at no.hvl.dat110.middleware.Node.findSuccessor(Node.java:130)
	at no.hvl.dat110.chordoperations.ChordLookup.findSuccessor(ChordLookup.java:53)
	at no.hvl.dat110.middleware.Node.findSuccessor(Node.java:130)
	at no.hvl.dat110.chordoperations.ChordLookup.findSuccessor(ChordLookup.java:53)
	at no.hvl.dat110.middleware.Node.findSuccessor(Node.java:130)
	at no.hvl.dat110.chordoperations.ChordLookup.findSuccessor(ChordLookup.java:53)
	at no.hvl.dat110.middleware.Node.findSuccessor(Node.java:130)
	at no.hvl.dat110.chordoperations.ChordLookup.findSuccessor(ChordLookup.java:53)
	at no.hvl.dat110.middleware.Node.findSuccessor(Node.java:130)
	at no.hvl.dat110.chordoperations.ChordLookup.findSuccessor(ChordLookup.java:53)
	at no.hvl.dat110.middleware.Node.findSuccessor(Node.java:130)
	at no.hvl.dat110.chordoperations.ChordLookup.findSuccessor(ChordLookup.java:53)
	at no.hvl.dat110.middleware.Node.findSuccessor(Node.java:130)
	at no.hvl.dat110.chordoperations.ChordLookup.findSuccessor(ChordLookup.java:53)
	at no.hvl.dat110.middleware.Node.findSuccessor(Node.java:130)
	at no.hvl.dat110.chordoperations.ChordLookup.findSuccessor(ChordLookup.java:53)
	at no.hvl.dat110.middleware.Node.findSuccessor(Node.java:130)
	at no.hvl.dat110.chordoperations.ChordLookup.findSuccessor(ChordLookup.java:53)
	at no.hvl.dat110.middleware.Node.findSuccessor(Node.java:130)
	at no.hvl.dat110.chordoperations.ChordLookup.findSuccessor(ChordLookup.java:53)
	at no.hvl.dat110.middleware.Node.findSuccessor(Node.java:130)
	at no.hvl.dat110.chordoperations.ChordLookup.findSuccessor(ChordLookup.java:53)
	at no.hvl.dat110.middleware.Node.findSuccessor(Node.java:130)
	at no.hvl.dat110.chordoperations.ChordLookup.findSuccessor(ChordLookup.java:53)
	at no.hvl.dat110.middleware.Node.findSuccessor(Node.java:130)
	at no.hvl.dat110.chordoperations.ChordLookup.findSuccessor(ChordLookup.java:53)
	at no.hvl.dat110.middleware.Node.findSuccessor(Node.java:130)
	at no.hvl.dat110.chordoperations.ChordLookup.findSuccessor(ChordLookup.java:53)
	at no.hvl.dat110.middleware.Node.findSuccessor(Node.java:130)
	at no.hvl.dat110.chordoperations.ChordLookup.findSuccessor(ChordLookup.java:53)
	at no.hvl.dat110.middleware.Node.findSuccessor(Node.java:130)
	at no.hvl.dat110.chordoperations.ChordLookup.findSuccessor(ChordLookup.java:53)
	at no.hvl.dat110.middleware.Node.findSuccessor(Node.java:130)
	at no.hvl.dat110.chordoperations.ChordLookup.findSuccessor(ChordLookup.java:53)
	at no.hvl.dat110.middleware.Node.findSuccessor(Node.java:130)
	at no.hvl.dat110.chordoperations.ChordLookup.findSuccessor(ChordLookup.java:53)
	at no.hvl.dat110.middleware.Node.findSuccessor(Node.java:130)
	at no.hvl.dat110.chordoperations.ChordLookup.findSuccessor(ChordLookup.java:53)
	at no.hvl.dat110.middleware.Node.findSuccessor(Node.java:130)
	at no.hvl.dat110.chordoperations.ChordLookup.findSuccessor(ChordLookup.java:53)
	at no.hvl.dat110.middleware.Node.findSuccessor(Node.java:130)
	at no.hvl.dat110.chordoperations.ChordLookup.findSuccessor(ChordLookup.java:53)
	at no.hvl.dat110.middleware.Node.findSuccessor(Node.java:130)
	at no.hvl.dat110.chordoperations.ChordLookup.findSuccessor(ChordLookup.java:53)
	at no.hvl.dat110.middleware.Node.findSuccessor(Node.java:130)
	at no.hvl.dat110.chordoperations.ChordLookup.findSuccessor(ChordLookup.java:53)
	at no.hvl.dat110.middleware.Node.findSuccessor(Node.java:130)
	at no.hvl.dat110.chordoperations.ChordLookup.findSuccessor(ChordLookup.java:53)
	at no.hvl.dat110.middleware.Node.findSuccessor(Node.java:130)
	at no.hvl.dat110.chordoperations.ChordLookup.findSuccessor(ChordLookup.java:53)
	at no.hvl.dat110.middleware.Node.findSuccessor(Node.java:130)
	at no.hvl.dat110.chordoperations.ChordLookup.findSuccessor(ChordLookup.java:53)
	at no.hvl.dat110.middleware.Node.findSuccessor(Node.java:130)
	at no.hvl.dat110.chordoperations.ChordLookup.findSuccessor(ChordLookup.java:53)
	at no.hvl.dat110.middleware.Node.findSuccessor(Node.java:130)
	at no.hvl.dat110.chordoperations.ChordLookup.findSuccessor(ChordLookup.java:53)
	at no.hvl.dat110.middleware.Node.findSuccessor(Node.java:130)
	at no.hvl.dat110.chordoperations.ChordLookup.findSuccessor(ChordLookup.java:53)
	at no.hvl.dat110.middleware.Node.findSuccessor(Node.java:130)
	at no.hvl.dat110.chordoperations.ChordLookup.findSuccessor(ChordLookup.java:53)
	at no.hvl.dat110.middleware.Node.findSuccessor(Node.java:130)
	at no.hvl.dat110.chordoperations.ChordLookup.findSuccessor(ChordLookup.java:53)
	at no.hvl.dat110.middleware.Node.findSuccessor(Node.java:130)
	at no.hvl.dat110.chordoperations.ChordLookup.findSuccessor(ChordLookup.java:53)
	at no.hvl.dat110.middleware.Node.findSuccessor(Node.java:130)
	at no.hvl.dat110.chordoperations.ChordLookup.findSuccessor(ChordLookup.java:53)
	at no.hvl.dat110.middleware.Node.findSuccessor(Node.java:130)
	at no.hvl.dat110.chordoperations.ChordLookup.findSuccessor(ChordLookup.java:53)
	at no.hvl.dat110.middleware.Node.findSuccessor(Node.java:130)
	at no.hvl.dat110.chordoperations.ChordLookup.findSuccessor(ChordLookup.java:53)
	at no.hvl.dat110.middleware.Node.findSuccessor(Node.java:130)
	at no.hvl.dat110.chordoperations.ChordLookup.findSuccessor(ChordLookup.java:53)
	at no.hvl.dat110.middleware.Node.findSuccessor(Node.java:130)
	at no.hvl.dat110.chordoperations.ChordLookup.findSuccessor(ChordLookup.java:53)
	at no.hvl.dat110.middleware.Node.findSuccessor(Node.java:130)
	at no.hvl.dat110.chordoperations.ChordLookup.findSuccessor(ChordLookup.java:53)
	at no.hvl.dat110.middleware.Node.findSuccessor(Node.java:130)
	at no.hvl.dat110.chordoperations.ChordLookup.findSuccessor(ChordLookup.java:53)
	at no.hvl.dat110.middleware.Node.findSuccessor(Node.java:130)
	at no.hvl.dat110.chordoperations.ChordLookup.findSuccessor(ChordLookup.java:53)
	at no.hvl.dat110.middleware.Node.findSuccessor(Node.java:130)
	at no.hvl.dat110.chordoperations.ChordLookup.findSuccessor(ChordLookup.java:53)
	at no.hvl.dat110.middleware.Node.findSuccessor(Node.java:130)
	at no.hvl.dat110.chordoperations.ChordLookup.findSuccessor(ChordLookup.java:53)
	at no.hvl.dat110.middleware.Node.findSuccessor(Node.java:130)
	at no.hvl.dat110.chordoperations.ChordLookup.findSuccessor(ChordLookup.java:53)
	at no.hvl.dat110.middleware.Node.findSuccessor(Node.java:130)
	at no.hvl.dat110.chordoperations.ChordLookup.findSuccessor(ChordLookup.java:53)
	at no.hvl.dat110.middleware.Node.findSuccessor(Node.java:130)
	at no.hvl.dat110.chordoperations.ChordLookup.findSuccessor(ChordLookup.java:53)
	at no.hvl.dat110.middleware.Node.findSuccessor(Node.java:130)
	at no.hvl.dat110.chordoperations.ChordLookup.findSuccessor(ChordLookup.java:53)
	at no.hvl.dat110.middleware.Node.findSuccessor(Node.java:130)
	at no.hvl.dat110.chordoperations.ChordLookup.findSuccessor(ChordLookup.java:53)
	at no.hvl.dat110.middleware.Node.findSuccessor(Node.java:130)
	at no.hvl.dat110.chordoperations.ChordLookup.findSuccessor(ChordLookup.java:53)
	at no.hvl.dat110.middleware.Node.findSuccessor(Node.java:130)
	at no.hvl.dat110.chordoperations.ChordLookup.findSuccessor(ChordLookup.java:53)
	at no.hvl.dat110.middleware.Node.findSuccessor(Node.java:130)
	at no.hvl.dat110.chordoperations.ChordLookup.findSuccessor(ChordLookup.java:53)
	at no.hvl.dat110.middleware.Node.findSuccessor(Node.java:130)
	at no.hvl.dat110.chordoperations.ChordLookup.findSuccessor(ChordLookup.java:53)
	at no.hvl.dat110.middleware.Node.findSuccessor(Node.java:130)
	at no.hvl.dat110.chordoperations.ChordLookup.findSuccessor(ChordLookup.java:53)
	at no.hvl.dat110.middleware.Node.findSuccessor(Node.java:130)
	at no.hvl.dat110.chordoperations.ChordLookup.findSuccessor(ChordLookup.java:53)
	at no.hvl.dat110.middleware.Node.findSuccessor(Node.java:130)
	at no.hvl.dat110.chordoperations.ChordLookup.findSuccessor(ChordLookup.java:53)
	at no.hvl.dat110.middleware.Node.findSuccessor(Node.java:130)
	at no.hvl.dat110.chordoperations.ChordLookup.findSuccessor(ChordLookup.java:53)
	at no.hvl.dat110.middleware.Node.findSuccessor(Node.java:130)
	at no.hvl.dat110.chordoperations.ChordLookup.findSuccessor(ChordLookup.java:53)
	at no.hvl.dat110.middleware.Node.findSuccessor(Node.java:130)
	at no.hvl.dat110.chordoperations.ChordLookup.findSuccessor(ChordLookup.java:53)
	at no.hvl.dat110.middleware.Node.findSuccessor(Node.java:130)
	at no.hvl.dat110.chordoperations.ChordLookup.findSuccessor(ChordLookup.java:53)
	at no.hvl.dat110.middleware.Node.findSuccessor(Node.java:130)
	at no.hvl.dat110.chordoperations.ChordLookup.findSuccessor(ChordLookup.java:53)
	at no.hvl.dat110.middleware.Node.findSuccessor(Node.java:130)
	at no.hvl.dat110.chordoperations.ChordLookup.findSuccessor(ChordLookup.java:53)
	at no.hvl.dat110.middleware.Node.findSuccessor(Node.java:130)
	at no.hvl.dat110.chordoperations.ChordLookup.findSuccessor(ChordLookup.java:53)
	at no.hvl.dat110.middleware.Node.findSuccessor(Node.java:130)
	at no.hvl.dat110.chordoperations.ChordLookup.findSuccessor(ChordLookup.java:53)
	at no.hvl.dat110.middleware.Node.findSuccessor(Node.java:130)
	at no.hvl.dat110.chordoperations.ChordLookup.findSuccessor(ChordLookup.java:53)
	at no.hvl.dat110.middleware.Node.findSuccessor(Node.java:130)
	at no.hvl.dat110.chordoperations.ChordLookup.findSuccessor(ChordLookup.java:53)
	at no.hvl.dat110.middleware.Node.findSuccessor(Node.java:130)
	at no.hvl.dat110.chordoperations.ChordLookup.findSuccessor(ChordLookup.java:53)
	at no.hvl.dat110.middleware.Node.findSuccessor(Node.java:130)
	at no.hvl.dat110.chordoperations.ChordLookup.findSuccessor(ChordLookup.java:53)
	at no.hvl.dat110.middleware.Node.findSuccessor(Node.java:130)
	at no.hvl.dat110.chordoperations.ChordLookup.findSuccessor(ChordLookup.java:53)
	at no.hvl.dat110.middleware.Node.findSuccessor(Node.java:130)
	at no.hvl.dat110.chordoperations.ChordLookup.findSuccessor(ChordLookup.java:53)
	at no.hvl.dat110.middleware.Node.findSuccessor(Node.java:130)
	at no.hvl.dat110.chordoperations.ChordLookup.findSuccessor(ChordLookup.java:53)
	at no.hvl.dat110.middleware.Node.findSuccessor(Node.java:130)
	at no.hvl.dat110.chordoperations.ChordLookup.findSuccessor(ChordLookup.java:53)
	at no.hvl.dat110.middleware.Node.findSuccessor(Node.java:130)
	at no.hvl.dat110.chordoperations.ChordLookup.findSuccessor(ChordLookup.java:53)
	at no.hvl.dat110.middleware.Node.findSuccessor(Node.java:130)
	at no.hvl.dat110.chordoperations.ChordLookup.findSuccessor(ChordLookup.java:53)
	at no.hvl.dat110.middleware.Node.findSuccessor(Node.java:130)
	at no.hvl.dat110.chordoperations.ChordLookup.findSuccessor(ChordLookup.java:53)
	at no.hvl.dat110.middleware.Node.findSuccessor(Node.java:130)
	at no.hvl.dat110.chordoperations.ChordLookup.findSuccessor(ChordLookup.java:53)
	at no.hvl.dat110.middleware.Node.findSuccessor(Node.java:130)
	at no.hvl.dat110.chordoperations.ChordLookup.findSuccessor(ChordLookup.java:53)
	at no.hvl.dat110.middleware.Node.findSuccessor(Node.java:130)
	at no.hvl.dat110.chordoperations.ChordLookup.findSuccessor(ChordLookup.java:53)
	at no.hvl.dat110.middleware.Node.findSuccessor(Node.java:130)
	at no.hvl.dat110.chordoperations.ChordLookup.findSuccessor(ChordLookup.java:53)
	at no.hvl.dat110.middleware.Node.findSuccessor(Node.java:130)
	at no.hvl.dat110.chordoperations.ChordLookup.findSuccessor(ChordLookup.java:53)
	at no.hvl.dat110.middleware.Node.findSuccessor(Node.java:130)
	at no.hvl.dat110.chordoperations.ChordLookup.findSuccessor(ChordLookup.java:53)
	at no.hvl.dat110.middleware.Node.findSuccessor(Node.java:130)
	at no.hvl.dat110.chordoperations.ChordLookup.findSuccessor(ChordLookup.java:53)
	at no.hvl.dat110.middleware.Node.findSuccessor(Node.java:130)
	at no.hvl.dat110.chordoperations.ChordLookup.findSuccessor(ChordLookup.java:53)
	at no.hvl.dat110.middleware.Node.findSuccessor(Node.java:130)
	at no.hvl.dat110.chordoperations.ChordLookup.findSuccessor(ChordLookup.java:53)
	at no.hvl.dat110.middleware.Node.findSuccessor(Node.java:130)
	at no.hvl.dat110.chordoperations.ChordLookup.findSuccessor(ChordLookup.java:53)
	at no.hvl.dat110.middleware.Node.findSuccessor(Node.java:130)
	at no.hvl.dat110.chordoperations.ChordLookup.findSuccessor(ChordLookup.java:53)
	at no.hvl.dat110.middleware.Node.findSuccessor(Node.java:130)
	at no.hvl.dat110.chordoperations.ChordLookup.findSuccessor(ChordLookup.java:53)
	at no.hvl.dat110.middleware.Node.findSuccessor(Node.java:130)
	at no.hvl.dat110.chordoperations.ChordLookup.findSuccessor(ChordLookup.java:53)
	at no.hvl.dat110.middleware.Node.findSuccessor(Node.java:130)
	at no.hvl.dat110.chordoperations.ChordLookup.findSuccessor(ChordLookup.java:53)
	at no.hvl.dat110.middleware.Node.findSuccessor(Node.java:130)
	at no.hvl.dat110.chordoperations.ChordLookup.findSuccessor(ChordLookup.java:53)
	at no.hvl.dat110.middleware.Node.findSuccessor(Node.java:130)
	at no.hvl.dat110.chordoperations.ChordLookup.findSuccessor(ChordLookup.java:53)
	at no.hvl.dat110.middleware.Node.findSuccessor(Node.java:130)
	at no.hvl.dat110.chordoperations.ChordLookup.findSuccessor(ChordLookup.java:53)
	at no.hvl.dat110.middleware.Node.findSuccessor(Node.java:130)
	at no.hvl.dat110.chordoperations.ChordLookup.findSuccessor(ChordLookup.java:53)
	at no.hvl.dat110.middleware.Node.findSuccessor(Node.java:130)
	at no.hvl.dat110.chordoperations.ChordLookup.findSuccessor(ChordLookup.java:53)
	at no.hvl.dat110.middleware.Node.findSuccessor(Node.java:130)
	at no.hvl.dat110.chordoperations.ChordLookup.findSuccessor(ChordLookup.java:53)
	at no.hvl.dat110.middleware.Node.findSuccessor(Node.java:130)
	at no.hvl.dat110.chordoperations.ChordLookup.findSuccessor(ChordLookup.java:53)
	at no.hvl.dat110.middleware.Node.findSuccessor(Node.java:130)
	at no.hvl.dat110.chordoperations.ChordLookup.findSuccessor(ChordLookup.java:53)
	at no.hvl.dat110.middleware.Node.findSuccessor(Node.java:130)
	at no.hvl.dat110.chordoperations.ChordLookup.findSuccessor(ChordLookup.java:53)
	at no.hvl.dat110.middleware.Node.findSuccessor(Node.java:130)
	at no.hvl.dat110.chordoperations.ChordLookup.findSuccessor(ChordLookup.java:53)
	at no.hvl.dat110.middleware.Node.findSuccessor(Node.java:130)
	at no.hvl.dat110.chordoperations.ChordLookup.findSuccessor(ChordLookup.java:53)
	at no.hvl.dat110.middleware.Node.findSuccessor(Node.java:130)
	at no.hvl.dat110.chordoperations.ChordLookup.findSuccessor(ChordLookup.java:53)
	at no.hvl.dat110.middleware.Node.findSuccessor(Node.java:130)
	at no.hvl.dat110.chordoperations.ChordLookup.findSuccessor(ChordLookup.java:53)
	at no.hvl.dat110.middleware.Node.findSuccessor(Node.java:130)
	at no.hvl.dat110.chordoperations.ChordLookup.findSuccessor(ChordLookup.java:53)
	at no.hvl.dat110.middleware.Node.findSuccessor(Node.java:130)
	at no.hvl.dat110.chordoperations.ChordLookup.findSuccessor(ChordLookup.java:53)
	at no.hvl.dat110.middleware.Node.findSuccessor(Node.java:130)
	at no.hvl.dat110.chordoperations.ChordLookup.findSuccessor(ChordLookup.java:53)
	at no.hvl.dat110.middleware.Node.findSuccessor(Node.java:130)
	at no.hvl.dat110.chordoperations.ChordLookup.findSuccessor(ChordLookup.java:53)
	at no.hvl.dat110.middleware.Node.findSuccessor(Node.java:130)
	at no.hvl.dat110.chordoperations.ChordLookup.findSuccessor(ChordLookup.java:53)
	at no.hvl.dat110.middleware.Node.findSuccessor(Node.java:130)
	at no.hvl.dat110.chordoperations.ChordLookup.findSuccessor(ChordLookup.java:53)
	at no.hvl.dat110.middleware.Node.findSuccessor(Node.java:130)
	at no.hvl.dat110.chordoperations.ChordLookup.findSuccessor(ChordLookup.java:53)
	at no.hvl.dat110.middleware.Node.findSuccessor(Node.java:130)
	at no.hvl.dat110.chordoperations.ChordLookup.findSuccessor(ChordLookup.java:53)
	at no.hvl.dat110.middleware.Node.findSuccessor(Node.java:130)
	at no.hvl.dat110.chordoperations.ChordLookup.findSuccessor(ChordLookup.java:53)
	at no.hvl.dat110.middleware.Node.findSuccessor(Node.java:130)
	at no.hvl.dat110.chordoperations.ChordLookup.findSuccessor(ChordLookup.java:53)
	at no.hvl.dat110.middleware.Node.findSuccessor(Node.java:130)
	at no.hvl.dat110.chordoperations.ChordLookup.findSuccessor(ChordLookup.java:53)
	at no.hvl.dat110.middleware.Node.findSuccessor(Node.java:130)
	at no.hvl.dat110.chordoperations.ChordLookup.findSuccessor(ChordLookup.java:53)
	at no.hvl.dat110.middleware.Node.findSuccessor(Node.java:130)
	at no.hvl.dat110.chordoperations.ChordLookup.findSuccessor(ChordLookup.java:53)
	at no.hvl.dat110.middleware.Node.findSuccessor(Node.java:130)
	at no.hvl.dat110.chordoperations.ChordLookup.findSuccessor(ChordLookup.java:53)
	at no.hvl.dat110.middleware.Node.findSuccessor(Node.java:130)
	at no.hvl.dat110.chordoperations.ChordLookup.findSuccessor(ChordLookup.java:53)
	at no.hvl.dat110.middleware.Node.findSuccessor(Node.java:130)
	at no.hvl.dat110.chordoperations.ChordLookup.findSuccessor(ChordLookup.java:53)
	at no.hvl.dat110.middleware.Node.findSuccessor(Node.java:130)
	at no.hvl.dat110.chordoperations.ChordLookup.findSuccessor(ChordLookup.java:53)
	at no.hvl.dat110.middleware.Node.findSuccessor(Node.java:130)
	at no.hvl.dat110.chordoperations.ChordLookup.findSuccessor(ChordLookup.java:53)
	at no.hvl.dat110.middleware.Node.findSuccessor(Node.java:130)
	at no.hvl.dat110.chordoperations.ChordLookup.findSuccessor(ChordLookup.java:53)
	at no.hvl.dat110.middleware.Node.findSuccessor(Node.java:130)
	at no.hvl.dat110.chordoperations.ChordLookup.findSuccessor(ChordLookup.java:53)
	at no.hvl.dat110.middleware.Node.findSuccessor(Node.java:130)
	at no.hvl.dat110.chordoperations.ChordLookup.findSuccessor(ChordLookup.java:53)
	at no.hvl.dat110.middleware.Node.findSuccessor(Node.java:130)
	at no.hvl.dat110.chordoperations.ChordLookup.findSuccessor(ChordLookup.java:53)
	at no.hvl.dat110.middleware.Node.findSuccessor(Node.java:130)
	at no.hvl.dat110.chordoperations.ChordLookup.findSuccessor(ChordLookup.java:53)
	at no.hvl.dat110.middleware.Node.findSuccessor(Node.java:130)
	at no.hvl.dat110.chordoperations.ChordLookup.findSuccessor(ChordLookup.java:53)
	at no.hvl.dat110.middleware.Node.findSuccessor(Node.java:130)
	at no.hvl.dat110.chordoperations.ChordLookup.findSuccessor(ChordLookup.java:53)
	at no.hvl.dat110.middleware.Node.findSuccessor(Node.java:130)
	at no.hvl.dat110.chordoperations.ChordLookup.findSuccessor(ChordLookup.java:53)
	at no.hvl.dat110.middleware.Node.findSuccessor(Node.java:130)
	at no.hvl.dat110.chordoperations.ChordLookup.findSuccessor(ChordLookup.java:53)
	at no.hvl.dat110.middleware.Node.findSuccessor(Node.java:130)
	at no.hvl.dat110.chordoperations.ChordLookup.findSuccessor(ChordLookup.java:53)
	at no.hvl.dat110.middleware.Node.findSuccessor(Node.java:130)
	at no.hvl.dat110.chordoperations.ChordLookup.findSuccessor(ChordLookup.java:53)
	at no.hvl.dat110.middleware.Node.findSuccessor(Node.java:130)
	at no.hvl.dat110.chordoperations.ChordLookup.findSuccessor(ChordLookup.java:53)
	at no.hvl.dat110.middleware.Node.findSuccessor(Node.java:130)
	at no.hvl.dat110.chordoperations.ChordLookup.findSuccessor(ChordLookup.java:53)
	at no.hvl.dat110.middleware.Node.findSuccessor(Node.java:130)
	at no.hvl.dat110.chordoperations.ChordLookup.findSuccessor(ChordLookup.java:53)
	at no.hvl.dat110.middleware.Node.findSuccessor(Node.java:130)
	at no.hvl.dat110.chordoperations.ChordLookup.findSuccessor(ChordLookup.java:53)
	at no.hvl.dat110.middleware.Node.findSuccessor(Node.java:130)
	at no.hvl.dat110.chordoperations.ChordLookup.findSuccessor(ChordLookup.java:53)
	at no.hvl.dat110.middleware.Node.findSuccessor(Node.java:130)
	at no.hvl.dat110.chordoperations.ChordLookup.findSuccessor(ChordLookup.java:53)
	at no.hvl.dat110.middleware.Node.findSuccessor(Node.java:130)
	at no.hvl.dat110.chordoperations.ChordLookup.findSuccessor(ChordLookup.java:53)
	at no.hvl.dat110.middleware.Node.findSuccessor(Node.java:130)
	at no.hvl.dat110.chordoperations.ChordLookup.findSuccessor(ChordLookup.java:53)
	at no.hvl.dat110.middleware.Node.findSuccessor(Node.java:130)
	at no.hvl.dat110.chordoperations.ChordLookup.findSuccessor(ChordLookup.java:53)
	at no.hvl.dat110.middleware.Node.findSuccessor(Node.java:130)
	at no.hvl.dat110.chordoperations.ChordLookup.findSuccessor(ChordLookup.java:53)
	at no.hvl.dat110.middleware.Node.findSuccessor(Node.java:130)
	at no.hvl.dat110.chordoperations.ChordLookup.findSuccessor(ChordLookup.java:53)
	at no.hvl.dat110.middleware.Node.findSuccessor(Node.java:130)
	at no.hvl.dat110.chordoperations.ChordLookup.findSuccessor(ChordLookup.java:53)
	at no.hvl.dat110.middleware.Node.findSuccessor(Node.java:130)
	at no.hvl.dat110.chordoperations.ChordLookup.findSuccessor(ChordLookup.java:53)
	at no.hvl.dat110.middleware.Node.findSuccessor(Node.java:130)
	at no.hvl.dat110.chordoperations.ChordLookup.findSuccessor(ChordLookup.java:53)
	at no.hvl.dat110.middleware.Node.findSuccessor(Node.java:130)
	at no.hvl.dat110.chordoperations.ChordLookup.findSuccessor(ChordLookup.java:53)
	at no.hvl.dat110.middleware.Node.findSuccessor(Node.java:130)
	at no.hvl.dat110.chordoperations.ChordLookup.findSuccessor(ChordLookup.java:53)
	at no.hvl.dat110.middleware.Node.findSuccessor(Node.java:130)
	at no.hvl.dat110.chordoperations.ChordLookup.findSuccessor(ChordLookup.java:53)
	at no.hvl.dat110.middleware.Node.findSuccessor(Node.java:130)
	at no.hvl.dat110.chordoperations.ChordLookup.findSuccessor(ChordLookup.java:53)
	at no.hvl.dat110.middleware.Node.findSuccessor(Node.java:130)
	at no.hvl.dat110.chordoperations.ChordLookup.findSuccessor(ChordLookup.java:53)
	at no.hvl.dat110.middleware.Node.findSuccessor(Node.java:130)
	at no.hvl.dat110.chordoperations.ChordLookup.findSuccessor(ChordLookup.java:53)
	at no.hvl.dat110.middleware.Node.findSuccessor(Node.java:130)
	at no.hvl.dat110.chordoperations.ChordLookup.findSuccessor(ChordLookup.java:53)
	at no.hvl.dat110.middleware.Node.findSuccessor(Node.java:130)
	at no.hvl.dat110.chordoperations.ChordLookup.findSuccessor(ChordLookup.java:53)
	at no.hvl.dat110.middleware.Node.findSuccessor(Node.java:130)
	at no.hvl.dat110.chordoperations.ChordLookup.findSuccessor(ChordLookup.java:53)
	at no.hvl.dat110.middleware.Node.findSuccessor(Node.java:130)
	at no.hvl.dat110.chordoperations.ChordLookup.findSuccessor(ChordLookup.java:53)
	at no.hvl.dat110.middleware.Node.findSuccessor(Node.java:130)
	at no.hvl.dat110.chordoperations.ChordLookup.findSuccessor(ChordLookup.java:53)
	at no.hvl.dat110.middleware.Node.findSuccessor(Node.java:130)
	at no.hvl.dat110.chordoperations.ChordLookup.findSuccessor(ChordLookup.java:53)
	at no.hvl.dat110.middleware.Node.findSuccessor(Node.java:130)
	at no.hvl.dat110.chordoperations.ChordLookup.findSuccessor(ChordLookup.java:53)
	at no.hvl.dat110.middleware.Node.findSuccessor(Node.java:130)
	at no.hvl.dat110.chordoperations.ChordLookup.findSuccessor(ChordLookup.java:53)
	at no.hvl.dat110.middleware.Node.findSuccessor(Node.java:130)
	at no.hvl.dat110.chordoperations.ChordLookup.findSuccessor(ChordLookup.java:53)
	at no.hvl.dat110.middleware.Node.findSuccessor(Node.java:130)
	at no.hvl.dat110.chordoperations.ChordLookup.findSuccessor(ChordLookup.java:53)
	at no.hvl.dat110.middleware.Node.findSuccessor(Node.java:130)
	at no.hvl.dat110.chordoperations.ChordLookup.findSuccessor(ChordLookup.java:53)
	at no.hvl.dat110.middleware.Node.findSuccessor(Node.java:130)
	at no.hvl.dat110.chordoperations.ChordLookup.findSuccessor(ChordLookup.java:53)
	at no.hvl.dat110.middleware.Node.findSuccessor(Node.java:130)
	at no.hvl.dat110.chordoperations.ChordLookup.findSuccessor(ChordLookup.java:53)
	at no.hvl.dat110.middleware.Node.findSuccessor(Node.java:130)
	at no.hvl.dat110.chordoperations.ChordLookup.findSuccessor(ChordLookup.java:53)
	at no.hvl.dat110.middleware.Node.findSuccessor(Node.java:130)
	at no.hvl.dat110.chordoperations.ChordLookup.findSuccessor(ChordLookup.java:53)
	at no.hvl.dat110.middleware.Node.findSuccessor(Node.java:130)
	at no.hvl.dat110.chordoperations.ChordLookup.findSuccessor(ChordLookup.java:53)
	at no.hvl.dat110.middleware.Node.findSuccessor(Node.java:130)
	at no.hvl.dat110.chordoperations.ChordLookup.findSuccessor(ChordLookup.java:53)
	at no.hvl.dat110.middleware.Node.findSuccessor(Node.java:130)
	at no.hvl.dat110.chordoperations.ChordLookup.findSuccessor(ChordLookup.java:53)
	at no.hvl.dat110.middleware.Node.findSuccessor(Node.java:130)
	at no.hvl.dat110.chordoperations.ChordLookup.findSuccessor(ChordLookup.java:53)
	at no.hvl.dat110.middleware.Node.findSuccessor(Node.java:130)
	at no.hvl.dat110.chordoperations.ChordLookup.findSuccessor(ChordLookup.java:53)
	at no.hvl.dat110.middleware.Node.findSuccessor(Node.java:130)
	at no.hvl.dat110.chordoperations.ChordLookup.findSuccessor(ChordLookup.java:53)
	at no.hvl.dat110.middleware.Node.findSuccessor(Node.java:130)
	at no.hvl.dat110.chordoperations.ChordLookup.findSuccessor(ChordLookup.java:53)
	at no.hvl.dat110.middleware.Node.findSuccessor(Node.java:130)
	at no.hvl.dat110.chordoperations.ChordLookup.findSuccessor(ChordLookup.java:53)
	at no.hvl.dat110.middleware.Node.findSuccessor(Node.java:130)
	at no.hvl.dat110.chordoperations.ChordLookup.findSuccessor(ChordLookup.java:53)
	at no.hvl.dat110.middleware.Node.findSuccessor(Node.java:130)
	at no.hvl.dat110.chordoperations.ChordLookup.findSuccessor(ChordLookup.java:53)
	at no.hvl.dat110.middleware.Node.findSuccessor(Node.java:130)
	at no.hvl.dat110.chordoperations.ChordLookup.findSuccessor(ChordLookup.java:53)
	at no.hvl.dat110.middleware.Node.findSuccessor(Node.java:130)
	at no.hvl.dat110.chordoperations.ChordLookup.findSuccessor(ChordLookup.java:53)
	at no.hvl.dat110.middleware.Node.findSuccessor(Node.java:130)
	at no.hvl.dat110.chordoperations.ChordLookup.findSuccessor(ChordLookup.java:53)
	at no.hvl.dat110.middleware.Node.findSuccessor(Node.java:130)
	at no.hvl.dat110.chordoperations.ChordLookup.findSuccessor(ChordLookup.java:53)
	at no.hvl.dat110.middleware.Node.findSuccessor(Node.java:130)
	at no.hvl.dat110.chordoperations.ChordLookup.findSuccessor(ChordLookup.java:53)
	at no.hvl.dat110.middleware.Node.findSuccessor(Node.java:130)
	at no.hvl.dat110.chordoperations.ChordLookup.findSuccessor(ChordLookup.java:53)
	at no.hvl.dat110.middleware.Node.findSuccessor(Node.java:130)
	at no.hvl.dat110.chordoperations.ChordLookup.findSuccessor(ChordLookup.java:53)
	at no.hvl.dat110.middleware.Node.findSuccessor(Node.java:130)
	at no.hvl.dat110.chordoperations.ChordLookup.findSuccessor(ChordLookup.java:53)
	at no.hvl.dat110.middleware.Node.findSuccessor(Node.java:130)
	at no.hvl.dat110.chordoperations.ChordLookup.findSuccessor(ChordLookup.java:53)
	at no.hvl.dat110.middleware.Node.findSuccessor(Node.java:130)
	at no.hvl.dat110.chordoperations.ChordLookup.findSuccessor(ChordLookup.java:53)
	at no.hvl.dat110.middleware.Node.findSuccessor(Node.java:130)
	at no.hvl.dat110.chordoperations.ChordLookup.findSuccessor(ChordLookup.java:53)
	at no.hvl.dat110.middleware.Node.findSuccessor(Node.java:130)
	at no.hvl.dat110.chordoperations.ChordLookup.findSuccessor(ChordLookup.java:53)
	at no.hvl.dat110.middleware.Node.findSuccessor(Node.java:130)
	at no.hvl.dat110.chordoperations.ChordLookup.findSuccessor(ChordLookup.java:53)
	at no.hvl.dat110.middleware.Node.findSuccessor(Node.java:130)
	at no.hvl.dat110.chordoperations.ChordLookup.findSuccessor(ChordLookup.java:53)
	at no.hvl.dat110.middleware.Node.findSuccessor(Node.java:130)
]]></error>
    <system-out><![CDATA[2025-03-24 13:13:50 INFO  NodeServer:50 - process1 server is running... 
process1:9091
2025-03-24 13:13:50 INFO  ChordProtocols:109 - New ring created. Node = process1 | Successor = process1 | Predecessor = null
2025-03-24 13:13:52 INFO  NodeServer:50 - process2 server is running... 
process1:9091
2025-03-24 13:13:52 INFO  ChordProtocols:69 - JoinRing-randomNode = process1
2025-03-24 13:13:52 ERROR ChordProtocols:90 - Error occurred in server thread; nested exception is: 
	java.lang.StackOverflowError
2025-03-24 13:13:54 INFO  NodeServer:50 - process3 server is running... 
process1:9091
2025-03-24 13:13:54 INFO  ChordProtocols:69 - JoinRing-randomNode = process1
2025-03-24 13:13:54 ERROR ChordProtocols:90 - Error occurred in server thread; nested exception is: 
	java.lang.StackOverflowError
2025-03-24 13:13:55 INFO  StabilizationProtocols:130 - Updating the successor for Node: process1
2025-03-24 13:13:55 INFO  StabilizationProtocols:165 - Finished updating the successor for Node: process1
2025-03-24 13:13:55 INFO  StabilizationProtocols:84 - Stabilizing ring from process1...
2025-03-24 13:13:55 INFO  StabilizationProtocols:91 - Stabilize ring: succnode = process1
2025-03-24 13:13:55 INFO  StabilizationProtocols:113 - Finished stabilizing chordring from process1
2025-03-24 13:13:55 INFO  ChordProtocols:159 - Fixing the FingerTable for the Node: process1
2025-03-24 13:13:56 INFO  NodeServer:50 - process4 server is running... 
process1:9091
2025-03-24 13:13:56 INFO  ChordProtocols:69 - JoinRing-randomNode = process1
2025-03-24 13:13:56 ERROR ChordProtocols:90 - Error occurred in server thread; nested exception is: 
	java.lang.StackOverflowError
2025-03-24 13:13:57 INFO  StabilizationProtocols:130 - Updating the successor for Node: process2
2025-03-24 13:13:58 INFO  NodeServer:50 - process5 server is running... 
process1:9091
2025-03-24 13:13:58 INFO  ChordProtocols:69 - JoinRing-randomNode = process1
2025-03-24 13:13:58 ERROR ChordProtocols:90 - Error occurred in server thread; nested exception is: 
	java.lang.StackOverflowError
2025-03-24 13:13:59 INFO  StabilizationProtocols:130 - Updating the successor for Node: process3
2025-03-24 13:14:01 INFO  StabilizationProtocols:130 - Updating the successor for Node: process4
2025-03-24 13:14:03 INFO  StabilizationProtocols:130 - Updating the successor for Node: process5
2025-03-24 13:14:10 INFO  FileManager:179 - filename=file1 size=0,121
2025-03-24 13:14:10 INFO  FileManager:179 - filename=file2 size=0,115
2025-03-24 13:14:10 INFO  FileManager:179 - filename=file3 size=0,115
2025-03-24 13:14:10 INFO  FileManager:179 - filename=file4 size=0,116
2025-03-24 13:14:10 INFO  FileManager:179 - filename=file5 size=0,116
]]></system-out>
    <system-err><![CDATA[Exception in thread "Timer-0" java.lang.StackOverflowError
	at no.hvl.dat110.util.Util.checkInterval(Util.java:47)
	at no.hvl.dat110.chordoperations.ChordLookup.findHighestPredecessor(ChordLookup.java:98)
	at no.hvl.dat110.chordoperations.ChordLookup.findSuccessor(ChordLookup.java:50)
	at no.hvl.dat110.middleware.Node.findSuccessor(Node.java:130)
	at no.hvl.dat110.chordoperations.ChordLookup.findSuccessor(ChordLookup.java:53)
	at no.hvl.dat110.middleware.Node.findSuccessor(Node.java:130)
	at no.hvl.dat110.chordoperations.ChordLookup.findSuccessor(ChordLookup.java:53)
	at no.hvl.dat110.middleware.Node.findSuccessor(Node.java:130)
	at no.hvl.dat110.chordoperations.ChordLookup.findSuccessor(ChordLookup.java:53)
	at no.hvl.dat110.middleware.Node.findSuccessor(Node.java:130)
	at no.hvl.dat110.chordoperations.ChordLookup.findSuccessor(ChordLookup.java:53)
	at no.hvl.dat110.middleware.Node.findSuccessor(Node.java:130)
	at no.hvl.dat110.chordoperations.ChordLookup.findSuccessor(ChordLookup.java:53)
	at no.hvl.dat110.middleware.Node.findSuccessor(Node.java:130)
	at no.hvl.dat110.chordoperations.ChordLookup.findSuccessor(ChordLookup.java:53)
	at no.hvl.dat110.middleware.Node.findSuccessor(Node.java:130)
	at no.hvl.dat110.chordoperations.ChordLookup.findSuccessor(ChordLookup.java:53)
	at no.hvl.dat110.middleware.Node.findSuccessor(Node.java:130)
	at no.hvl.dat110.chordoperations.ChordLookup.findSuccessor(ChordLookup.java:53)
	at no.hvl.dat110.middleware.Node.findSuccessor(Node.java:130)
	at no.hvl.dat110.chordoperations.ChordLookup.findSuccessor(ChordLookup.java:53)
	at no.hvl.dat110.middleware.Node.findSuccessor(Node.java:130)
	at no.hvl.dat110.chordoperations.ChordLookup.findSuccessor(ChordLookup.java:53)
	at no.hvl.dat110.middleware.Node.findSuccessor(Node.java:130)
	at no.hvl.dat110.chordoperations.ChordLookup.findSuccessor(ChordLookup.java:53)
	at no.hvl.dat110.middleware.Node.findSuccessor(Node.java:130)
	at no.hvl.dat110.chordoperations.ChordLookup.findSuccessor(ChordLookup.java:53)
	at no.hvl.dat110.middleware.Node.findSuccessor(Node.java:130)
	at no.hvl.dat110.chordoperations.ChordLookup.findSuccessor(ChordLookup.java:53)
	at no.hvl.dat110.middleware.Node.findSuccessor(Node.java:130)
	at no.hvl.dat110.chordoperations.ChordLookup.findSuccessor(ChordLookup.java:53)
	at no.hvl.dat110.middleware.Node.findSuccessor(Node.java:130)
	at no.hvl.dat110.chordoperations.ChordLookup.findSuccessor(ChordLookup.java:53)
	at no.hvl.dat110.middleware.Node.findSuccessor(Node.java:130)
	at no.hvl.dat110.chordoperations.ChordLookup.findSuccessor(ChordLookup.java:53)
	at no.hvl.dat110.middleware.Node.findSuccessor(Node.java:130)
	at no.hvl.dat110.chordoperations.ChordLookup.findSuccessor(ChordLookup.java:53)
	at no.hvl.dat110.middleware.Node.findSuccessor(Node.java:130)
	at no.hvl.dat110.chordoperations.ChordLookup.findSuccessor(ChordLookup.java:53)
	at no.hvl.dat110.middleware.Node.findSuccessor(Node.java:130)
	at no.hvl.dat110.chordoperations.ChordLookup.findSuccessor(ChordLookup.java:53)
	at no.hvl.dat110.middleware.Node.findSuccessor(Node.java:130)
	at no.hvl.dat110.chordoperations.ChordLookup.findSuccessor(ChordLookup.java:53)
	at no.hvl.dat110.middleware.Node.findSuccessor(Node.java:130)
	at no.hvl.dat110.chordoperations.ChordLookup.findSuccessor(ChordLookup.java:53)
	at no.hvl.dat110.middleware.Node.findSuccessor(Node.java:130)
	at no.hvl.dat110.chordoperations.ChordLookup.findSuccessor(ChordLookup.java:53)
	at no.hvl.dat110.middleware.Node.findSuccessor(Node.java:130)
	at no.hvl.dat110.chordoperations.ChordLookup.findSuccessor(ChordLookup.java:53)
	at no.hvl.dat110.middleware.Node.findSuccessor(Node.java:130)
	at no.hvl.dat110.chordoperations.ChordLookup.findSuccessor(ChordLookup.java:53)
	at no.hvl.dat110.middleware.Node.findSuccessor(Node.java:130)
	at no.hvl.dat110.chordoperations.ChordLookup.findSuccessor(ChordLookup.java:53)
	at no.hvl.dat110.middleware.Node.findSuccessor(Node.java:130)
	at no.hvl.dat110.chordoperations.ChordLookup.findSuccessor(ChordLookup.java:53)
	at no.hvl.dat110.middleware.Node.findSuccessor(Node.java:130)
	at no.hvl.dat110.chordoperations.ChordLookup.findSuccessor(ChordLookup.java:53)
	at no.hvl.dat110.middleware.Node.findSuccessor(Node.java:130)
	at no.hvl.dat110.chordoperations.ChordLookup.findSuccessor(ChordLookup.java:53)
	at no.hvl.dat110.middleware.Node.findSuccessor(Node.java:130)
	at no.hvl.dat110.chordoperations.ChordLookup.findSuccessor(ChordLookup.java:53)
	at no.hvl.dat110.middleware.Node.findSuccessor(Node.java:130)
	at no.hvl.dat110.chordoperations.ChordLookup.findSuccessor(ChordLookup.java:53)
	at no.hvl.dat110.middleware.Node.findSuccessor(Node.java:130)
	at no.hvl.dat110.chordoperations.ChordLookup.findSuccessor(ChordLookup.java:53)
	at no.hvl.dat110.middleware.Node.findSuccessor(Node.java:130)
	at no.hvl.dat110.chordoperations.ChordLookup.findSuccessor(ChordLookup.java:53)
	at no.hvl.dat110.middleware.Node.findSuccessor(Node.java:130)
	at no.hvl.dat110.chordoperations.ChordLookup.findSuccessor(ChordLookup.java:53)
	at no.hvl.dat110.middleware.Node.findSuccessor(Node.java:130)
	at no.hvl.dat110.chordoperations.ChordLookup.findSuccessor(ChordLookup.java:53)
	at no.hvl.dat110.middleware.Node.findSuccessor(Node.java:130)
	at no.hvl.dat110.chordoperations.ChordLookup.findSuccessor(ChordLookup.java:53)
	at no.hvl.dat110.middleware.Node.findSuccessor(Node.java:130)
	at no.hvl.dat110.chordoperations.ChordLookup.findSuccessor(ChordLookup.java:53)
	at no.hvl.dat110.middleware.Node.findSuccessor(Node.java:130)
	at no.hvl.dat110.chordoperations.ChordLookup.findSuccessor(ChordLookup.java:53)
	at no.hvl.dat110.middleware.Node.findSuccessor(Node.java:130)
	at no.hvl.dat110.chordoperations.ChordLookup.findSuccessor(ChordLookup.java:53)
	at no.hvl.dat110.middleware.Node.findSuccessor(Node.java:130)
	at no.hvl.dat110.chordoperations.ChordLookup.findSuccessor(ChordLookup.java:53)
	at no.hvl.dat110.middleware.Node.findSuccessor(Node.java:130)
	at no.hvl.dat110.chordoperations.ChordLookup.findSuccessor(ChordLookup.java:53)
	at no.hvl.dat110.middleware.Node.findSuccessor(Node.java:130)
	at no.hvl.dat110.chordoperations.ChordLookup.findSuccessor(ChordLookup.java:53)
	at no.hvl.dat110.middleware.Node.findSuccessor(Node.java:130)
	at no.hvl.dat110.chordoperations.ChordLookup.findSuccessor(ChordLookup.java:53)
	at no.hvl.dat110.middleware.Node.findSuccessor(Node.java:130)
	at no.hvl.dat110.chordoperations.ChordLookup.findSuccessor(ChordLookup.java:53)
	at no.hvl.dat110.middleware.Node.findSuccessor(Node.java:130)
	at no.hvl.dat110.chordoperations.ChordLookup.findSuccessor(ChordLookup.java:53)
	at no.hvl.dat110.middleware.Node.findSuccessor(Node.java:130)
	at no.hvl.dat110.chordoperations.ChordLookup.findSuccessor(ChordLookup.java:53)
	at no.hvl.dat110.middleware.Node.findSuccessor(Node.java:130)
	at no.hvl.dat110.chordoperations.ChordLookup.findSuccessor(ChordLookup.java:53)
	at no.hvl.dat110.middleware.Node.findSuccessor(Node.java:130)
	at no.hvl.dat110.chordoperations.ChordLookup.findSuccessor(ChordLookup.java:53)
	at no.hvl.dat110.middleware.Node.findSuccessor(Node.java:130)
	at no.hvl.dat110.chordoperations.ChordLookup.findSuccessor(ChordLookup.java:53)
	at no.hvl.dat110.middleware.Node.findSuccessor(Node.java:130)
	at no.hvl.dat110.chordoperations.ChordLookup.findSuccessor(ChordLookup.java:53)
	at no.hvl.dat110.middleware.Node.findSuccessor(Node.java:130)
	at no.hvl.dat110.chordoperations.ChordLookup.findSuccessor(ChordLookup.java:53)
	at no.hvl.dat110.middleware.Node.findSuccessor(Node.java:130)
	at no.hvl.dat110.chordoperations.ChordLookup.findSuccessor(ChordLookup.java:53)
	at no.hvl.dat110.middleware.Node.findSuccessor(Node.java:130)
	at no.hvl.dat110.chordoperations.ChordLookup.findSuccessor(ChordLookup.java:53)
	at no.hvl.dat110.middleware.Node.findSuccessor(Node.java:130)
	at no.hvl.dat110.chordoperations.ChordLookup.findSuccessor(ChordLookup.java:53)
	at no.hvl.dat110.middleware.Node.findSuccessor(Node.java:130)
	at no.hvl.dat110.chordoperations.ChordLookup.findSuccessor(ChordLookup.java:53)
	at no.hvl.dat110.middleware.Node.findSuccessor(Node.java:130)
	at no.hvl.dat110.chordoperations.ChordLookup.findSuccessor(ChordLookup.java:53)
	at no.hvl.dat110.middleware.Node.findSuccessor(Node.java:130)
	at no.hvl.dat110.chordoperations.ChordLookup.findSuccessor(ChordLookup.java:53)
	at no.hvl.dat110.middleware.Node.findSuccessor(Node.java:130)
	at no.hvl.dat110.chordoperations.ChordLookup.findSuccessor(ChordLookup.java:53)
	at no.hvl.dat110.middleware.Node.findSuccessor(Node.java:130)
	at no.hvl.dat110.chordoperations.ChordLookup.findSuccessor(ChordLookup.java:53)
	at no.hvl.dat110.middleware.Node.findSuccessor(Node.java:130)
	at no.hvl.dat110.chordoperations.ChordLookup.findSuccessor(ChordLookup.java:53)
	at no.hvl.dat110.middleware.Node.findSuccessor(Node.java:130)
	at no.hvl.dat110.chordoperations.ChordLookup.findSuccessor(ChordLookup.java:53)
	at no.hvl.dat110.middleware.Node.findSuccessor(Node.java:130)
	at no.hvl.dat110.chordoperations.ChordLookup.findSuccessor(ChordLookup.java:53)
	at no.hvl.dat110.middleware.Node.findSuccessor(Node.java:130)
	at no.hvl.dat110.chordoperations.ChordLookup.findSuccessor(ChordLookup.java:53)
	at no.hvl.dat110.middleware.Node.findSuccessor(Node.java:130)
	at no.hvl.dat110.chordoperations.ChordLookup.findSuccessor(ChordLookup.java:53)
	at no.hvl.dat110.middleware.Node.findSuccessor(Node.java:130)
	at no.hvl.dat110.chordoperations.ChordLookup.findSuccessor(ChordLookup.java:53)
	at no.hvl.dat110.middleware.Node.findSuccessor(Node.java:130)
	at no.hvl.dat110.chordoperations.ChordLookup.findSuccessor(ChordLookup.java:53)
	at no.hvl.dat110.middleware.Node.findSuccessor(Node.java:130)
	at no.hvl.dat110.chordoperations.ChordLookup.findSuccessor(ChordLookup.java:53)
	at no.hvl.dat110.middleware.Node.findSuccessor(Node.java:130)
	at no.hvl.dat110.chordoperations.ChordLookup.findSuccessor(ChordLookup.java:53)
	at no.hvl.dat110.middleware.Node.findSuccessor(Node.java:130)
	at no.hvl.dat110.chordoperations.ChordLookup.findSuccessor(ChordLookup.java:53)
	at no.hvl.dat110.middleware.Node.findSuccessor(Node.java:130)
	at no.hvl.dat110.chordoperations.ChordLookup.findSuccessor(ChordLookup.java:53)
	at no.hvl.dat110.middleware.Node.findSuccessor(Node.java:130)
	at no.hvl.dat110.chordoperations.ChordLookup.findSuccessor(ChordLookup.java:53)
	at no.hvl.dat110.middleware.Node.findSuccessor(Node.java:130)
	at no.hvl.dat110.chordoperations.ChordLookup.findSuccessor(ChordLookup.java:53)
	at no.hvl.dat110.middleware.Node.findSuccessor(Node.java:130)
	at no.hvl.dat110.chordoperations.ChordLookup.findSuccessor(ChordLookup.java:53)
	at no.hvl.dat110.middleware.Node.findSuccessor(Node.java:130)
	at no.hvl.dat110.chordoperations.ChordLookup.findSuccessor(ChordLookup.java:53)
	at no.hvl.dat110.middleware.Node.findSuccessor(Node.java:130)
	at no.hvl.dat110.chordoperations.ChordLookup.findSuccessor(ChordLookup.java:53)
	at no.hvl.dat110.middleware.Node.findSuccessor(Node.java:130)
	at no.hvl.dat110.chordoperations.ChordLookup.findSuccessor(ChordLookup.java:53)
	at no.hvl.dat110.middleware.Node.findSuccessor(Node.java:130)
	at no.hvl.dat110.chordoperations.ChordLookup.findSuccessor(ChordLookup.java:53)
	at no.hvl.dat110.middleware.Node.findSuccessor(Node.java:130)
	at no.hvl.dat110.chordoperations.ChordLookup.findSuccessor(ChordLookup.java:53)
	at no.hvl.dat110.middleware.Node.findSuccessor(Node.java:130)
	at no.hvl.dat110.chordoperations.ChordLookup.findSuccessor(ChordLookup.java:53)
	at no.hvl.dat110.middleware.Node.findSuccessor(Node.java:130)
	at no.hvl.dat110.chordoperations.ChordLookup.findSuccessor(ChordLookup.java:53)
	at no.hvl.dat110.middleware.Node.findSuccessor(Node.java:130)
	at no.hvl.dat110.chordoperations.ChordLookup.findSuccessor(ChordLookup.java:53)
	at no.hvl.dat110.middleware.Node.findSuccessor(Node.java:130)
	at no.hvl.dat110.chordoperations.ChordLookup.findSuccessor(ChordLookup.java:53)
	at no.hvl.dat110.middleware.Node.findSuccessor(Node.java:130)
	at no.hvl.dat110.chordoperations.ChordLookup.findSuccessor(ChordLookup.java:53)
	at no.hvl.dat110.middleware.Node.findSuccessor(Node.java:130)
	at no.hvl.dat110.chordoperations.ChordLookup.findSuccessor(ChordLookup.java:53)
	at no.hvl.dat110.middleware.Node.findSuccessor(Node.java:130)
	at no.hvl.dat110.chordoperations.ChordLookup.findSuccessor(ChordLookup.java:53)
	at no.hvl.dat110.middleware.Node.findSuccessor(Node.java:130)
	at no.hvl.dat110.chordoperations.ChordLookup.findSuccessor(ChordLookup.java:53)
	at no.hvl.dat110.middleware.Node.findSuccessor(Node.java:130)
	at no.hvl.dat110.chordoperations.ChordLookup.findSuccessor(ChordLookup.java:53)
	at no.hvl.dat110.middleware.Node.findSuccessor(Node.java:130)
	at no.hvl.dat110.chordoperations.ChordLookup.findSuccessor(ChordLookup.java:53)
	at no.hvl.dat110.middleware.Node.findSuccessor(Node.java:130)
	at no.hvl.dat110.chordoperations.ChordLookup.findSuccessor(ChordLookup.java:53)
	at no.hvl.dat110.middleware.Node.findSuccessor(Node.java:130)
	at no.hvl.dat110.chordoperations.ChordLookup.findSuccessor(ChordLookup.java:53)
	at no.hvl.dat110.middleware.Node.findSuccessor(Node.java:130)
	at no.hvl.dat110.chordoperations.ChordLookup.findSuccessor(ChordLookup.java:53)
	at no.hvl.dat110.middleware.Node.findSuccessor(Node.java:130)
	at no.hvl.dat110.chordoperations.ChordLookup.findSuccessor(ChordLookup.java:53)
	at no.hvl.dat110.middleware.Node.findSuccessor(Node.java:130)
	at no.hvl.dat110.chordoperations.ChordLookup.findSuccessor(ChordLookup.java:53)
	at no.hvl.dat110.middleware.Node.findSuccessor(Node.java:130)
	at no.hvl.dat110.chordoperations.ChordLookup.findSuccessor(ChordLookup.java:53)
	at no.hvl.dat110.middleware.Node.findSuccessor(Node.java:130)
	at no.hvl.dat110.chordoperations.ChordLookup.findSuccessor(ChordLookup.java:53)
	at no.hvl.dat110.middleware.Node.findSuccessor(Node.java:130)
	at no.hvl.dat110.chordoperations.ChordLookup.findSuccessor(ChordLookup.java:53)
	at no.hvl.dat110.middleware.Node.findSuccessor(Node.java:130)
	at no.hvl.dat110.chordoperations.ChordLookup.findSuccessor(ChordLookup.java:53)
	at no.hvl.dat110.middleware.Node.findSuccessor(Node.java:130)
	at no.hvl.dat110.chordoperations.ChordLookup.findSuccessor(ChordLookup.java:53)
	at no.hvl.dat110.middleware.Node.findSuccessor(Node.java:130)
	at no.hvl.dat110.chordoperations.ChordLookup.findSuccessor(ChordLookup.java:53)
	at no.hvl.dat110.middleware.Node.findSuccessor(Node.java:130)
	at no.hvl.dat110.chordoperations.ChordLookup.findSuccessor(ChordLookup.java:53)
	at no.hvl.dat110.middleware.Node.findSuccessor(Node.java:130)
	at no.hvl.dat110.chordoperations.ChordLookup.findSuccessor(ChordLookup.java:53)
	at no.hvl.dat110.middleware.Node.findSuccessor(Node.java:130)
	at no.hvl.dat110.chordoperations.ChordLookup.findSuccessor(ChordLookup.java:53)
	at no.hvl.dat110.middleware.Node.findSuccessor(Node.java:130)
	at no.hvl.dat110.chordoperations.ChordLookup.findSuccessor(ChordLookup.java:53)
	at no.hvl.dat110.middleware.Node.findSuccessor(Node.java:130)
	at no.hvl.dat110.chordoperations.ChordLookup.findSuccessor(ChordLookup.java:53)
	at no.hvl.dat110.middleware.Node.findSuccessor(Node.java:130)
	at no.hvl.dat110.chordoperations.ChordLookup.findSuccessor(ChordLookup.java:53)
	at no.hvl.dat110.middleware.Node.findSuccessor(Node.java:130)
	at no.hvl.dat110.chordoperations.ChordLookup.findSuccessor(ChordLookup.java:53)
	at no.hvl.dat110.middleware.Node.findSuccessor(Node.java:130)
	at no.hvl.dat110.chordoperations.ChordLookup.findSuccessor(ChordLookup.java:53)
	at no.hvl.dat110.middleware.Node.findSuccessor(Node.java:130)
	at no.hvl.dat110.chordoperations.ChordLookup.findSuccessor(ChordLookup.java:53)
	at no.hvl.dat110.middleware.Node.findSuccessor(Node.java:130)
	at no.hvl.dat110.chordoperations.ChordLookup.findSuccessor(ChordLookup.java:53)
	at no.hvl.dat110.middleware.Node.findSuccessor(Node.java:130)
	at no.hvl.dat110.chordoperations.ChordLookup.findSuccessor(ChordLookup.java:53)
	at no.hvl.dat110.middleware.Node.findSuccessor(Node.java:130)
	at no.hvl.dat110.chordoperations.ChordLookup.findSuccessor(ChordLookup.java:53)
	at no.hvl.dat110.middleware.Node.findSuccessor(Node.java:130)
	at no.hvl.dat110.chordoperations.ChordLookup.findSuccessor(ChordLookup.java:53)
	at no.hvl.dat110.middleware.Node.findSuccessor(Node.java:130)
	at no.hvl.dat110.chordoperations.ChordLookup.findSuccessor(ChordLookup.java:53)
	at no.hvl.dat110.middleware.Node.findSuccessor(Node.java:130)
	at no.hvl.dat110.chordoperations.ChordLookup.findSuccessor(ChordLookup.java:53)
	at no.hvl.dat110.middleware.Node.findSuccessor(Node.java:130)
	at no.hvl.dat110.chordoperations.ChordLookup.findSuccessor(ChordLookup.java:53)
	at no.hvl.dat110.middleware.Node.findSuccessor(Node.java:130)
	at no.hvl.dat110.chordoperations.ChordLookup.findSuccessor(ChordLookup.java:53)
	at no.hvl.dat110.middleware.Node.findSuccessor(Node.java:130)
	at no.hvl.dat110.chordoperations.ChordLookup.findSuccessor(ChordLookup.java:53)
	at no.hvl.dat110.middleware.Node.findSuccessor(Node.java:130)
	at no.hvl.dat110.chordoperations.ChordLookup.findSuccessor(ChordLookup.java:53)
	at no.hvl.dat110.middleware.Node.findSuccessor(Node.java:130)
	at no.hvl.dat110.chordoperations.ChordLookup.findSuccessor(ChordLookup.java:53)
	at no.hvl.dat110.middleware.Node.findSuccessor(Node.java:130)
	at no.hvl.dat110.chordoperations.ChordLookup.findSuccessor(ChordLookup.java:53)
	at no.hvl.dat110.middleware.Node.findSuccessor(Node.java:130)
	at no.hvl.dat110.chordoperations.ChordLookup.findSuccessor(ChordLookup.java:53)
	at no.hvl.dat110.middleware.Node.findSuccessor(Node.java:130)
	at no.hvl.dat110.chordoperations.ChordLookup.findSuccessor(ChordLookup.java:53)
	at no.hvl.dat110.middleware.Node.findSuccessor(Node.java:130)
	at no.hvl.dat110.chordoperations.ChordLookup.findSuccessor(ChordLookup.java:53)
	at no.hvl.dat110.middleware.Node.findSuccessor(Node.java:130)
	at no.hvl.dat110.chordoperations.ChordLookup.findSuccessor(ChordLookup.java:53)
	at no.hvl.dat110.middleware.Node.findSuccessor(Node.java:130)
	at no.hvl.dat110.chordoperations.ChordLookup.findSuccessor(ChordLookup.java:53)
	at no.hvl.dat110.middleware.Node.findSuccessor(Node.java:130)
	at no.hvl.dat110.chordoperations.ChordLookup.findSuccessor(ChordLookup.java:53)
	at no.hvl.dat110.middleware.Node.findSuccessor(Node.java:130)
	at no.hvl.dat110.chordoperations.ChordLookup.findSuccessor(ChordLookup.java:53)
	at no.hvl.dat110.middleware.Node.findSuccessor(Node.java:130)
	at no.hvl.dat110.chordoperations.ChordLookup.findSuccessor(ChordLookup.java:53)
	at no.hvl.dat110.middleware.Node.findSuccessor(Node.java:130)
	at no.hvl.dat110.chordoperations.ChordLookup.findSuccessor(ChordLookup.java:53)
	at no.hvl.dat110.middleware.Node.findSuccessor(Node.java:130)
	at no.hvl.dat110.chordoperations.ChordLookup.findSuccessor(ChordLookup.java:53)
	at no.hvl.dat110.middleware.Node.findSuccessor(Node.java:130)
	at no.hvl.dat110.chordoperations.ChordLookup.findSuccessor(ChordLookup.java:53)
	at no.hvl.dat110.middleware.Node.findSuccessor(Node.java:130)
	at no.hvl.dat110.chordoperations.ChordLookup.findSuccessor(ChordLookup.java:53)
	at no.hvl.dat110.middleware.Node.findSuccessor(Node.java:130)
	at no.hvl.dat110.chordoperations.ChordLookup.findSuccessor(ChordLookup.java:53)
	at no.hvl.dat110.middleware.Node.findSuccessor(Node.java:130)
	at no.hvl.dat110.chordoperations.ChordLookup.findSuccessor(ChordLookup.java:53)
	at no.hvl.dat110.middleware.Node.findSuccessor(Node.java:130)
	at no.hvl.dat110.chordoperations.ChordLookup.findSuccessor(ChordLookup.java:53)
	at no.hvl.dat110.middleware.Node.findSuccessor(Node.java:130)
	at no.hvl.dat110.chordoperations.ChordLookup.findSuccessor(ChordLookup.java:53)
	at no.hvl.dat110.middleware.Node.findSuccessor(Node.java:130)
	at no.hvl.dat110.chordoperations.ChordLookup.findSuccessor(ChordLookup.java:53)
	at no.hvl.dat110.middleware.Node.findSuccessor(Node.java:130)
	at no.hvl.dat110.chordoperations.ChordLookup.findSuccessor(ChordLookup.java:53)
	at no.hvl.dat110.middleware.Node.findSuccessor(Node.java:130)
	at no.hvl.dat110.chordoperations.ChordLookup.findSuccessor(ChordLookup.java:53)
	at no.hvl.dat110.middleware.Node.findSuccessor(Node.java:130)
	at no.hvl.dat110.chordoperations.ChordLookup.findSuccessor(ChordLookup.java:53)
	at no.hvl.dat110.middleware.Node.findSuccessor(Node.java:130)
	at no.hvl.dat110.chordoperations.ChordLookup.findSuccessor(ChordLookup.java:53)
	at no.hvl.dat110.middleware.Node.findSuccessor(Node.java:130)
	at no.hvl.dat110.chordoperations.ChordLookup.findSuccessor(ChordLookup.java:53)
	at no.hvl.dat110.middleware.Node.findSuccessor(Node.java:130)
	at no.hvl.dat110.chordoperations.ChordLookup.findSuccessor(ChordLookup.java:53)
	at no.hvl.dat110.middleware.Node.findSuccessor(Node.java:130)
	at no.hvl.dat110.chordoperations.ChordLookup.findSuccessor(ChordLookup.java:53)
	at no.hvl.dat110.middleware.Node.findSuccessor(Node.java:130)
	at no.hvl.dat110.chordoperations.ChordLookup.findSuccessor(ChordLookup.java:53)
	at no.hvl.dat110.middleware.Node.findSuccessor(Node.java:130)
	at no.hvl.dat110.chordoperations.ChordLookup.findSuccessor(ChordLookup.java:53)
	at no.hvl.dat110.middleware.Node.findSuccessor(Node.java:130)
	at no.hvl.dat110.chordoperations.ChordLookup.findSuccessor(ChordLookup.java:53)
	at no.hvl.dat110.middleware.Node.findSuccessor(Node.java:130)
	at no.hvl.dat110.chordoperations.ChordLookup.findSuccessor(ChordLookup.java:53)
	at no.hvl.dat110.middleware.Node.findSuccessor(Node.java:130)
	at no.hvl.dat110.chordoperations.ChordLookup.findSuccessor(ChordLookup.java:53)
	at no.hvl.dat110.middleware.Node.findSuccessor(Node.java:130)
	at no.hvl.dat110.chordoperations.ChordLookup.findSuccessor(ChordLookup.java:53)
	at no.hvl.dat110.middleware.Node.findSuccessor(Node.java:130)
	at no.hvl.dat110.chordoperations.ChordLookup.findSuccessor(ChordLookup.java:53)
	at no.hvl.dat110.middleware.Node.findSuccessor(Node.java:130)
	at no.hvl.dat110.chordoperations.ChordLookup.findSuccessor(ChordLookup.java:53)
	at no.hvl.dat110.middleware.Node.findSuccessor(Node.java:130)
	at no.hvl.dat110.chordoperations.ChordLookup.findSuccessor(ChordLookup.java:53)
	at no.hvl.dat110.middleware.Node.findSuccessor(Node.java:130)
	at no.hvl.dat110.chordoperations.ChordLookup.findSuccessor(ChordLookup.java:53)
	at no.hvl.dat110.middleware.Node.findSuccessor(Node.java:130)
	at no.hvl.dat110.chordoperations.ChordLookup.findSuccessor(ChordLookup.java:53)
	at no.hvl.dat110.middleware.Node.findSuccessor(Node.java:130)
	at no.hvl.dat110.chordoperations.ChordLookup.findSuccessor(ChordLookup.java:53)
	at no.hvl.dat110.middleware.Node.findSuccessor(Node.java:130)
	at no.hvl.dat110.chordoperations.ChordLookup.findSuccessor(ChordLookup.java:53)
	at no.hvl.dat110.middleware.Node.findSuccessor(Node.java:130)
	at no.hvl.dat110.chordoperations.ChordLookup.findSuccessor(ChordLookup.java:53)
	at no.hvl.dat110.middleware.Node.findSuccessor(Node.java:130)
	at no.hvl.dat110.chordoperations.ChordLookup.findSuccessor(ChordLookup.java:53)
	at no.hvl.dat110.middleware.Node.findSuccessor(Node.java:130)
	at no.hvl.dat110.chordoperations.ChordLookup.findSuccessor(ChordLookup.java:53)
	at no.hvl.dat110.middleware.Node.findSuccessor(Node.java:130)
	at no.hvl.dat110.chordoperations.ChordLookup.findSuccessor(ChordLookup.java:53)
	at no.hvl.dat110.middleware.Node.findSuccessor(Node.java:130)
	at no.hvl.dat110.chordoperations.ChordLookup.findSuccessor(ChordLookup.java:53)
	at no.hvl.dat110.middleware.Node.findSuccessor(Node.java:130)
	at no.hvl.dat110.chordoperations.ChordLookup.findSuccessor(ChordLookup.java:53)
	at no.hvl.dat110.middleware.Node.findSuccessor(Node.java:130)
	at no.hvl.dat110.chordoperations.ChordLookup.findSuccessor(ChordLookup.java:53)
	at no.hvl.dat110.middleware.Node.findSuccessor(Node.java:130)
	at no.hvl.dat110.chordoperations.ChordLookup.findSuccessor(ChordLookup.java:53)
	at no.hvl.dat110.middleware.Node.findSuccessor(Node.java:130)
	at no.hvl.dat110.chordoperations.ChordLookup.findSuccessor(ChordLookup.java:53)
	at no.hvl.dat110.middleware.Node.findSuccessor(Node.java:130)
	at no.hvl.dat110.chordoperations.ChordLookup.findSuccessor(ChordLookup.java:53)
	at no.hvl.dat110.middleware.Node.findSuccessor(Node.java:130)
	at no.hvl.dat110.chordoperations.ChordLookup.findSuccessor(ChordLookup.java:53)
	at no.hvl.dat110.middleware.Node.findSuccessor(Node.java:130)
	at no.hvl.dat110.chordoperations.ChordLookup.findSuccessor(ChordLookup.java:53)
	at no.hvl.dat110.middleware.Node.findSuccessor(Node.java:130)
	at no.hvl.dat110.chordoperations.ChordLookup.findSuccessor(ChordLookup.java:53)
	at no.hvl.dat110.middleware.Node.findSuccessor(Node.java:130)
	at no.hvl.dat110.chordoperations.ChordLookup.findSuccessor(ChordLookup.java:53)
	at no.hvl.dat110.middleware.Node.findSuccessor(Node.java:130)
	at no.hvl.dat110.chordoperations.ChordLookup.findSuccessor(ChordLookup.java:53)
	at no.hvl.dat110.middleware.Node.findSuccessor(Node.java:130)
	at no.hvl.dat110.chordoperations.ChordLookup.findSuccessor(ChordLookup.java:53)
	at no.hvl.dat110.middleware.Node.findSuccessor(Node.java:130)
	at no.hvl.dat110.chordoperations.ChordLookup.findSuccessor(ChordLookup.java:53)
	at no.hvl.dat110.middleware.Node.findSuccessor(Node.java:130)
	at no.hvl.dat110.chordoperations.ChordLookup.findSuccessor(ChordLookup.java:53)
	at no.hvl.dat110.middleware.Node.findSuccessor(Node.java:130)
	at no.hvl.dat110.chordoperations.ChordLookup.findSuccessor(ChordLookup.java:53)
	at no.hvl.dat110.middleware.Node.findSuccessor(Node.java:130)
	at no.hvl.dat110.chordoperations.ChordLookup.findSuccessor(ChordLookup.java:53)
	at no.hvl.dat110.middleware.Node.findSuccessor(Node.java:130)
	at no.hvl.dat110.chordoperations.ChordLookup.findSuccessor(ChordLookup.java:53)
	at no.hvl.dat110.middleware.Node.findSuccessor(Node.java:130)
	at no.hvl.dat110.chordoperations.ChordLookup.findSuccessor(ChordLookup.java:53)
	at no.hvl.dat110.middleware.Node.findSuccessor(Node.java:130)
	at no.hvl.dat110.chordoperations.ChordLookup.findSuccessor(ChordLookup.java:53)
	at no.hvl.dat110.middleware.Node.findSuccessor(Node.java:130)
	at no.hvl.dat110.chordoperations.ChordLookup.findSuccessor(ChordLookup.java:53)
	at no.hvl.dat110.middleware.Node.findSuccessor(Node.java:130)
	at no.hvl.dat110.chordoperations.ChordLookup.findSuccessor(ChordLookup.java:53)
	at no.hvl.dat110.middleware.Node.findSuccessor(Node.java:130)
	at no.hvl.dat110.chordoperations.ChordLookup.findSuccessor(ChordLookup.java:53)
	at no.hvl.dat110.middleware.Node.findSuccessor(Node.java:130)
	at no.hvl.dat110.chordoperations.ChordLookup.findSuccessor(ChordLookup.java:53)
	at no.hvl.dat110.middleware.Node.findSuccessor(Node.java:130)
	at no.hvl.dat110.chordoperations.ChordLookup.findSuccessor(ChordLookup.java:53)
	at no.hvl.dat110.middleware.Node.findSuccessor(Node.java:130)
	at no.hvl.dat110.chordoperations.ChordLookup.findSuccessor(ChordLookup.java:53)
	at no.hvl.dat110.middleware.Node.findSuccessor(Node.java:130)
	at no.hvl.dat110.chordoperations.ChordLookup.findSuccessor(ChordLookup.java:53)
	at no.hvl.dat110.middleware.Node.findSuccessor(Node.java:130)
	at no.hvl.dat110.chordoperations.ChordLookup.findSuccessor(ChordLookup.java:53)
	at no.hvl.dat110.middleware.Node.findSuccessor(Node.java:130)
	at no.hvl.dat110.chordoperations.ChordLookup.findSuccessor(ChordLookup.java:53)
	at no.hvl.dat110.middleware.Node.findSuccessor(Node.java:130)
	at no.hvl.dat110.chordoperations.ChordLookup.findSuccessor(ChordLookup.java:53)
	at no.hvl.dat110.middleware.Node.findSuccessor(Node.java:130)
	at no.hvl.dat110.chordoperations.ChordLookup.findSuccessor(ChordLookup.java:53)
	at no.hvl.dat110.middleware.Node.findSuccessor(Node.java:130)
	at no.hvl.dat110.chordoperations.ChordLookup.findSuccessor(ChordLookup.java:53)
	at no.hvl.dat110.middleware.Node.findSuccessor(Node.java:130)
	at no.hvl.dat110.chordoperations.ChordLookup.findSuccessor(ChordLookup.java:53)
	at no.hvl.dat110.middleware.Node.findSuccessor(Node.java:130)
	at no.hvl.dat110.chordoperations.ChordLookup.findSuccessor(ChordLookup.java:53)
	at no.hvl.dat110.middleware.Node.findSuccessor(Node.java:130)
	at no.hvl.dat110.chordoperations.ChordLookup.findSuccessor(ChordLookup.java:53)
	at no.hvl.dat110.middleware.Node.findSuccessor(Node.java:130)
	at no.hvl.dat110.chordoperations.ChordLookup.findSuccessor(ChordLookup.java:53)
	at no.hvl.dat110.middleware.Node.findSuccessor(Node.java:130)
	at no.hvl.dat110.chordoperations.ChordLookup.findSuccessor(ChordLookup.java:53)
	at no.hvl.dat110.middleware.Node.findSuccessor(Node.java:130)
	at no.hvl.dat110.chordoperations.ChordLookup.findSuccessor(ChordLookup.java:53)
	at no.hvl.dat110.middleware.Node.findSuccessor(Node.java:130)
	at no.hvl.dat110.chordoperations.ChordLookup.findSuccessor(ChordLookup.java:53)
	at no.hvl.dat110.middleware.Node.findSuccessor(Node.java:130)
	at no.hvl.dat110.chordoperations.ChordLookup.findSuccessor(ChordLookup.java:53)
	at no.hvl.dat110.middleware.Node.findSuccessor(Node.java:130)
	at no.hvl.dat110.chordoperations.ChordLookup.findSuccessor(ChordLookup.java:53)
	at no.hvl.dat110.middleware.Node.findSuccessor(Node.java:130)
	at no.hvl.dat110.chordoperations.ChordLookup.findSuccessor(ChordLookup.java:53)
	at no.hvl.dat110.middleware.Node.findSuccessor(Node.java:130)
	at no.hvl.dat110.chordoperations.ChordLookup.findSuccessor(ChordLookup.java:53)
	at no.hvl.dat110.middleware.Node.findSuccessor(Node.java:130)
	at no.hvl.dat110.chordoperations.ChordLookup.findSuccessor(ChordLookup.java:53)
	at no.hvl.dat110.middleware.Node.findSuccessor(Node.java:130)
	at no.hvl.dat110.chordoperations.ChordLookup.findSuccessor(ChordLookup.java:53)
	at no.hvl.dat110.middleware.Node.findSuccessor(Node.java:130)
	at no.hvl.dat110.chordoperations.ChordLookup.findSuccessor(ChordLookup.java:53)
	at no.hvl.dat110.middleware.Node.findSuccessor(Node.java:130)
	at no.hvl.dat110.chordoperations.ChordLookup.findSuccessor(ChordLookup.java:53)
	at no.hvl.dat110.middleware.Node.findSuccessor(Node.java:130)
	at no.hvl.dat110.chordoperations.ChordLookup.findSuccessor(ChordLookup.java:53)
	at no.hvl.dat110.middleware.Node.findSuccessor(Node.java:130)
	at no.hvl.dat110.chordoperations.ChordLookup.findSuccessor(ChordLookup.java:53)
	at no.hvl.dat110.middleware.Node.findSuccessor(Node.java:130)
	at no.hvl.dat110.chordoperations.ChordLookup.findSuccessor(ChordLookup.java:53)
	at no.hvl.dat110.middleware.Node.findSuccessor(Node.java:130)
	at no.hvl.dat110.chordoperations.ChordLookup.findSuccessor(ChordLookup.java:53)
	at no.hvl.dat110.middleware.Node.findSuccessor(Node.java:130)
	at no.hvl.dat110.chordoperations.ChordLookup.findSuccessor(ChordLookup.java:53)
	at no.hvl.dat110.middleware.Node.findSuccessor(Node.java:130)
	at no.hvl.dat110.chordoperations.ChordLookup.findSuccessor(ChordLookup.java:53)
	at no.hvl.dat110.middleware.Node.findSuccessor(Node.java:130)
	at no.hvl.dat110.chordoperations.ChordLookup.findSuccessor(ChordLookup.java:53)
	at no.hvl.dat110.middleware.Node.findSuccessor(Node.java:130)
	at no.hvl.dat110.chordoperations.ChordLookup.findSuccessor(ChordLookup.java:53)
	at no.hvl.dat110.middleware.Node.findSuccessor(Node.java:130)
	at no.hvl.dat110.chordoperations.ChordLookup.findSuccessor(ChordLookup.java:53)
	at no.hvl.dat110.middleware.Node.findSuccessor(Node.java:130)
	at no.hvl.dat110.chordoperations.ChordLookup.findSuccessor(ChordLookup.java:53)
	at no.hvl.dat110.middleware.Node.findSuccessor(Node.java:130)
	at no.hvl.dat110.chordoperations.ChordLookup.findSuccessor(ChordLookup.java:53)
	at no.hvl.dat110.middleware.Node.findSuccessor(Node.java:130)
	at no.hvl.dat110.chordoperations.ChordLookup.findSuccessor(ChordLookup.java:53)
	at no.hvl.dat110.middleware.Node.findSuccessor(Node.java:130)
	at no.hvl.dat110.chordoperations.ChordLookup.findSuccessor(ChordLookup.java:53)
	at no.hvl.dat110.middleware.Node.findSuccessor(Node.java:130)
	at no.hvl.dat110.chordoperations.ChordLookup.findSuccessor(ChordLookup.java:53)
	at no.hvl.dat110.middleware.Node.findSuccessor(Node.java:130)
	at no.hvl.dat110.chordoperations.ChordLookup.findSuccessor(ChordLookup.java:53)
	at no.hvl.dat110.middleware.Node.findSuccessor(Node.java:130)
	at no.hvl.dat110.chordoperations.ChordLookup.findSuccessor(ChordLookup.java:53)
	at no.hvl.dat110.middleware.Node.findSuccessor(Node.java:130)
	at no.hvl.dat110.chordoperations.ChordLookup.findSuccessor(ChordLookup.java:53)
	at no.hvl.dat110.middleware.Node.findSuccessor(Node.java:130)
	at no.hvl.dat110.chordoperations.ChordLookup.findSuccessor(ChordLookup.java:53)
	at no.hvl.dat110.middleware.Node.findSuccessor(Node.java:130)
	at no.hvl.dat110.chordoperations.ChordLookup.findSuccessor(ChordLookup.java:53)
	at no.hvl.dat110.middleware.Node.findSuccessor(Node.java:130)
	at no.hvl.dat110.chordoperations.ChordLookup.findSuccessor(ChordLookup.java:53)
	at no.hvl.dat110.middleware.Node.findSuccessor(Node.java:130)
	at no.hvl.dat110.chordoperations.ChordLookup.findSuccessor(ChordLookup.java:53)
	at no.hvl.dat110.middleware.Node.findSuccessor(Node.java:130)
	at no.hvl.dat110.chordoperations.ChordLookup.findSuccessor(ChordLookup.java:53)
	at no.hvl.dat110.middleware.Node.findSuccessor(Node.java:130)
	at no.hvl.dat110.chordoperations.ChordLookup.findSuccessor(ChordLookup.java:53)
	at no.hvl.dat110.middleware.Node.findSuccessor(Node.java:130)
	at no.hvl.dat110.chordoperations.ChordLookup.findSuccessor(ChordLookup.java:53)
	at no.hvl.dat110.middleware.Node.findSuccessor(Node.java:130)
	at no.hvl.dat110.chordoperations.ChordLookup.findSuccessor(ChordLookup.java:53)
	at no.hvl.dat110.middleware.Node.findSuccessor(Node.java:130)
	at no.hvl.dat110.chordoperations.ChordLookup.findSuccessor(ChordLookup.java:53)
	at no.hvl.dat110.middleware.Node.findSuccessor(Node.java:130)
	at no.hvl.dat110.chordoperations.ChordLookup.findSuccessor(ChordLookup.java:53)
	at no.hvl.dat110.middleware.Node.findSuccessor(Node.java:130)
	at no.hvl.dat110.chordoperations.ChordLookup.findSuccessor(ChordLookup.java:53)
	at no.hvl.dat110.middleware.Node.findSuccessor(Node.java:130)
	at no.hvl.dat110.chordoperations.ChordLookup.findSuccessor(ChordLookup.java:53)
	at no.hvl.dat110.middleware.Node.findSuccessor(Node.java:130)
	at no.hvl.dat110.chordoperations.ChordLookup.findSuccessor(ChordLookup.java:53)
	at no.hvl.dat110.middleware.Node.findSuccessor(Node.java:130)
	at no.hvl.dat110.chordoperations.ChordLookup.findSuccessor(ChordLookup.java:53)
	at no.hvl.dat110.middleware.Node.findSuccessor(Node.java:130)
	at no.hvl.dat110.chordoperations.ChordLookup.findSuccessor(ChordLookup.java:53)
	at no.hvl.dat110.middleware.Node.findSuccessor(Node.java:130)
	at no.hvl.dat110.chordoperations.ChordLookup.findSuccessor(ChordLookup.java:53)
	at no.hvl.dat110.middleware.Node.findSuccessor(Node.java:130)
	at no.hvl.dat110.chordoperations.ChordLookup.findSuccessor(ChordLookup.java:53)
	at no.hvl.dat110.middleware.Node.findSuccessor(Node.java:130)
	at no.hvl.dat110.chordoperations.ChordLookup.findSuccessor(ChordLookup.java:53)
	at no.hvl.dat110.middleware.Node.findSuccessor(Node.java:130)
	at no.hvl.dat110.chordoperations.ChordLookup.findSuccessor(ChordLookup.java:53)
	at no.hvl.dat110.middleware.Node.findSuccessor(Node.java:130)
	at no.hvl.dat110.chordoperations.ChordLookup.findSuccessor(ChordLookup.java:53)
	at no.hvl.dat110.middleware.Node.findSuccessor(Node.java:130)
	at no.hvl.dat110.chordoperations.ChordLookup.findSuccessor(ChordLookup.java:53)
	at no.hvl.dat110.middleware.Node.findSuccessor(Node.java:130)
	at no.hvl.dat110.chordoperations.ChordLookup.findSuccessor(ChordLookup.java:53)
	at no.hvl.dat110.middleware.Node.findSuccessor(Node.java:130)
	at no.hvl.dat110.chordoperations.ChordLookup.findSuccessor(ChordLookup.java:53)
	at no.hvl.dat110.middleware.Node.findSuccessor(Node.java:130)
	at no.hvl.dat110.chordoperations.ChordLookup.findSuccessor(ChordLookup.java:53)
	at no.hvl.dat110.middleware.Node.findSuccessor(Node.java:130)
	at no.hvl.dat110.chordoperations.ChordLookup.findSuccessor(ChordLookup.java:53)
	at no.hvl.dat110.middleware.Node.findSuccessor(Node.java:130)
	at no.hvl.dat110.chordoperations.ChordLookup.findSuccessor(ChordLookup.java:53)
	at no.hvl.dat110.middleware.Node.findSuccessor(Node.java:130)
	at no.hvl.dat110.chordoperations.ChordLookup.findSuccessor(ChordLookup.java:53)
	at no.hvl.dat110.middleware.Node.findSuccessor(Node.java:130)
	at no.hvl.dat110.chordoperations.ChordLookup.findSuccessor(ChordLookup.java:53)
	at no.hvl.dat110.middleware.Node.findSuccessor(Node.java:130)
	at no.hvl.dat110.chordoperations.ChordLookup.findSuccessor(ChordLookup.java:53)
	at no.hvl.dat110.middleware.Node.findSuccessor(Node.java:130)
	at no.hvl.dat110.chordoperations.ChordLookup.findSuccessor(ChordLookup.java:53)
	at no.hvl.dat110.middleware.Node.findSuccessor(Node.java:130)
	at no.hvl.dat110.chordoperations.ChordLookup.findSuccessor(ChordLookup.java:53)
	at no.hvl.dat110.middleware.Node.findSuccessor(Node.java:130)
	at no.hvl.dat110.chordoperations.ChordLookup.findSuccessor(ChordLookup.java:53)
	at no.hvl.dat110.middleware.Node.findSuccessor(Node.java:130)
	at no.hvl.dat110.chordoperations.ChordLookup.findSuccessor(ChordLookup.java:53)
	at no.hvl.dat110.middleware.Node.findSuccessor(Node.java:130)
	at no.hvl.dat110.chordoperations.ChordLookup.findSuccessor(ChordLookup.java:53)
	at no.hvl.dat110.middleware.Node.findSuccessor(Node.java:130)
	at no.hvl.dat110.chordoperations.ChordLookup.findSuccessor(ChordLookup.java:53)
	at no.hvl.dat110.middleware.Node.findSuccessor(Node.java:130)
	at no.hvl.dat110.chordoperations.ChordLookup.findSuccessor(ChordLookup.java:53)
	at no.hvl.dat110.middleware.Node.findSuccessor(Node.java:130)
	at no.hvl.dat110.chordoperations.ChordLookup.findSuccessor(ChordLookup.java:53)
	at no.hvl.dat110.middleware.Node.findSuccessor(Node.java:130)
	at no.hvl.dat110.chordoperations.ChordLookup.findSuccessor(ChordLookup.java:53)
	at no.hvl.dat110.middleware.Node.findSuccessor(Node.java:130)
	at no.hvl.dat110.chordoperations.ChordLookup.findSuccessor(ChordLookup.java:53)
	at no.hvl.dat110.middleware.Node.findSuccessor(Node.java:130)
	at no.hvl.dat110.chordoperations.ChordLookup.findSuccessor(ChordLookup.java:53)
	at no.hvl.dat110.middleware.Node.findSuccessor(Node.java:130)
	at no.hvl.dat110.chordoperations.ChordLookup.findSuccessor(ChordLookup.java:53)
	at no.hvl.dat110.middleware.Node.findSuccessor(Node.java:130)
	at no.hvl.dat110.chordoperations.ChordLookup.findSuccessor(ChordLookup.java:53)
	at no.hvl.dat110.middleware.Node.findSuccessor(Node.java:130)
	at no.hvl.dat110.chordoperations.ChordLookup.findSuccessor(ChordLookup.java:53)
	at no.hvl.dat110.middleware.Node.findSuccessor(Node.java:130)
	at no.hvl.dat110.chordoperations.ChordLookup.findSuccessor(ChordLookup.java:53)
	at no.hvl.dat110.middleware.Node.findSuccessor(Node.java:130)
	at no.hvl.dat110.chordoperations.ChordLookup.findSuccessor(ChordLookup.java:53)
	at no.hvl.dat110.middleware.Node.findSuccessor(Node.java:130)
	at no.hvl.dat110.chordoperations.ChordLookup.findSuccessor(ChordLookup.java:53)
	at no.hvl.dat110.middleware.Node.findSuccessor(Node.java:130)
	at no.hvl.dat110.chordoperations.ChordLookup.findSuccessor(ChordLookup.java:53)
	at no.hvl.dat110.middleware.Node.findSuccessor(Node.java:130)
	at no.hvl.dat110.chordoperations.ChordLookup.findSuccessor(ChordLookup.java:53)
	at no.hvl.dat110.middleware.Node.findSuccessor(Node.java:130)
	at no.hvl.dat110.chordoperations.ChordLookup.findSuccessor(ChordLookup.java:53)
	at no.hvl.dat110.middleware.Node.findSuccessor(Node.java:130)
	at no.hvl.dat110.chordoperations.ChordLookup.findSuccessor(ChordLookup.java:53)
	at no.hvl.dat110.middleware.Node.findSuccessor(Node.java:130)
	at no.hvl.dat110.chordoperations.ChordLookup.findSuccessor(ChordLookup.java:53)
	at no.hvl.dat110.middleware.Node.findSuccessor(Node.java:130)
	at no.hvl.dat110.chordoperations.ChordLookup.findSuccessor(ChordLookup.java:53)
	at no.hvl.dat110.middleware.Node.findSuccessor(Node.java:130)
	at no.hvl.dat110.chordoperations.ChordLookup.findSuccessor(ChordLookup.java:53)
	at no.hvl.dat110.middleware.Node.findSuccessor(Node.java:130)
	at no.hvl.dat110.chordoperations.ChordLookup.findSuccessor(ChordLookup.java:53)
	at no.hvl.dat110.middleware.Node.findSuccessor(Node.java:130)
	at no.hvl.dat110.chordoperations.ChordLookup.findSuccessor(ChordLookup.java:53)
	at no.hvl.dat110.middleware.Node.findSuccessor(Node.java:130)
	at no.hvl.dat110.chordoperations.ChordLookup.findSuccessor(ChordLookup.java:53)
	at no.hvl.dat110.middleware.Node.findSuccessor(Node.java:130)
	at no.hvl.dat110.chordoperations.ChordLookup.findSuccessor(ChordLookup.java:53)
	at no.hvl.dat110.middleware.Node.findSuccessor(Node.java:130)
	at no.hvl.dat110.chordoperations.ChordLookup.findSuccessor(ChordLookup.java:53)
	at no.hvl.dat110.middleware.Node.findSuccessor(Node.java:130)
	at no.hvl.dat110.chordoperations.ChordLookup.findSuccessor(ChordLookup.java:53)
	at no.hvl.dat110.middleware.Node.findSuccessor(Node.java:130)
	at no.hvl.dat110.chordoperations.ChordLookup.findSuccessor(ChordLookup.java:53)
	at no.hvl.dat110.middleware.Node.findSuccessor(Node.java:130)
	at no.hvl.dat110.chordoperations.ChordLookup.findSuccessor(ChordLookup.java:53)
	at no.hvl.dat110.middleware.Node.findSuccessor(Node.java:130)
	at no.hvl.dat110.chordoperations.ChordLookup.findSuccessor(ChordLookup.java:53)
	at no.hvl.dat110.middleware.Node.findSuccessor(Node.java:130)
	at no.hvl.dat110.chordoperations.ChordLookup.findSuccessor(ChordLookup.java:53)
	at no.hvl.dat110.middleware.Node.findSuccessor(Node.java:130)
	at no.hvl.dat110.chordoperations.ChordLookup.findSuccessor(ChordLookup.java:53)
	at no.hvl.dat110.middleware.Node.findSuccessor(Node.java:130)
	at no.hvl.dat110.chordoperations.ChordLookup.findSuccessor(ChordLookup.java:53)
	at no.hvl.dat110.middleware.Node.findSuccessor(Node.java:130)
	at no.hvl.dat110.chordoperations.ChordLookup.findSuccessor(ChordLookup.java:53)
	at no.hvl.dat110.middleware.Node.findSuccessor(Node.java:130)
	at no.hvl.dat110.chordoperations.ChordLookup.findSuccessor(ChordLookup.java:53)
	at no.hvl.dat110.middleware.Node.findSuccessor(Node.java:130)
	at no.hvl.dat110.chordoperations.ChordLookup.findSuccessor(ChordLookup.java:53)
	at no.hvl.dat110.middleware.Node.findSuccessor(Node.java:130)
	at no.hvl.dat110.chordoperations.ChordLookup.findSuccessor(ChordLookup.java:53)
	at no.hvl.dat110.middleware.Node.findSuccessor(Node.java:130)
	at no.hvl.dat110.chordoperations.ChordLookup.findSuccessor(ChordLookup.java:53)
	at no.hvl.dat110.middleware.Node.findSuccessor(Node.java:130)
	at no.hvl.dat110.chordoperations.ChordLookup.findSuccessor(ChordLookup.java:53)
	at no.hvl.dat110.middleware.Node.findSuccessor(Node.java:130)
	at no.hvl.dat110.chordoperations.ChordLookup.findSuccessor(ChordLookup.java:53)
	at no.hvl.dat110.middleware.Node.findSuccessor(Node.java:130)
	at no.hvl.dat110.chordoperations.ChordLookup.findSuccessor(ChordLookup.java:53)
	at no.hvl.dat110.middleware.Node.findSuccessor(Node.java:130)
	at no.hvl.dat110.chordoperations.ChordLookup.findSuccessor(ChordLookup.java:53)
	at no.hvl.dat110.middleware.Node.findSuccessor(Node.java:130)
	at no.hvl.dat110.chordoperations.ChordLookup.findSuccessor(ChordLookup.java:53)
	at no.hvl.dat110.middleware.Node.findSuccessor(Node.java:130)
	at no.hvl.dat110.chordoperations.ChordLookup.findSuccessor(ChordLookup.java:53)
	at no.hvl.dat110.middleware.Node.findSuccessor(Node.java:130)
	at no.hvl.dat110.chordoperations.ChordLookup.findSuccessor(ChordLookup.java:53)
	at no.hvl.dat110.middleware.Node.findSuccessor(Node.java:130)
	at no.hvl.dat110.chordoperations.ChordLookup.findSuccessor(ChordLookup.java:53)
	at no.hvl.dat110.middleware.Node.findSuccessor(Node.java:130)
	at no.hvl.dat110.chordoperations.ChordLookup.findSuccessor(ChordLookup.java:53)
	at no.hvl.dat110.middleware.Node.findSuccessor(Node.java:130)
	at no.hvl.dat110.chordoperations.ChordLookup.findSuccessor(ChordLookup.java:53)
	at no.hvl.dat110.middleware.Node.findSuccessor(Node.java:130)
	at no.hvl.dat110.chordoperations.ChordLookup.findSuccessor(ChordLookup.java:53)
	at no.hvl.dat110.middleware.Node.findSuccessor(Node.java:130)
	at no.hvl.dat110.chordoperations.ChordLookup.findSuccessor(ChordLookup.java:53)
	at no.hvl.dat110.middleware.Node.findSuccessor(Node.java:130)
	at no.hvl.dat110.chordoperations.ChordLookup.findSuccessor(ChordLookup.java:53)
	at no.hvl.dat110.middleware.Node.findSuccessor(Node.java:130)
	at no.hvl.dat110.chordoperations.ChordLookup.findSuccessor(ChordLookup.java:53)
	at no.hvl.dat110.middleware.Node.findSuccessor(Node.java:130)
	at no.hvl.dat110.chordoperations.ChordLookup.findSuccessor(ChordLookup.java:53)
	at no.hvl.dat110.middleware.Node.findSuccessor(Node.java:130)
	at no.hvl.dat110.chordoperations.ChordLookup.findSuccessor(ChordLookup.java:53)
	at no.hvl.dat110.middleware.Node.findSuccessor(Node.java:130)
	at no.hvl.dat110.chordoperations.ChordLookup.findSuccessor(ChordLookup.java:53)
	at no.hvl.dat110.middleware.Node.findSuccessor(Node.java:130)
	at no.hvl.dat110.chordoperations.ChordLookup.findSuccessor(ChordLookup.java:53)
	at no.hvl.dat110.middleware.Node.findSuccessor(Node.java:130)
	at no.hvl.dat110.chordoperations.ChordLookup.findSuccessor(ChordLookup.java:53)
	at no.hvl.dat110.middleware.Node.findSuccessor(Node.java:130)
	at no.hvl.dat110.chordoperations.ChordLookup.findSuccessor(ChordLookup.java:53)
	at no.hvl.dat110.middleware.Node.findSuccessor(Node.java:130)
	at no.hvl.dat110.chordoperations.ChordLookup.findSuccessor(ChordLookup.java:53)
	at no.hvl.dat110.middleware.Node.findSuccessor(Node.java:130)
	at no.hvl.dat110.chordoperations.ChordLookup.findSuccessor(ChordLookup.java:53)
	at no.hvl.dat110.middleware.Node.findSuccessor(Node.java:130)
	at no.hvl.dat110.chordoperations.ChordLookup.findSuccessor(ChordLookup.java:53)
	at no.hvl.dat110.middleware.Node.findSuccessor(Node.java:130)
	at no.hvl.dat110.chordoperations.ChordLookup.findSuccessor(ChordLookup.java:53)
	at no.hvl.dat110.middleware.Node.findSuccessor(Node.java:130)
	at no.hvl.dat110.chordoperations.ChordLookup.findSuccessor(ChordLookup.java:53)
	at no.hvl.dat110.middleware.Node.findSuccessor(Node.java:130)
	at no.hvl.dat110.chordoperations.ChordLookup.findSuccessor(ChordLookup.java:53)
	at no.hvl.dat110.middleware.Node.findSuccessor(Node.java:130)
	at no.hvl.dat110.chordoperations.ChordLookup.findSuccessor(ChordLookup.java:53)
	at no.hvl.dat110.middleware.Node.findSuccessor(Node.java:130)
	at no.hvl.dat110.chordoperations.ChordLookup.findSuccessor(ChordLookup.java:53)
	at no.hvl.dat110.middleware.Node.findSuccessor(Node.java:130)
	at no.hvl.dat110.chordoperations.ChordLookup.findSuccessor(ChordLookup.java:53)
	at no.hvl.dat110.middleware.Node.findSuccessor(Node.java:130)
	at no.hvl.dat110.chordoperations.ChordLookup.findSuccessor(ChordLookup.java:53)
	at no.hvl.dat110.middleware.Node.findSuccessor(Node.java:130)
	at no.hvl.dat110.chordoperations.ChordLookup.findSuccessor(ChordLookup.java:53)
	at no.hvl.dat110.middleware.Node.findSuccessor(Node.java:130)
	at no.hvl.dat110.chordoperations.ChordLookup.findSuccessor(ChordLookup.java:53)
	at no.hvl.dat110.middleware.Node.findSuccessor(Node.java:130)
	at no.hvl.dat110.chordoperations.ChordLookup.findSuccessor(ChordLookup.java:53)
	at no.hvl.dat110.middleware.Node.findSuccessor(Node.java:130)
	at no.hvl.dat110.chordoperations.ChordLookup.findSuccessor(ChordLookup.java:53)
	at no.hvl.dat110.middleware.Node.findSuccessor(Node.java:130)
	at no.hvl.dat110.chordoperations.ChordLookup.findSuccessor(ChordLookup.java:53)
	at no.hvl.dat110.middleware.Node.findSuccessor(Node.java:130)
	at no.hvl.dat110.chordoperations.ChordLookup.findSuccessor(ChordLookup.java:53)
	at no.hvl.dat110.middleware.Node.findSuccessor(Node.java:130)
	at no.hvl.dat110.chordoperations.ChordLookup.findSuccessor(ChordLookup.java:53)
	at no.hvl.dat110.middleware.Node.findSuccessor(Node.java:130)
	at no.hvl.dat110.chordoperations.ChordLookup.findSuccessor(ChordLookup.java:53)
	at no.hvl.dat110.middleware.Node.findSuccessor(Node.java:130)
	at no.hvl.dat110.chordoperations.ChordLookup.findSuccessor(ChordLookup.java:53)
	at no.hvl.dat110.middleware.Node.findSuccessor(Node.java:130)
	at no.hvl.dat110.chordoperations.ChordLookup.findSuccessor(ChordLookup.java:53)
	at no.hvl.dat110.middleware.Node.findSuccessor(Node.java:130)
	at no.hvl.dat110.chordoperations.ChordLookup.findSuccessor(ChordLookup.java:53)
	at no.hvl.dat110.middleware.Node.findSuccessor(Node.java:130)
	at no.hvl.dat110.chordoperations.ChordLookup.findSuccessor(ChordLookup.java:53)
	at no.hvl.dat110.middleware.Node.findSuccessor(Node.java:130)
	at no.hvl.dat110.chordoperations.ChordLookup.findSuccessor(ChordLookup.java:53)
	at no.hvl.dat110.middleware.Node.findSuccessor(Node.java:130)
	at no.hvl.dat110.chordoperations.ChordLookup.findSuccessor(ChordLookup.java:53)
	at no.hvl.dat110.middleware.Node.findSuccessor(Node.java:130)
	at no.hvl.dat110.chordoperations.ChordLookup.findSuccessor(ChordLookup.java:53)
	at no.hvl.dat110.middleware.Node.findSuccessor(Node.java:130)
	at no.hvl.dat110.chordoperations.ChordLookup.findSuccessor(ChordLookup.java:53)
	at no.hvl.dat110.middleware.Node.findSuccessor(Node.java:130)
	at no.hvl.dat110.chordoperations.ChordLookup.findSuccessor(ChordLookup.java:53)
	at no.hvl.dat110.middleware.Node.findSuccessor(Node.java:130)
	at no.hvl.dat110.chordoperations.ChordLookup.findSuccessor(ChordLookup.java:53)
	at no.hvl.dat110.middleware.Node.findSuccessor(Node.java:130)
	at no.hvl.dat110.chordoperations.ChordLookup.findSuccessor(ChordLookup.java:53)
	at no.hvl.dat110.middleware.Node.findSuccessor(Node.java:130)
	at no.hvl.dat110.chordoperations.ChordLookup.findSuccessor(ChordLookup.java:53)
	at no.hvl.dat110.middleware.Node.findSuccessor(Node.java:130)
	at no.hvl.dat110.chordoperations.ChordLookup.findSuccessor(ChordLookup.java:53)
	at no.hvl.dat110.middleware.Node.findSuccessor(Node.java:130)
	at no.hvl.dat110.chordoperations.ChordLookup.findSuccessor(ChordLookup.java:53)
	at no.hvl.dat110.middleware.Node.findSuccessor(Node.java:130)
	at no.hvl.dat110.chordoperations.ChordLookup.findSuccessor(ChordLookup.java:53)
	at no.hvl.dat110.middleware.Node.findSuccessor(Node.java:130)
	at no.hvl.dat110.chordoperations.ChordLookup.findSuccessor(ChordLookup.java:53)
	at no.hvl.dat110.middleware.Node.findSuccessor(Node.java:130)
	at no.hvl.dat110.chordoperations.ChordLookup.findSuccessor(ChordLookup.java:53)
	at no.hvl.dat110.middleware.Node.findSuccessor(Node.java:130)
	at no.hvl.dat110.chordoperations.ChordLookup.findSuccessor(ChordLookup.java:53)
	at no.hvl.dat110.middleware.Node.findSuccessor(Node.java:130)
	at no.hvl.dat110.chordoperations.ChordLookup.findSuccessor(ChordLookup.java:53)
	at no.hvl.dat110.middleware.Node.findSuccessor(Node.java:130)
	at no.hvl.dat110.chordoperations.ChordLookup.findSuccessor(ChordLookup.java:53)
	at no.hvl.dat110.middleware.Node.findSuccessor(Node.java:130)
	at no.hvl.dat110.chordoperations.ChordLookup.findSuccessor(ChordLookup.java:53)
	at no.hvl.dat110.middleware.Node.findSuccessor(Node.java:130)
	at no.hvl.dat110.chordoperations.ChordLookup.findSuccessor(ChordLookup.java:53)
	at no.hvl.dat110.middleware.Node.findSuccessor(Node.java:130)
	at no.hvl.dat110.chordoperations.ChordLookup.findSuccessor(ChordLookup.java:53)
	at no.hvl.dat110.middleware.Node.findSuccessor(Node.java:130)
	at no.hvl.dat110.chordoperations.ChordLookup.findSuccessor(ChordLookup.java:53)
	at no.hvl.dat110.middleware.Node.findSuccessor(Node.java:130)
	at no.hvl.dat110.chordoperations.ChordLookup.findSuccessor(ChordLookup.java:53)
	at no.hvl.dat110.middleware.Node.findSuccessor(Node.java:130)
	at no.hvl.dat110.chordoperations.ChordLookup.findSuccessor(ChordLookup.java:53)
	at no.hvl.dat110.middleware.Node.findSuccessor(Node.java:130)
	at no.hvl.dat110.chordoperations.ChordLookup.findSuccessor(ChordLookup.java:53)
	at no.hvl.dat110.middleware.Node.findSuccessor(Node.java:130)
	at no.hvl.dat110.chordoperations.ChordLookup.findSuccessor(ChordLookup.java:53)
	at no.hvl.dat110.middleware.Node.findSuccessor(Node.java:130)
	at no.hvl.dat110.chordoperations.ChordLookup.findSuccessor(ChordLookup.java:53)
	at no.hvl.dat110.middleware.Node.findSuccessor(Node.java:130)
	at no.hvl.dat110.chordoperations.ChordLookup.findSuccessor(ChordLookup.java:53)
	at no.hvl.dat110.middleware.Node.findSuccessor(Node.java:130)
	at no.hvl.dat110.chordoperations.ChordLookup.findSuccessor(ChordLookup.java:53)
	at no.hvl.dat110.middleware.Node.findSuccessor(Node.java:130)
	at no.hvl.dat110.chordoperations.ChordLookup.findSuccessor(ChordLookup.java:53)
	at no.hvl.dat110.middleware.Node.findSuccessor(Node.java:130)
	at no.hvl.dat110.chordoperations.ChordLookup.findSuccessor(ChordLookup.java:53)
	at no.hvl.dat110.middleware.Node.findSuccessor(Node.java:130)
	at no.hvl.dat110.chordoperations.ChordLookup.findSuccessor(ChordLookup.java:53)
	at no.hvl.dat110.middleware.Node.findSuccessor(Node.java:130)
	at no.hvl.dat110.chordoperations.ChordLookup.findSuccessor(ChordLookup.java:53)
	at no.hvl.dat110.middleware.Node.findSuccessor(Node.java:130)
	at no.hvl.dat110.chordoperations.ChordLookup.findSuccessor(ChordLookup.java:53)
	at no.hvl.dat110.middleware.Node.findSuccessor(Node.java:130)
	at no.hvl.dat110.chordoperations.ChordLookup.findSuccessor(ChordLookup.java:53)
	at no.hvl.dat110.middleware.Node.findSuccessor(Node.java:130)
	at no.hvl.dat110.chordoperations.ChordLookup.findSuccessor(ChordLookup.java:53)
	at no.hvl.dat110.middleware.Node.findSuccessor(Node.java:130)
	at no.hvl.dat110.chordoperations.ChordLookup.findSuccessor(ChordLookup.java:53)
	at no.hvl.dat110.middleware.Node.findSuccessor(Node.java:130)
	at no.hvl.dat110.chordoperations.ChordLookup.findSuccessor(ChordLookup.java:53)
	at no.hvl.dat110.middleware.Node.findSuccessor(Node.java:130)
	at no.hvl.dat110.chordoperations.ChordLookup.findSuccessor(ChordLookup.java:53)
	at no.hvl.dat110.middleware.Node.findSuccessor(Node.java:130)
	at no.hvl.dat110.chordoperations.ChordLookup.findSuccessor(ChordLookup.java:53)
	at no.hvl.dat110.middleware.Node.findSuccessor(Node.java:130)
	at no.hvl.dat110.chordoperations.ChordLookup.findSuccessor(ChordLookup.java:53)
	at no.hvl.dat110.middleware.Node.findSuccessor(Node.java:130)
	at no.hvl.dat110.chordoperations.ChordLookup.findSuccessor(ChordLookup.java:53)
	at no.hvl.dat110.middleware.Node.findSuccessor(Node.java:130)
	at no.hvl.dat110.chordoperations.ChordLookup.findSuccessor(ChordLookup.java:53)
	at no.hvl.dat110.middleware.Node.findSuccessor(Node.java:130)
	at no.hvl.dat110.chordoperations.ChordLookup.findSuccessor(ChordLookup.java:53)
	at no.hvl.dat110.middleware.Node.findSuccessor(Node.java:130)
	at no.hvl.dat110.chordoperations.ChordLookup.findSuccessor(ChordLookup.java:53)
	at no.hvl.dat110.middleware.Node.findSuccessor(Node.java:130)
	at no.hvl.dat110.chordoperations.ChordLookup.findSuccessor(ChordLookup.java:53)
	at no.hvl.dat110.middleware.Node.findSuccessor(Node.java:130)
	at no.hvl.dat110.chordoperations.ChordLookup.findSuccessor(ChordLookup.java:53)
	at no.hvl.dat110.middleware.Node.findSuccessor(Node.java:130)
	at no.hvl.dat110.chordoperations.ChordLookup.findSuccessor(ChordLookup.java:53)
	at no.hvl.dat110.middleware.Node.findSuccessor(Node.java:130)
	at no.hvl.dat110.chordoperations.ChordLookup.findSuccessor(ChordLookup.java:53)
	at no.hvl.dat110.middleware.Node.findSuccessor(Node.java:130)
	at no.hvl.dat110.chordoperations.ChordLookup.findSuccessor(ChordLookup.java:53)
	at no.hvl.dat110.middleware.Node.findSuccessor(Node.java:130)
	at no.hvl.dat110.chordoperations.ChordLookup.findSuccessor(ChordLookup.java:53)
	at no.hvl.dat110.middleware.Node.findSuccessor(Node.java:130)
	at no.hvl.dat110.chordoperations.ChordLookup.findSuccessor(ChordLookup.java:53)
	at no.hvl.dat110.middleware.Node.findSuccessor(Node.java:130)
	at no.hvl.dat110.chordoperations.ChordLookup.findSuccessor(ChordLookup.java:53)
	at no.hvl.dat110.middleware.Node.findSuccessor(Node.java:130)
	at no.hvl.dat110.chordoperations.ChordLookup.findSuccessor(ChordLookup.java:53)
	at no.hvl.dat110.middleware.Node.findSuccessor(Node.java:130)
	at no.hvl.dat110.chordoperations.ChordLookup.findSuccessor(ChordLookup.java:53)
	at no.hvl.dat110.middleware.Node.findSuccessor(Node.java:130)
	at no.hvl.dat110.chordoperations.ChordLookup.findSuccessor(ChordLookup.java:53)
	at no.hvl.dat110.middleware.Node.findSuccessor(Node.java:130)
	at no.hvl.dat110.chordoperations.ChordLookup.findSuccessor(ChordLookup.java:53)
	at no.hvl.dat110.middleware.Node.findSuccessor(Node.java:130)
	at no.hvl.dat110.chordoperations.ChordLookup.findSuccessor(ChordLookup.java:53)
	at no.hvl.dat110.middleware.Node.findSuccessor(Node.java:130)
	at no.hvl.dat110.chordoperations.ChordLookup.findSuccessor(ChordLookup.java:53)
	at no.hvl.dat110.middleware.Node.findSuccessor(Node.java:130)
	at no.hvl.dat110.chordoperations.ChordLookup.findSuccessor(ChordLookup.java:53)
	at no.hvl.dat110.middleware.Node.findSuccessor(Node.java:130)
	at no.hvl.dat110.chordoperations.ChordLookup.findSuccessor(ChordLookup.java:53)
	at no.hvl.dat110.middleware.Node.findSuccessor(Node.java:130)
	at no.hvl.dat110.chordoperations.ChordLookup.findSuccessor(ChordLookup.java:53)
	at no.hvl.dat110.middleware.Node.findSuccessor(Node.java:130)
	at no.hvl.dat110.chordoperations.ChordLookup.findSuccessor(ChordLookup.java:53)
	at no.hvl.dat110.middleware.Node.findSuccessor(Node.java:130)
	at no.hvl.dat110.chordoperations.ChordLookup.findSuccessor(ChordLookup.java:53)
	at no.hvl.dat110.middleware.Node.findSuccessor(Node.java:130)
	at no.hvl.dat110.chordoperations.ChordLookup.findSuccessor(ChordLookup.java:53)
	at no.hvl.dat110.middleware.Node.findSuccessor(Node.java:130)
	at no.hvl.dat110.chordoperations.ChordLookup.findSuccessor(ChordLookup.java:53)
	at no.hvl.dat110.middleware.Node.findSuccessor(Node.java:130)
	at no.hvl.dat110.chordoperations.ChordLookup.findSuccessor(ChordLookup.java:53)
	at no.hvl.dat110.middleware.Node.findSuccessor(Node.java:130)
	at no.hvl.dat110.chordoperations.ChordLookup.findSuccessor(ChordLookup.java:53)
	at no.hvl.dat110.middleware.Node.findSuccessor(Node.java:130)
	at no.hvl.dat110.chordoperations.ChordLookup.findSuccessor(ChordLookup.java:53)
	at no.hvl.dat110.middleware.Node.findSuccessor(Node.java:130)
	at no.hvl.dat110.chordoperations.ChordLookup.findSuccessor(ChordLookup.java:53)
	at no.hvl.dat110.middleware.Node.findSuccessor(Node.java:130)
	at no.hvl.dat110.chordoperations.ChordLookup.findSuccessor(ChordLookup.java:53)
	at no.hvl.dat110.middleware.Node.findSuccessor(Node.java:130)
	at no.hvl.dat110.chordoperations.ChordLookup.findSuccessor(ChordLookup.java:53)
	at no.hvl.dat110.middleware.Node.findSuccessor(Node.java:130)
	at no.hvl.dat110.chordoperations.ChordLookup.findSuccessor(ChordLookup.java:53)
	at no.hvl.dat110.middleware.Node.findSuccessor(Node.java:130)
	at no.hvl.dat110.chordoperations.ChordLookup.findSuccessor(ChordLookup.java:53)
	at no.hvl.dat110.middleware.Node.findSuccessor(Node.java:130)
	at no.hvl.dat110.chordoperations.ChordLookup.findSuccessor(ChordLookup.java:53)
	at no.hvl.dat110.middleware.Node.findSuccessor(Node.java:130)
	at no.hvl.dat110.chordoperations.ChordLookup.findSuccessor(ChordLookup.java:53)
	at no.hvl.dat110.middleware.Node.findSuccessor(Node.java:130)
	at no.hvl.dat110.chordoperations.ChordLookup.findSuccessor(ChordLookup.java:53)
	at no.hvl.dat110.middleware.Node.findSuccessor(Node.java:130)
	at no.hvl.dat110.chordoperations.ChordLookup.findSuccessor(ChordLookup.java:53)
	at no.hvl.dat110.middleware.Node.findSuccessor(Node.java:130)
	at no.hvl.dat110.chordoperations.ChordLookup.findSuccessor(ChordLookup.java:53)
	at no.hvl.dat110.middleware.Node.findSuccessor(Node.java:130)
	at no.hvl.dat110.chordoperations.ChordLookup.findSuccessor(ChordLookup.java:53)
	at no.hvl.dat110.middleware.Node.findSuccessor(Node.java:130)
	at no.hvl.dat110.chordoperations.ChordLookup.findSuccessor(ChordLookup.java:53)
	at no.hvl.dat110.middleware.Node.findSuccessor(Node.java:130)
	at no.hvl.dat110.chordoperations.ChordLookup.findSuccessor(ChordLookup.java:53)
	at no.hvl.dat110.middleware.Node.findSuccessor(Node.java:130)
	at no.hvl.dat110.chordoperations.ChordLookup.findSuccessor(ChordLookup.java:53)
	at no.hvl.dat110.middleware.Node.findSuccessor(Node.java:130)
	at no.hvl.dat110.chordoperations.ChordLookup.findSuccessor(ChordLookup.java:53)
	at no.hvl.dat110.middleware.Node.findSuccessor(Node.java:130)
	at no.hvl.dat110.chordoperations.ChordLookup.findSuccessor(ChordLookup.java:53)
	at no.hvl.dat110.middleware.Node.findSuccessor(Node.java:130)
	at no.hvl.dat110.chordoperations.ChordLookup.findSuccessor(ChordLookup.java:53)
	at no.hvl.dat110.middleware.Node.findSuccessor(Node.java:130)
	at no.hvl.dat110.chordoperations.ChordLookup.findSuccessor(ChordLookup.java:53)
	at no.hvl.dat110.middleware.Node.findSuccessor(Node.java:130)
	at no.hvl.dat110.chordoperations.ChordLookup.findSuccessor(ChordLookup.java:53)
	at no.hvl.dat110.middleware.Node.findSuccessor(Node.java:130)
	at no.hvl.dat110.chordoperations.ChordLookup.findSuccessor(ChordLookup.java:53)
	at no.hvl.dat110.middleware.Node.findSuccessor(Node.java:130)
	at no.hvl.dat110.chordoperations.ChordLookup.findSuccessor(ChordLookup.java:53)
	at no.hvl.dat110.middleware.Node.findSuccessor(Node.java:130)
	at no.hvl.dat110.chordoperations.ChordLookup.findSuccessor(ChordLookup.java:53)
	at no.hvl.dat110.middleware.Node.findSuccessor(Node.java:130)
	at no.hvl.dat110.chordoperations.ChordLookup.findSuccessor(ChordLookup.java:53)
	at no.hvl.dat110.middleware.Node.findSuccessor(Node.java:130)
	at no.hvl.dat110.chordoperations.ChordLookup.findSuccessor(ChordLookup.java:53)
	at no.hvl.dat110.middleware.Node.findSuccessor(Node.java:130)
	at no.hvl.dat110.chordoperations.ChordLookup.findSuccessor(ChordLookup.java:53)
	at no.hvl.dat110.middleware.Node.findSuccessor(Node.java:130)
	at no.hvl.dat110.chordoperations.ChordLookup.findSuccessor(ChordLookup.java:53)
	at no.hvl.dat110.middleware.Node.findSuccessor(Node.java:130)
	at no.hvl.dat110.chordoperations.ChordLookup.findSuccessor(ChordLookup.java:53)
	at no.hvl.dat110.middleware.Node.findSuccessor(Node.java:130)
	at no.hvl.dat110.chordoperations.ChordLookup.findSuccessor(ChordLookup.java:53)
	at no.hvl.dat110.middleware.Node.findSuccessor(Node.java:130)
	at no.hvl.dat110.chordoperations.ChordLookup.findSuccessor(ChordLookup.java:53)
	at no.hvl.dat110.middleware.Node.findSuccessor(Node.java:130)
	at no.hvl.dat110.chordoperations.ChordLookup.findSuccessor(ChordLookup.java:53)
	at no.hvl.dat110.middleware.Node.findSuccessor(Node.java:130)
	at no.hvl.dat110.chordoperations.ChordLookup.findSuccessor(ChordLookup.java:53)
	at no.hvl.dat110.middleware.Node.findSuccessor(Node.java:130)
	at no.hvl.dat110.chordoperations.ChordLookup.findSuccessor(ChordLookup.java:53)
	at no.hvl.dat110.middleware.Node.findSuccessor(Node.java:130)
	at no.hvl.dat110.chordoperations.ChordLookup.findSuccessor(ChordLookup.java:53)
	at no.hvl.dat110.middleware.Node.findSuccessor(Node.java:130)
	at no.hvl.dat110.chordoperations.ChordLookup.findSuccessor(ChordLookup.java:53)
	at no.hvl.dat110.middleware.Node.findSuccessor(Node.java:130)
	at no.hvl.dat110.chordoperations.ChordLookup.findSuccessor(ChordLookup.java:53)
	at no.hvl.dat110.middleware.Node.findSuccessor(Node.java:130)
	at no.hvl.dat110.chordoperations.ChordLookup.findSuccessor(ChordLookup.java:53)
	at no.hvl.dat110.middleware.Node.findSuccessor(Node.java:130)
	at no.hvl.dat110.chordoperations.ChordLookup.findSuccessor(ChordLookup.java:53)
	at no.hvl.dat110.middleware.Node.findSuccessor(Node.java:130)
	at no.hvl.dat110.chordoperations.ChordLookup.findSuccessor(ChordLookup.java:53)
	at no.hvl.dat110.middleware.Node.findSuccessor(Node.java:130)
	at no.hvl.dat110.chordoperations.ChordLookup.findSuccessor(ChordLookup.java:53)
	at no.hvl.dat110.middleware.Node.findSuccessor(Node.java:130)
	at no.hvl.dat110.chordoperations.ChordLookup.findSuccessor(ChordLookup.java:53)
	at no.hvl.dat110.middleware.Node.findSuccessor(Node.java:130)
	at no.hvl.dat110.chordoperations.ChordLookup.findSuccessor(ChordLookup.java:53)
	at no.hvl.dat110.middleware.Node.findSuccessor(Node.java:130)
	at no.hvl.dat110.chordoperations.ChordLookup.findSuccessor(ChordLookup.java:53)
	at no.hvl.dat110.middleware.Node.findSuccessor(Node.java:130)
	at no.hvl.dat110.chordoperations.ChordLookup.findSuccessor(ChordLookup.java:53)
	at no.hvl.dat110.middleware.Node.findSuccessor(Node.java:130)
	at no.hvl.dat110.chordoperations.ChordLookup.findSuccessor(ChordLookup.java:53)
	at no.hvl.dat110.middleware.Node.findSuccessor(Node.java:130)
	at no.hvl.dat110.chordoperations.ChordLookup.findSuccessor(ChordLookup.java:53)
	at no.hvl.dat110.middleware.Node.findSuccessor(Node.java:130)
	at no.hvl.dat110.chordoperations.ChordLookup.findSuccessor(ChordLookup.java:53)
	at no.hvl.dat110.middleware.Node.findSuccessor(Node.java:130)
	at no.hvl.dat110.chordoperations.ChordLookup.findSuccessor(ChordLookup.java:53)
	at no.hvl.dat110.middleware.Node.findSuccessor(Node.java:130)
	at no.hvl.dat110.chordoperations.ChordLookup.findSuccessor(ChordLookup.java:53)
	at no.hvl.dat110.middleware.Node.findSuccessor(Node.java:130)
	at no.hvl.dat110.chordoperations.ChordLookup.findSuccessor(ChordLookup.java:53)
	at no.hvl.dat110.middleware.Node.findSuccessor(Node.java:130)
	at no.hvl.dat110.chordoperations.ChordLookup.findSuccessor(ChordLookup.java:53)
	at no.hvl.dat110.middleware.Node.findSuccessor(Node.java:130)
	at no.hvl.dat110.chordoperations.ChordLookup.findSuccessor(ChordLookup.java:53)
	at no.hvl.dat110.middleware.Node.findSuccessor(Node.java:130)
	at no.hvl.dat110.chordoperations.ChordLookup.findSuccessor(ChordLookup.java:53)
	at no.hvl.dat110.middleware.Node.findSuccessor(Node.java:130)
	at no.hvl.dat110.chordoperations.ChordLookup.findSuccessor(ChordLookup.java:53)
	at no.hvl.dat110.middleware.Node.findSuccessor(Node.java:130)
	at no.hvl.dat110.chordoperations.ChordLookup.findSuccessor(ChordLookup.java:53)
	at no.hvl.dat110.middleware.Node.findSuccessor(Node.java:130)
	at no.hvl.dat110.chordoperations.ChordLookup.findSuccessor(ChordLookup.java:53)
	at no.hvl.dat110.middleware.Node.findSuccessor(Node.java:130)
	at no.hvl.dat110.chordoperations.ChordLookup.findSuccessor(ChordLookup.java:53)
	at no.hvl.dat110.middleware.Node.findSuccessor(Node.java:130)
	at no.hvl.dat110.chordoperations.ChordLookup.findSuccessor(ChordLookup.java:53)
	at no.hvl.dat110.middleware.Node.findSuccessor(Node.java:130)
	at no.hvl.dat110.chordoperations.ChordLookup.findSuccessor(ChordLookup.java:53)
	at no.hvl.dat110.middleware.Node.findSuccessor(Node.java:130)
	at no.hvl.dat110.chordoperations.ChordLookup.findSuccessor(ChordLookup.java:53)
	at no.hvl.dat110.middleware.Node.findSuccessor(Node.java:130)
	at no.hvl.dat110.chordoperations.ChordLookup.findSuccessor(ChordLookup.java:53)
	at no.hvl.dat110.middleware.Node.findSuccessor(Node.java:130)
	at no.hvl.dat110.chordoperations.ChordLookup.findSuccessor(ChordLookup.java:53)
	at no.hvl.dat110.middleware.Node.findSuccessor(Node.java:130)
	at no.hvl.dat110.chordoperations.ChordLookup.findSuccessor(ChordLookup.java:53)
	at no.hvl.dat110.middleware.Node.findSuccessor(Node.java:130)
	at no.hvl.dat110.chordoperations.ChordLookup.findSuccessor(ChordLookup.java:53)
	at no.hvl.dat110.middleware.Node.findSuccessor(Node.java:130)
	at no.hvl.dat110.chordoperations.ChordLookup.findSuccessor(ChordLookup.java:53)
	at no.hvl.dat110.middleware.Node.findSuccessor(Node.java:130)
	at no.hvl.dat110.chordoperations.ChordLookup.findSuccessor(ChordLookup.java:53)
	at no.hvl.dat110.middleware.Node.findSuccessor(Node.java:130)
	at no.hvl.dat110.chordoperations.ChordLookup.findSuccessor(ChordLookup.java:53)
	at no.hvl.dat110.middleware.Node.findSuccessor(Node.java:130)
	at no.hvl.dat110.chordoperations.ChordLookup.findSuccessor(ChordLookup.java:53)
	at no.hvl.dat110.middleware.Node.findSuccessor(Node.java:130)
	at no.hvl.dat110.chordoperations.ChordLookup.findSuccessor(ChordLookup.java:53)
	at no.hvl.dat110.middleware.Node.findSuccessor(Node.java:130)
	at no.hvl.dat110.chordoperations.ChordLookup.findSuccessor(ChordLookup.java:53)
	at no.hvl.dat110.middleware.Node.findSuccessor(Node.java:130)
	at no.hvl.dat110.chordoperations.ChordLookup.findSuccessor(ChordLookup.java:53)
	at no.hvl.dat110.middleware.Node.findSuccessor(Node.java:130)
	at no.hvl.dat110.chordoperations.ChordLookup.findSuccessor(ChordLookup.java:53)
	at no.hvl.dat110.middleware.Node.findSuccessor(Node.java:130)
	at no.hvl.dat110.chordoperations.ChordLookup.findSuccessor(ChordLookup.java:53)
	at no.hvl.dat110.middleware.Node.findSuccessor(Node.java:130)
	at no.hvl.dat110.chordoperations.ChordLookup.findSuccessor(ChordLookup.java:53)
	at no.hvl.dat110.middleware.Node.findSuccessor(Node.java:130)
	at no.hvl.dat110.chordoperations.ChordLookup.findSuccessor(ChordLookup.java:53)
	at no.hvl.dat110.middleware.Node.findSuccessor(Node.java:130)
	at no.hvl.dat110.chordoperations.ChordLookup.findSuccessor(ChordLookup.java:53)
	at no.hvl.dat110.middleware.Node.findSuccessor(Node.java:130)
	at no.hvl.dat110.chordoperations.ChordLookup.findSuccessor(ChordLookup.java:53)
	at no.hvl.dat110.middleware.Node.findSuccessor(Node.java:130)
	at no.hvl.dat110.chordoperations.ChordLookup.findSuccessor(ChordLookup.java:53)
	at no.hvl.dat110.middleware.Node.findSuccessor(Node.java:130)
	at no.hvl.dat110.chordoperations.ChordLookup.findSuccessor(ChordLookup.java:53)
	at no.hvl.dat110.middleware.Node.findSuccessor(Node.java:130)
	at no.hvl.dat110.chordoperations.ChordLookup.findSuccessor(ChordLookup.java:53)
	at no.hvl.dat110.middleware.Node.findSuccessor(Node.java:130)
	at no.hvl.dat110.chordoperations.ChordLookup.findSuccessor(ChordLookup.java:53)
	at no.hvl.dat110.middleware.Node.findSuccessor(Node.java:130)
	at no.hvl.dat110.chordoperations.ChordLookup.findSuccessor(ChordLookup.java:53)
	at no.hvl.dat110.middleware.Node.findSuccessor(Node.java:130)
	at no.hvl.dat110.chordoperations.ChordLookup.findSuccessor(ChordLookup.java:53)
	at no.hvl.dat110.middleware.Node.findSuccessor(Node.java:130)
	at no.hvl.dat110.chordoperations.ChordLookup.findSuccessor(ChordLookup.java:53)
	at no.hvl.dat110.middleware.Node.findSuccessor(Node.java:130)
	at no.hvl.dat110.chordoperations.ChordLookup.findSuccessor(ChordLookup.java:53)
	at no.hvl.dat110.middleware.Node.findSuccessor(Node.java:130)
	at no.hvl.dat110.chordoperations.ChordLookup.findSuccessor(ChordLookup.java:53)
	at no.hvl.dat110.middleware.Node.findSuccessor(Node.java:130)
	at no.hvl.dat110.chordoperations.ChordLookup.findSuccessor(ChordLookup.java:53)
	at no.hvl.dat110.middleware.Node.findSuccessor(Node.java:130)
	at no.hvl.dat110.chordoperations.ChordLookup.findSuccessor(ChordLookup.java:53)
	at no.hvl.dat110.middleware.Node.findSuccessor(Node.java:130)
	at no.hvl.dat110.chordoperations.ChordLookup.findSuccessor(ChordLookup.java:53)
	at no.hvl.dat110.middleware.Node.findSuccessor(Node.java:130)
	at no.hvl.dat110.chordoperations.ChordLookup.findSuccessor(ChordLookup.java:53)
	at no.hvl.dat110.middleware.Node.findSuccessor(Node.java:130)
	at no.hvl.dat110.chordoperations.ChordLookup.findSuccessor(ChordLookup.java:53)
	at no.hvl.dat110.middleware.Node.findSuccessor(Node.java:130)
	at no.hvl.dat110.chordoperations.ChordLookup.findSuccessor(ChordLookup.java:53)
	at no.hvl.dat110.middleware.Node.findSuccessor(Node.java:130)
	at no.hvl.dat110.chordoperations.ChordLookup.findSuccessor(ChordLookup.java:53)
	at no.hvl.dat110.middleware.Node.findSuccessor(Node.java:130)
	at no.hvl.dat110.chordoperations.ChordLookup.findSuccessor(ChordLookup.java:53)
	at no.hvl.dat110.middleware.Node.findSuccessor(Node.java:130)
	at no.hvl.dat110.chordoperations.ChordLookup.findSuccessor(ChordLookup.java:53)
	at no.hvl.dat110.middleware.Node.findSuccessor(Node.java:130)
	at no.hvl.dat110.chordoperations.ChordLookup.findSuccessor(ChordLookup.java:53)
	at no.hvl.dat110.middleware.Node.findSuccessor(Node.java:130)
	at no.hvl.dat110.chordoperations.ChordLookup.findSuccessor(ChordLookup.java:53)
	at no.hvl.dat110.middleware.Node.findSuccessor(Node.java:130)
	at no.hvl.dat110.chordoperations.ChordLookup.findSuccessor(ChordLookup.java:53)
	at no.hvl.dat110.middleware.Node.findSuccessor(Node.java:130)
	at no.hvl.dat110.chordoperations.ChordLookup.findSuccessor(ChordLookup.java:53)
	at no.hvl.dat110.middleware.Node.findSuccessor(Node.java:130)
	at no.hvl.dat110.chordoperations.ChordLookup.findSuccessor(ChordLookup.java:53)
	at no.hvl.dat110.middleware.Node.findSuccessor(Node.java:130)
	at no.hvl.dat110.chordoperations.ChordLookup.findSuccessor(ChordLookup.java:53)
	at no.hvl.dat110.middleware.Node.findSuccessor(Node.java:130)
	at no.hvl.dat110.chordoperations.ChordLookup.findSuccessor(ChordLookup.java:53)
	at no.hvl.dat110.middleware.Node.findSuccessor(Node.java:130)
	at no.hvl.dat110.chordoperations.ChordLookup.findSuccessor(ChordLookup.java:53)
	at no.hvl.dat110.middleware.Node.findSuccessor(Node.java:130)
	at no.hvl.dat110.chordoperations.ChordLookup.findSuccessor(ChordLookup.java:53)
	at no.hvl.dat110.middleware.Node.findSuccessor(Node.java:130)
	at no.hvl.dat110.chordoperations.ChordLookup.findSuccessor(ChordLookup.java:53)
	at no.hvl.dat110.middleware.Node.findSuccessor(Node.java:130)
	at no.hvl.dat110.chordoperations.ChordLookup.findSuccessor(ChordLookup.java:53)
	at no.hvl.dat110.middleware.Node.findSuccessor(Node.java:130)
	at no.hvl.dat110.chordoperations.ChordLookup.findSuccessor(ChordLookup.java:53)
	at no.hvl.dat110.middleware.Node.findSuccessor(Node.java:130)
	at no.hvl.dat110.chordoperations.ChordLookup.findSuccessor(ChordLookup.java:53)
	at no.hvl.dat110.middleware.Node.findSuccessor(Node.java:130)
	at no.hvl.dat110.chordoperations.ChordLookup.findSuccessor(ChordLookup.java:53)
	at no.hvl.dat110.middleware.Node.findSuccessor(Node.java:130)
Exception in thread "Timer-1" java.lang.NullPointerException: Cannot invoke "no.hvl.dat110.rpc.interfaces.NodeInterface.getNodeID()" because "successor" is null
	at no.hvl.dat110.chordoperations.ChordLookup.findSuccessor(ChordLookup.java:40)
	at no.hvl.dat110.middleware.Node.findSuccessor(Node.java:130)
	at no.hvl.dat110.chordoperations.StabilizationProtocols.updateSuccessor(StabilizationProtocols.java:133)
	at no.hvl.dat110.chordoperations.StabilizationProtocols.run(StabilizationProtocols.java:42)
	at java.base/java.util.TimerThread.mainLoop(Timer.java:572)
	at java.base/java.util.TimerThread.run(Timer.java:522)
Exception in thread "Timer-2" java.lang.NullPointerException
Exception in thread "Timer-3" java.lang.NullPointerException
Exception in thread "Timer-4" java.lang.NullPointerException
]]></system-err>
  </testcase>
</testsuite>