<?xml version="1.0" encoding="UTF-8"?>
<testsuite xmlns:xsi="http://www.w3.org/2001/XMLSchema-instance" xsi:noNamespaceSchemaLocation="https://maven.apache.org/surefire/maven-surefire-plugin/xsd/surefire-test-report-3.0.xsd" version="3.0" name="no.hvl.dat110.unit.tests.TestMutex" time="27.013" tests="1" errors="0" skipped="0" failures="1">
  <properties>
    <property name="java.specification.version" value="23"/>
    <property name="sun.cpu.isalist" value="amd64"/>
    <property name="sun.jnu.encoding" value="Cp1252"/>
    <property name="java.class.path" value="C:\HVL\DAT110\obliger\oblig3\dat110-project3-dht-startcode\target\test-classes;C:\HVL\DAT110\obliger\oblig3\dat110-project3-dht-startcode\target\classes;C:\Users\henri\.m2\repository\org\apache\logging\log4j\log4j-core\2.20.0\log4j-core-2.20.0.jar;C:\Users\henri\.m2\repository\org\apache\logging\log4j\log4j-api\2.20.0\log4j-api-2.20.0.jar;C:\Users\henri\.m2\repository\org\junit\jupiter\junit-jupiter-api\5.9.2\junit-jupiter-api-5.9.2.jar;C:\Users\henri\.m2\repository\org\opentest4j\opentest4j\1.2.0\opentest4j-1.2.0.jar;C:\Users\henri\.m2\repository\org\junit\platform\junit-platform-commons\1.9.2\junit-platform-commons-1.9.2.jar;C:\Users\henri\.m2\repository\org\apiguardian\apiguardian-api\1.1.2\apiguardian-api-1.1.2.jar;"/>
    <property name="java.vm.vendor" value="Oracle Corporation"/>
    <property name="sun.arch.data.model" value="64"/>
    <property name="user.variant" value=""/>
    <property name="java.vendor.url" value="https://java.oracle.com/"/>
    <property name="user.timezone" value="Europe/Oslo"/>
    <property name="os.name" value="Windows 11"/>
    <property name="java.vm.specification.version" value="23"/>
    <property name="sun.java.launcher" value="SUN_STANDARD"/>
    <property name="user.country" value="NO"/>
    <property name="sun.boot.library.path" value="C:\Program Files\Java\jdk-23\bin"/>
    <property name="sun.java.command" value="C:\Users\henri\AppData\Local\Temp\surefire6864248728098459046\surefirebooter-20250325000035220_3.jar C:\Users\henri\AppData\Local\Temp\surefire6864248728098459046 2025-03-25T00-00-34_746-jvmRun1 surefire-20250325000035220_1tmp surefire_0-20250325000035220_2tmp"/>
    <property name="jdk.debug" value="release"/>
    <property name="test" value="TestMutex"/>
    <property name="surefire.test.class.path" value="C:\HVL\DAT110\obliger\oblig3\dat110-project3-dht-startcode\target\test-classes;C:\HVL\DAT110\obliger\oblig3\dat110-project3-dht-startcode\target\classes;C:\Users\henri\.m2\repository\org\apache\logging\log4j\log4j-core\2.20.0\log4j-core-2.20.0.jar;C:\Users\henri\.m2\repository\org\apache\logging\log4j\log4j-api\2.20.0\log4j-api-2.20.0.jar;C:\Users\henri\.m2\repository\org\junit\jupiter\junit-jupiter-api\5.9.2\junit-jupiter-api-5.9.2.jar;C:\Users\henri\.m2\repository\org\opentest4j\opentest4j\1.2.0\opentest4j-1.2.0.jar;C:\Users\henri\.m2\repository\org\junit\platform\junit-platform-commons\1.9.2\junit-platform-commons-1.9.2.jar;C:\Users\henri\.m2\repository\org\apiguardian\apiguardian-api\1.1.2\apiguardian-api-1.1.2.jar;"/>
    <property name="sun.cpu.endian" value="little"/>
    <property name="user.home" value="C:\Users\henri"/>
    <property name="user.language" value="no"/>
    <property name="java.specification.vendor" value="Oracle Corporation"/>
    <property name="java.version.date" value="2024-09-17"/>
    <property name="java.home" value="C:\Program Files\Java\jdk-23"/>
    <property name="file.separator" value="\"/>
    <property name="basedir" value="C:\HVL\DAT110\obliger\oblig3\dat110-project3-dht-startcode"/>
    <property name="java.vm.compressedOopsMode" value="Zero based"/>
    <property name="line.separator" value="&#10;"/>
    <property name="java.vm.specification.vendor" value="Oracle Corporation"/>
    <property name="java.specification.name" value="Java Platform API Specification"/>
    <property name="surefire.real.class.path" value="C:\Users\henri\AppData\Local\Temp\surefire6864248728098459046\surefirebooter-20250325000035220_3.jar"/>
    <property name="user.script" value=""/>
    <property name="sun.management.compiler" value="HotSpot 64-Bit Tiered Compilers"/>
    <property name="java.runtime.version" value="23+37-2369"/>
    <property name="user.name" value="henri"/>
    <property name="stdout.encoding" value="Cp1252"/>
    <property name="path.separator" value=";"/>
    <property name="os.version" value="10.0"/>
    <property name="java.runtime.name" value="Java(TM) SE Runtime Environment"/>
    <property name="file.encoding" value="UTF-8"/>
    <property name="java.vm.name" value="Java HotSpot(TM) 64-Bit Server VM"/>
    <property name="localRepository" value="C:\Users\henri\.m2\repository"/>
    <property name="java.vendor.url.bug" value="https://bugreport.java.com/bugreport/"/>
    <property name="java.io.tmpdir" value="C:\Users\henri\AppData\Local\Temp\"/>
    <property name="java.version" value="23"/>
    <property name="user.dir" value="C:\HVL\DAT110\obliger\oblig3\dat110-project3-dht-startcode"/>
    <property name="os.arch" value="amd64"/>
    <property name="java.vm.specification.name" value="Java Virtual Machine Specification"/>
    <property name="sun.os.patch.level" value=""/>
    <property name="native.encoding" value="Cp1252"/>
    <property name="java.library.path" value="C:\Program Files\Java\jdk-23\bin;C:\WINDOWS\Sun\Java\bin;C:\WINDOWS\system32;C:\WINDOWS;C:\Program Files\PowerShell\7;C:\Program Files\Common Files\Oracle\Java\javapath;C:\WINDOWS\system32;C:\WINDOWS;C:\WINDOWS\System32\Wbem;C:\WINDOWS\System32\WindowsPowerShell\v1.0\;C:\WINDOWS\System32\OpenSSH\;C:\Program Files\MATLAB\R2024a\runtime\win64;C:\Program Files\MATLAB\R2024a\bin;C:\Program Files\Microsoft SQL Server\150\Tools\Binn\;C:\Program Files\Microsoft SQL Server\Client SDK\ODBC\170\Tools\Binn\;C:\Program Files\dotnet\;C:\Program Files (x86)\Windows Kits\10\Windows Performance Toolkit\;C:\Program Files\Git\cmd;C:\Program Files\apache-maven-3.9.9\bin;C:\Users\henri\AppData\Local\nvm;C:\nvm4w\nodejs;C:\Program Files\PowerShell\7\;C:\Program Files\Common Files\Oracle\Java\javapath;C:\Windows\system32;C:\Windows;C:\Windows\System32\Wbem;C:\Windows\System32\WindowsPowerShell\v1.0\;C:\Windows\System32\OpenSSH\;C:\Program Files\Git\cmd;C:\Program Files\MATLAB\R2024a\runtime\win64;C:\Program Files\MATLAB\R2024a\bin;C:\Users\henri\AppData\Local\Microsoft\WindowsApps;C:\ProgramData\henri\GitHubDesktop\bin;C:\ghcup\bin;C:\Users\henri\AppData\Local\Programs\Microsoft VS Code\bin;C:\Users\henri\AppData\Roaming\npm;C:\Program Files\nodejs;C:\Users\henri\.dotnet\tools;C:\Users\henri\AppData\Local\Microsoft\WindowsApps;C:\Users\henri\AppData\Local\nvm;C:\nvm4w\nodejs;."/>
    <property name="java.vm.info" value="mixed mode, sharing"/>
    <property name="stderr.encoding" value="Cp1252"/>
    <property name="java.vendor" value="Oracle Corporation"/>
    <property name="java.vm.version" value="23+37-2369"/>
    <property name="sun.io.unicode.encoding" value="UnicodeLittle"/>
    <property name="java.class.version" value="67.0"/>
  </properties>
  <testcase name="test" classname="no.hvl.dat110.unit.tests.TestMutex" time="0.084">
    <failure message="array contents differ at index [1], expected: &lt;false&gt; but was: &lt;true&gt;" type="org.opentest4j.AssertionFailedError"><![CDATA[org.opentest4j.AssertionFailedError: array contents differ at index [1], expected: <false> but was: <true>
	at org.junit.jupiter.api.AssertionFailureBuilder.build(AssertionFailureBuilder.java:151)
	at org.junit.jupiter.api.AssertionFailureBuilder.buildAndThrow(AssertionFailureBuilder.java:132)
	at org.junit.jupiter.api.AssertArrayEquals.failArraysNotEqual(AssertArrayEquals.java:440)
	at org.junit.jupiter.api.AssertArrayEquals.assertArrayElementsEqual(AssertArrayEquals.java:389)
	at org.junit.jupiter.api.AssertArrayEquals.assertArrayEquals(AssertArrayEquals.java:346)
	at org.junit.jupiter.api.AssertArrayEquals.assertArrayEquals(AssertArrayEquals.java:159)
	at org.junit.jupiter.api.AssertArrayEquals.assertArrayEquals(AssertArrayEquals.java:155)
	at org.junit.jupiter.api.Assertions.assertArrayEquals(Assertions.java:1453)
	at no.hvl.dat110.unit.tests.TestMutex.test(TestMutex.java:90)
	at java.base/jdk.internal.reflect.DirectMethodHandleAccessor.invoke(DirectMethodHandleAccessor.java:103)
	at java.base/java.lang.reflect.Method.invoke(Method.java:580)
	at org.junit.platform.commons.util.ReflectionUtils.invokeMethod(ReflectionUtils.java:727)
	at org.junit.jupiter.engine.execution.MethodInvocation.proceed(MethodInvocation.java:60)
	at org.junit.jupiter.engine.execution.InvocationInterceptorChain$ValidatingInvocation.proceed(InvocationInterceptorChain.java:131)
	at org.junit.jupiter.engine.extension.TimeoutExtension.intercept(TimeoutExtension.java:156)
	at org.junit.jupiter.engine.extension.TimeoutExtension.interceptTestableMethod(TimeoutExtension.java:147)
	at org.junit.jupiter.engine.extension.TimeoutExtension.interceptTestMethod(TimeoutExtension.java:86)
	at org.junit.jupiter.engine.execution.InterceptingExecutableInvoker$ReflectiveInterceptorCall.lambda$ofVoidMethod$0(InterceptingExecutableInvoker.java:103)
	at org.junit.jupiter.engine.execution.InterceptingExecutableInvoker.lambda$invoke$0(InterceptingExecutableInvoker.java:93)
	at org.junit.jupiter.engine.execution.InvocationInterceptorChain$InterceptedInvocation.proceed(InvocationInterceptorChain.java:106)
	at org.junit.jupiter.engine.execution.InvocationInterceptorChain.proceed(InvocationInterceptorChain.java:64)
	at org.junit.jupiter.engine.execution.InvocationInterceptorChain.chainAndInvoke(InvocationInterceptorChain.java:45)
	at org.junit.jupiter.engine.execution.InvocationInterceptorChain.invoke(InvocationInterceptorChain.java:37)
	at org.junit.jupiter.engine.execution.InterceptingExecutableInvoker.invoke(InterceptingExecutableInvoker.java:92)
	at org.junit.jupiter.engine.execution.InterceptingExecutableInvoker.invoke(InterceptingExecutableInvoker.java:86)
	at org.junit.jupiter.engine.descriptor.TestMethodTestDescriptor.lambda$invokeTestMethod$7(TestMethodTestDescriptor.java:217)
	at org.junit.platform.engine.support.hierarchical.ThrowableCollector.execute(ThrowableCollector.java:73)
	at org.junit.jupiter.engine.descriptor.TestMethodTestDescriptor.invokeTestMethod(TestMethodTestDescriptor.java:213)
	at org.junit.jupiter.engine.descriptor.TestMethodTestDescriptor.execute(TestMethodTestDescriptor.java:138)
	at org.junit.jupiter.engine.descriptor.TestMethodTestDescriptor.execute(TestMethodTestDescriptor.java:68)
	at org.junit.platform.engine.support.hierarchical.NodeTestTask.lambda$executeRecursively$6(NodeTestTask.java:151)
	at org.junit.platform.engine.support.hierarchical.ThrowableCollector.execute(ThrowableCollector.java:73)
	at org.junit.platform.engine.support.hierarchical.NodeTestTask.lambda$executeRecursively$8(NodeTestTask.java:141)
	at org.junit.platform.engine.support.hierarchical.Node.around(Node.java:137)
	at org.junit.platform.engine.support.hierarchical.NodeTestTask.lambda$executeRecursively$9(NodeTestTask.java:139)
	at org.junit.platform.engine.support.hierarchical.ThrowableCollector.execute(ThrowableCollector.java:73)
	at org.junit.platform.engine.support.hierarchical.NodeTestTask.executeRecursively(NodeTestTask.java:138)
	at org.junit.platform.engine.support.hierarchical.NodeTestTask.execute(NodeTestTask.java:95)
	at java.base/java.util.ArrayList.forEach(ArrayList.java:1597)
	at org.junit.platform.engine.support.hierarchical.SameThreadHierarchicalTestExecutorService.invokeAll(SameThreadHierarchicalTestExecutorService.java:41)
	at org.junit.platform.engine.support.hierarchical.NodeTestTask.lambda$executeRecursively$6(NodeTestTask.java:155)
	at org.junit.platform.engine.support.hierarchical.ThrowableCollector.execute(ThrowableCollector.java:73)
	at org.junit.platform.engine.support.hierarchical.NodeTestTask.lambda$executeRecursively$8(NodeTestTask.java:141)
	at org.junit.platform.engine.support.hierarchical.Node.around(Node.java:137)
	at org.junit.platform.engine.support.hierarchical.NodeTestTask.lambda$executeRecursively$9(NodeTestTask.java:139)
	at org.junit.platform.engine.support.hierarchical.ThrowableCollector.execute(ThrowableCollector.java:73)
	at org.junit.platform.engine.support.hierarchical.NodeTestTask.executeRecursively(NodeTestTask.java:138)
	at org.junit.platform.engine.support.hierarchical.NodeTestTask.execute(NodeTestTask.java:95)
	at java.base/java.util.ArrayList.forEach(ArrayList.java:1597)
	at org.junit.platform.engine.support.hierarchical.SameThreadHierarchicalTestExecutorService.invokeAll(SameThreadHierarchicalTestExecutorService.java:41)
	at org.junit.platform.engine.support.hierarchical.NodeTestTask.lambda$executeRecursively$6(NodeTestTask.java:155)
	at org.junit.platform.engine.support.hierarchical.ThrowableCollector.execute(ThrowableCollector.java:73)
	at org.junit.platform.engine.support.hierarchical.NodeTestTask.lambda$executeRecursively$8(NodeTestTask.java:141)
	at org.junit.platform.engine.support.hierarchical.Node.around(Node.java:137)
	at org.junit.platform.engine.support.hierarchical.NodeTestTask.lambda$executeRecursively$9(NodeTestTask.java:139)
	at org.junit.platform.engine.support.hierarchical.ThrowableCollector.execute(ThrowableCollector.java:73)
	at org.junit.platform.engine.support.hierarchical.NodeTestTask.executeRecursively(NodeTestTask.java:138)
	at org.junit.platform.engine.support.hierarchical.NodeTestTask.execute(NodeTestTask.java:95)
	at org.junit.platform.engine.support.hierarchical.SameThreadHierarchicalTestExecutorService.submit(SameThreadHierarchicalTestExecutorService.java:35)
	at org.junit.platform.engine.support.hierarchical.HierarchicalTestExecutor.execute(HierarchicalTestExecutor.java:57)
	at org.junit.platform.engine.support.hierarchical.HierarchicalTestEngine.execute(HierarchicalTestEngine.java:54)
	at org.junit.platform.launcher.core.EngineExecutionOrchestrator.execute(EngineExecutionOrchestrator.java:147)
	at org.junit.platform.launcher.core.EngineExecutionOrchestrator.execute(EngineExecutionOrchestrator.java:127)
	at org.junit.platform.launcher.core.EngineExecutionOrchestrator.execute(EngineExecutionOrchestrator.java:90)
	at org.junit.platform.launcher.core.EngineExecutionOrchestrator.lambda$execute$0(EngineExecutionOrchestrator.java:55)
	at org.junit.platform.launcher.core.EngineExecutionOrchestrator.withInterceptedStreams(EngineExecutionOrchestrator.java:102)
	at org.junit.platform.launcher.core.EngineExecutionOrchestrator.execute(EngineExecutionOrchestrator.java:54)
	at org.junit.platform.launcher.core.DefaultLauncher.execute(DefaultLauncher.java:114)
	at org.junit.platform.launcher.core.DefaultLauncher.execute(DefaultLauncher.java:86)
	at org.junit.platform.launcher.core.DefaultLauncherSession$DelegatingLauncher.execute(DefaultLauncherSession.java:86)
	at org.apache.maven.surefire.junitplatform.LazyLauncher.execute(LazyLauncher.java:55)
	at org.apache.maven.surefire.junitplatform.JUnitPlatformProvider.execute(JUnitPlatformProvider.java:223)
	at org.apache.maven.surefire.junitplatform.JUnitPlatformProvider.invokeAllTests(JUnitPlatformProvider.java:175)
	at org.apache.maven.surefire.junitplatform.JUnitPlatformProvider.invoke(JUnitPlatformProvider.java:139)
	at org.apache.maven.surefire.booter.ForkedBooter.runSuitesInProcess(ForkedBooter.java:456)
	at org.apache.maven.surefire.booter.ForkedBooter.execute(ForkedBooter.java:169)
	at org.apache.maven.surefire.booter.ForkedBooter.run(ForkedBooter.java:595)
	at org.apache.maven.surefire.booter.ForkedBooter.main(ForkedBooter.java:581)
]]></failure>
    <system-out><![CDATA[2025-03-25 00:00:37 INFO  NodeServer:50 - process1 server is running... 
process1:9091
2025-03-25 00:00:37 INFO  ChordProtocols:109 - New ring created. Node = process1 | Successor = process1 | Predecessor = null
2025-03-25 00:00:39 INFO  NodeServer:50 - process2 server is running... 
process1:9091
2025-03-25 00:00:39 INFO  ChordProtocols:69 - JoinRing-randomNode = process1
2025-03-25 00:00:39 INFO  ChordProtocols:159 - Fixing the FingerTable for the Node: process2
2025-03-25 00:00:39 INFO  ChordLookup:95 - copy file keys that are <= process2 from successor process1 to process2
2025-03-25 00:00:39 INFO  ChordLookup:112 - Finished copying file keys from successor process1 to process2
2025-03-25 00:00:39 INFO  ChordProtocols:87 - process2 is between null | process1
2025-03-25 00:00:41 INFO  NodeServer:50 - process3 server is running... 
process1:9091
2025-03-25 00:00:41 INFO  ChordProtocols:69 - JoinRing-randomNode = process1
2025-03-25 00:00:41 INFO  ChordProtocols:159 - Fixing the FingerTable for the Node: process3
2025-03-25 00:00:41 INFO  ChordLookup:95 - copy file keys that are <= process3 from successor process1 to process3
2025-03-25 00:00:41 INFO  ChordLookup:112 - Finished copying file keys from successor process1 to process3
2025-03-25 00:00:41 INFO  ChordProtocols:87 - process3 is between null | process1
2025-03-25 00:00:42 INFO  StabilizationProtocols:130 - Updating the successor for Node: process1
2025-03-25 00:00:42 INFO  StabilizationProtocols:165 - Finished updating the successor for Node: process1
2025-03-25 00:00:42 INFO  StabilizationProtocols:84 - Stabilizing ring from process1...
2025-03-25 00:00:42 INFO  StabilizationProtocols:91 - Stabilize ring: succnode = process1
2025-03-25 00:00:42 INFO  StabilizationProtocols:113 - Finished stabilizing chordring from process1
2025-03-25 00:00:42 INFO  ChordProtocols:159 - Fixing the FingerTable for the Node: process1
2025-03-25 00:00:42 INFO  StabilizationProtocols:60 - Checking the predecessor for Node: process1
==================================
Node Identifier = 53937554629190552131995290006614509577
Node IP address = process1
successor(process1) = process1
predecessor(process1) = process2
Current File keys for process1 => []
==================================
2025-03-25 00:00:43 INFO  NodeServer:50 - process4 server is running... 
process1:9091
2025-03-25 00:00:43 INFO  ChordProtocols:69 - JoinRing-randomNode = process1
2025-03-25 00:00:43 INFO  ChordProtocols:159 - Fixing the FingerTable for the Node: process4
2025-03-25 00:00:43 INFO  ChordLookup:95 - copy file keys that are <= process4 from successor process1 to process4
2025-03-25 00:00:43 INFO  ChordLookup:112 - Finished copying file keys from successor process1 to process4
2025-03-25 00:00:43 INFO  ChordProtocols:87 - process4 is between null | process1
2025-03-25 00:00:44 INFO  StabilizationProtocols:130 - Updating the successor for Node: process1
2025-03-25 00:00:44 INFO  StabilizationProtocols:165 - Finished updating the successor for Node: process1
2025-03-25 00:00:44 INFO  StabilizationProtocols:84 - Stabilizing ring from process1...
2025-03-25 00:00:44 INFO  StabilizationProtocols:91 - Stabilize ring: succnode = process2
2025-03-25 00:00:44 INFO  StabilizationProtocols:113 - Finished stabilizing chordring from process1
2025-03-25 00:00:44 INFO  ChordProtocols:159 - Fixing the FingerTable for the Node: process1
2025-03-25 00:00:44 INFO  StabilizationProtocols:60 - Checking the predecessor for Node: process1
==================================
Node Identifier = 53937554629190552131995290006614509577
Node IP address = process1
successor(process1) = process2
predecessor(process1) = process2
Current File keys for process1 => []
==================================
2025-03-25 00:00:44 INFO  StabilizationProtocols:130 - Updating the successor for Node: process2
2025-03-25 00:00:44 INFO  StabilizationProtocols:84 - Stabilizing ring from process2...
2025-03-25 00:00:44 INFO  StabilizationProtocols:91 - Stabilize ring: succnode = process1
2025-03-25 00:00:44 INFO  StabilizationProtocols:113 - Finished stabilizing chordring from process2
2025-03-25 00:00:44 INFO  ChordProtocols:159 - Fixing the FingerTable for the Node: process2
2025-03-25 00:00:44 INFO  StabilizationProtocols:60 - Checking the predecessor for Node: process2
==================================
Node Identifier = 15618062003214643351512781541041391612
Node IP address = process2
successor(process2) = process1
predecessor(process2) = process2
Current File keys for process2 => []
==================================
2025-03-25 00:00:45 INFO  NodeServer:50 - process5 server is running... 
process1:9091
2025-03-25 00:00:45 INFO  ChordProtocols:69 - JoinRing-randomNode = process1
2025-03-25 00:00:45 INFO  ChordProtocols:159 - Fixing the FingerTable for the Node: process5
2025-03-25 00:00:45 INFO  ChordLookup:95 - copy file keys that are <= process5 from successor process2 to process5
2025-03-25 00:00:45 INFO  ChordLookup:112 - Finished copying file keys from successor process2 to process5
2025-03-25 00:00:45 INFO  ChordProtocols:87 - process5 is between null | process2
2025-03-25 00:00:46 INFO  StabilizationProtocols:130 - Updating the successor for Node: process1
2025-03-25 00:00:46 INFO  StabilizationProtocols:165 - Finished updating the successor for Node: process1
2025-03-25 00:00:46 INFO  StabilizationProtocols:84 - Stabilizing ring from process1...
2025-03-25 00:00:46 INFO  StabilizationProtocols:91 - Stabilize ring: succnode = process5
2025-03-25 00:00:46 INFO  StabilizationProtocols:113 - Finished stabilizing chordring from process1
2025-03-25 00:00:46 INFO  ChordProtocols:159 - Fixing the FingerTable for the Node: process1
2025-03-25 00:00:46 INFO  StabilizationProtocols:60 - Checking the predecessor for Node: process1
==================================
Node Identifier = 53937554629190552131995290006614509577
Node IP address = process1
successor(process1) = process5
predecessor(process1) = process2
Current File keys for process1 => []
==================================
2025-03-25 00:00:46 INFO  StabilizationProtocols:130 - Updating the successor for Node: process2
2025-03-25 00:00:46 INFO  StabilizationProtocols:84 - Stabilizing ring from process2...
2025-03-25 00:00:46 INFO  StabilizationProtocols:91 - Stabilize ring: succnode = process1
2025-03-25 00:00:46 INFO  StabilizationProtocols:113 - Finished stabilizing chordring from process2
2025-03-25 00:00:46 INFO  ChordProtocols:159 - Fixing the FingerTable for the Node: process2
2025-03-25 00:00:46 INFO  StabilizationProtocols:60 - Checking the predecessor for Node: process2
==================================
Node Identifier = 15618062003214643351512781541041391612
Node IP address = process2
successor(process2) = process1
predecessor(process2) = process5
Current File keys for process2 => []
==================================
2025-03-25 00:00:46 INFO  StabilizationProtocols:130 - Updating the successor for Node: process3
2025-03-25 00:00:46 INFO  StabilizationProtocols:165 - Finished updating the successor for Node: process3
2025-03-25 00:00:46 INFO  StabilizationProtocols:84 - Stabilizing ring from process3...
2025-03-25 00:00:46 INFO  StabilizationProtocols:91 - Stabilize ring: succnode = process2
2025-03-25 00:00:46 INFO  ChordLookup:95 - copy file keys that are <= process3 from successor process2 to process3
2025-03-25 00:00:46 INFO  ChordLookup:112 - Finished copying file keys from successor process2 to process3
2025-03-25 00:00:46 INFO  StabilizationProtocols:113 - Finished stabilizing chordring from process3
2025-03-25 00:00:46 INFO  ChordProtocols:159 - Fixing the FingerTable for the Node: process3
2025-03-25 00:00:46 INFO  StabilizationProtocols:60 - Checking the predecessor for Node: process3
==================================
Node Identifier = 66910184482037901621933403444034052414
Node IP address = process3
successor(process3) = process5
predecessor(process3) = process3
Current File keys for process3 => []
==================================
2025-03-25 00:00:48 INFO  StabilizationProtocols:130 - Updating the successor for Node: process1
2025-03-25 00:00:48 INFO  StabilizationProtocols:165 - Finished updating the successor for Node: process1
2025-03-25 00:00:48 INFO  StabilizationProtocols:84 - Stabilizing ring from process1...
2025-03-25 00:00:48 INFO  StabilizationProtocols:91 - Stabilize ring: succnode = process3
2025-03-25 00:00:48 INFO  StabilizationProtocols:113 - Finished stabilizing chordring from process1
2025-03-25 00:00:48 INFO  ChordProtocols:159 - Fixing the FingerTable for the Node: process1
2025-03-25 00:00:48 INFO  StabilizationProtocols:60 - Checking the predecessor for Node: process1
==================================
Node Identifier = 53937554629190552131995290006614509577
Node IP address = process1
successor(process1) = process3
predecessor(process1) = process2
Current File keys for process1 => []
==================================
2025-03-25 00:00:48 INFO  StabilizationProtocols:130 - Updating the successor for Node: process2
2025-03-25 00:00:48 INFO  StabilizationProtocols:84 - Stabilizing ring from process2...
2025-03-25 00:00:48 INFO  StabilizationProtocols:91 - Stabilize ring: succnode = process1
2025-03-25 00:00:48 INFO  StabilizationProtocols:113 - Finished stabilizing chordring from process2
2025-03-25 00:00:48 INFO  ChordProtocols:159 - Fixing the FingerTable for the Node: process2
2025-03-25 00:00:48 INFO  StabilizationProtocols:60 - Checking the predecessor for Node: process2
==================================
Node Identifier = 15618062003214643351512781541041391612
Node IP address = process2
successor(process2) = process1
predecessor(process2) = process5
Current File keys for process2 => []
==================================
2025-03-25 00:00:48 INFO  StabilizationProtocols:130 - Updating the successor for Node: process3
2025-03-25 00:00:48 INFO  StabilizationProtocols:84 - Stabilizing ring from process3...
2025-03-25 00:00:48 INFO  StabilizationProtocols:91 - Stabilize ring: succnode = process5
2025-03-25 00:00:48 INFO  StabilizationProtocols:113 - Finished stabilizing chordring from process3
2025-03-25 00:00:48 INFO  ChordProtocols:159 - Fixing the FingerTable for the Node: process3
2025-03-25 00:00:48 INFO  StabilizationProtocols:60 - Checking the predecessor for Node: process3
==================================
Node Identifier = 66910184482037901621933403444034052414
Node IP address = process3
successor(process3) = process5
predecessor(process3) = process3
Current File keys for process3 => []
==================================
2025-03-25 00:00:48 INFO  StabilizationProtocols:130 - Updating the successor for Node: process4
2025-03-25 00:00:48 INFO  StabilizationProtocols:165 - Finished updating the successor for Node: process4
2025-03-25 00:00:48 INFO  StabilizationProtocols:84 - Stabilizing ring from process4...
2025-03-25 00:00:48 INFO  StabilizationProtocols:91 - Stabilize ring: succnode = process2
2025-03-25 00:00:48 INFO  StabilizationProtocols:113 - Finished stabilizing chordring from process4
2025-03-25 00:00:48 INFO  ChordProtocols:159 - Fixing the FingerTable for the Node: process4
2025-03-25 00:00:48 INFO  StabilizationProtocols:60 - Checking the predecessor for Node: process4
==================================
Node Identifier = 210821560651360572675896360671414673172
Node IP address = process4
successor(process4) = process2
predecessor(process4) = process4
Current File keys for process4 => []
==================================
2025-03-25 00:00:50 INFO  StabilizationProtocols:130 - Updating the successor for Node: process1
2025-03-25 00:00:50 INFO  StabilizationProtocols:165 - Finished updating the successor for Node: process1
2025-03-25 00:00:50 INFO  StabilizationProtocols:84 - Stabilizing ring from process1...
2025-03-25 00:00:50 INFO  StabilizationProtocols:91 - Stabilize ring: succnode = process3
2025-03-25 00:00:50 INFO  StabilizationProtocols:113 - Finished stabilizing chordring from process1
2025-03-25 00:00:50 INFO  ChordProtocols:159 - Fixing the FingerTable for the Node: process1
2025-03-25 00:00:50 INFO  StabilizationProtocols:60 - Checking the predecessor for Node: process1
==================================
Node Identifier = 53937554629190552131995290006614509577
Node IP address = process1
successor(process1) = process3
predecessor(process1) = process2
Current File keys for process1 => []
==================================
2025-03-25 00:00:50 INFO  StabilizationProtocols:130 - Updating the successor for Node: process2
2025-03-25 00:00:50 INFO  StabilizationProtocols:84 - Stabilizing ring from process2...
2025-03-25 00:00:50 INFO  StabilizationProtocols:91 - Stabilize ring: succnode = process1
2025-03-25 00:00:50 INFO  StabilizationProtocols:113 - Finished stabilizing chordring from process2
2025-03-25 00:00:50 INFO  ChordProtocols:159 - Fixing the FingerTable for the Node: process2
2025-03-25 00:00:50 INFO  StabilizationProtocols:60 - Checking the predecessor for Node: process2
==================================
Node Identifier = 15618062003214643351512781541041391612
Node IP address = process2
successor(process2) = process1
predecessor(process2) = process5
Current File keys for process2 => []
==================================
2025-03-25 00:00:50 INFO  StabilizationProtocols:130 - Updating the successor for Node: process3
2025-03-25 00:00:50 INFO  StabilizationProtocols:84 - Stabilizing ring from process3...
2025-03-25 00:00:50 INFO  StabilizationProtocols:91 - Stabilize ring: succnode = process5
2025-03-25 00:00:50 INFO  StabilizationProtocols:113 - Finished stabilizing chordring from process3
2025-03-25 00:00:50 INFO  ChordProtocols:159 - Fixing the FingerTable for the Node: process3
2025-03-25 00:00:50 INFO  StabilizationProtocols:60 - Checking the predecessor for Node: process3
==================================
Node Identifier = 66910184482037901621933403444034052414
Node IP address = process3
successor(process3) = process5
predecessor(process3) = process1
Current File keys for process3 => []
==================================
2025-03-25 00:00:50 INFO  StabilizationProtocols:130 - Updating the successor for Node: process4
2025-03-25 00:00:50 INFO  StabilizationProtocols:165 - Finished updating the successor for Node: process4
2025-03-25 00:00:50 INFO  StabilizationProtocols:84 - Stabilizing ring from process4...
2025-03-25 00:00:50 INFO  StabilizationProtocols:91 - Stabilize ring: succnode = process5
2025-03-25 00:00:50 INFO  ChordLookup:95 - copy file keys that are <= process4 from successor process5 to process4
2025-03-25 00:00:50 INFO  ChordLookup:112 - Finished copying file keys from successor process5 to process4
2025-03-25 00:00:50 INFO  StabilizationProtocols:113 - Finished stabilizing chordring from process4
2025-03-25 00:00:50 INFO  ChordProtocols:159 - Fixing the FingerTable for the Node: process4
2025-03-25 00:00:50 INFO  StabilizationProtocols:130 - Updating the successor for Node: process5
2025-03-25 00:00:50 INFO  StabilizationProtocols:84 - Stabilizing ring from process5...
2025-03-25 00:00:50 INFO  StabilizationProtocols:91 - Stabilize ring: succnode = process2
2025-03-25 00:00:50 INFO  StabilizationProtocols:60 - Checking the predecessor for Node: process4
==================================
Node Identifier = 210821560651360572675896360671414673172
Node IP address = process4
successor(process4) = process3
predecessor(process4) = process4
Current File keys for process4 => []
==================================
2025-03-25 00:00:50 INFO  StabilizationProtocols:113 - Finished stabilizing chordring from process5
2025-03-25 00:00:50 INFO  ChordProtocols:159 - Fixing the FingerTable for the Node: process5
2025-03-25 00:00:50 INFO  StabilizationProtocols:60 - Checking the predecessor for Node: process5
==================================
Node Identifier = 121411138451101288395601026024677976156
Node IP address = process5
successor(process5) = process2
predecessor(process5) = process3
Current File keys for process5 => []
==================================
2025-03-25 00:00:52 INFO  StabilizationProtocols:130 - Updating the successor for Node: process1
2025-03-25 00:00:52 INFO  StabilizationProtocols:84 - Stabilizing ring from process1...
2025-03-25 00:00:52 INFO  StabilizationProtocols:91 - Stabilize ring: succnode = process3
2025-03-25 00:00:52 INFO  StabilizationProtocols:113 - Finished stabilizing chordring from process1
2025-03-25 00:00:52 INFO  ChordProtocols:159 - Fixing the FingerTable for the Node: process1
2025-03-25 00:00:52 INFO  StabilizationProtocols:60 - Checking the predecessor for Node: process1
==================================
Node Identifier = 53937554629190552131995290006614509577
Node IP address = process1
successor(process1) = process3
predecessor(process1) = process2
Current File keys for process1 => []
==================================
2025-03-25 00:00:52 INFO  StabilizationProtocols:130 - Updating the successor for Node: process2
2025-03-25 00:00:52 INFO  StabilizationProtocols:84 - Stabilizing ring from process2...
2025-03-25 00:00:52 INFO  StabilizationProtocols:91 - Stabilize ring: succnode = process1
2025-03-25 00:00:52 INFO  StabilizationProtocols:113 - Finished stabilizing chordring from process2
2025-03-25 00:00:52 INFO  ChordProtocols:159 - Fixing the FingerTable for the Node: process2
2025-03-25 00:00:52 INFO  StabilizationProtocols:60 - Checking the predecessor for Node: process2
==================================
Node Identifier = 15618062003214643351512781541041391612
Node IP address = process2
successor(process2) = process1
predecessor(process2) = process5
Current File keys for process2 => []
==================================
2025-03-25 00:00:52 INFO  StabilizationProtocols:130 - Updating the successor for Node: process3
2025-03-25 00:00:52 INFO  StabilizationProtocols:84 - Stabilizing ring from process3...
2025-03-25 00:00:52 INFO  StabilizationProtocols:91 - Stabilize ring: succnode = process5
2025-03-25 00:00:52 INFO  StabilizationProtocols:113 - Finished stabilizing chordring from process3
2025-03-25 00:00:52 INFO  ChordProtocols:159 - Fixing the FingerTable for the Node: process3
2025-03-25 00:00:52 INFO  StabilizationProtocols:60 - Checking the predecessor for Node: process3
==================================
Node Identifier = 66910184482037901621933403444034052414
Node IP address = process3
successor(process3) = process5
predecessor(process3) = process1
Current File keys for process3 => []
==================================
2025-03-25 00:00:52 INFO  StabilizationProtocols:130 - Updating the successor for Node: process4
2025-03-25 00:00:52 INFO  StabilizationProtocols:165 - Finished updating the successor for Node: process4
2025-03-25 00:00:52 INFO  StabilizationProtocols:84 - Stabilizing ring from process4...
2025-03-25 00:00:52 INFO  StabilizationProtocols:91 - Stabilize ring: succnode = process1
2025-03-25 00:00:52 INFO  ChordLookup:95 - copy file keys that are <= process4 from successor process1 to process4
2025-03-25 00:00:52 INFO  ChordLookup:112 - Finished copying file keys from successor process1 to process4
2025-03-25 00:00:52 INFO  StabilizationProtocols:113 - Finished stabilizing chordring from process4
2025-03-25 00:00:52 INFO  ChordProtocols:159 - Fixing the FingerTable for the Node: process4
2025-03-25 00:00:52 INFO  StabilizationProtocols:60 - Checking the predecessor for Node: process4
==================================
Node Identifier = 210821560651360572675896360671414673172
Node IP address = process4
successor(process4) = process2
predecessor(process4) = process4
Current File keys for process4 => []
==================================
2025-03-25 00:00:52 INFO  StabilizationProtocols:130 - Updating the successor for Node: process5
2025-03-25 00:00:52 INFO  StabilizationProtocols:165 - Finished updating the successor for Node: process5
2025-03-25 00:00:52 INFO  StabilizationProtocols:84 - Stabilizing ring from process5...
2025-03-25 00:00:52 INFO  StabilizationProtocols:91 - Stabilize ring: succnode = process4
2025-03-25 00:00:52 INFO  StabilizationProtocols:113 - Finished stabilizing chordring from process5
2025-03-25 00:00:52 INFO  ChordProtocols:159 - Fixing the FingerTable for the Node: process5
2025-03-25 00:00:52 INFO  StabilizationProtocols:60 - Checking the predecessor for Node: process5
==================================
Node Identifier = 121411138451101288395601026024677976156
Node IP address = process5
successor(process5) = process4
predecessor(process5) = process3
Current File keys for process5 => []
==================================
2025-03-25 00:00:54 INFO  StabilizationProtocols:130 - Updating the successor for Node: process1
2025-03-25 00:00:54 INFO  StabilizationProtocols:84 - Stabilizing ring from process1...
2025-03-25 00:00:54 INFO  StabilizationProtocols:91 - Stabilize ring: succnode = process3
2025-03-25 00:00:54 INFO  StabilizationProtocols:113 - Finished stabilizing chordring from process1
2025-03-25 00:00:54 INFO  ChordProtocols:159 - Fixing the FingerTable for the Node: process1
2025-03-25 00:00:54 INFO  StabilizationProtocols:60 - Checking the predecessor for Node: process1
==================================
Node Identifier = 53937554629190552131995290006614509577
Node IP address = process1
successor(process1) = process3
predecessor(process1) = process2
Current File keys for process1 => []
==================================
2025-03-25 00:00:54 INFO  StabilizationProtocols:130 - Updating the successor for Node: process2
2025-03-25 00:00:54 INFO  StabilizationProtocols:84 - Stabilizing ring from process2...
2025-03-25 00:00:54 INFO  StabilizationProtocols:91 - Stabilize ring: succnode = process1
2025-03-25 00:00:54 INFO  StabilizationProtocols:113 - Finished stabilizing chordring from process2
2025-03-25 00:00:54 INFO  ChordProtocols:159 - Fixing the FingerTable for the Node: process2
2025-03-25 00:00:54 INFO  StabilizationProtocols:60 - Checking the predecessor for Node: process2
==================================
Node Identifier = 15618062003214643351512781541041391612
Node IP address = process2
successor(process2) = process1
predecessor(process2) = process4
Current File keys for process2 => []
==================================
2025-03-25 00:00:54 INFO  StabilizationProtocols:130 - Updating the successor for Node: process3
2025-03-25 00:00:54 INFO  StabilizationProtocols:84 - Stabilizing ring from process3...
2025-03-25 00:00:54 INFO  StabilizationProtocols:91 - Stabilize ring: succnode = process5
2025-03-25 00:00:54 INFO  StabilizationProtocols:113 - Finished stabilizing chordring from process3
2025-03-25 00:00:54 INFO  ChordProtocols:159 - Fixing the FingerTable for the Node: process3
2025-03-25 00:00:54 INFO  StabilizationProtocols:60 - Checking the predecessor for Node: process3
==================================
Node Identifier = 66910184482037901621933403444034052414
Node IP address = process3
successor(process3) = process5
predecessor(process3) = process1
Current File keys for process3 => []
==================================
2025-03-25 00:00:54 INFO  StabilizationProtocols:130 - Updating the successor for Node: process4
2025-03-25 00:00:54 INFO  StabilizationProtocols:84 - Stabilizing ring from process4...
2025-03-25 00:00:54 INFO  StabilizationProtocols:91 - Stabilize ring: succnode = process2
2025-03-25 00:00:54 INFO  StabilizationProtocols:113 - Finished stabilizing chordring from process4
2025-03-25 00:00:54 INFO  ChordProtocols:159 - Fixing the FingerTable for the Node: process4
2025-03-25 00:00:54 INFO  StabilizationProtocols:60 - Checking the predecessor for Node: process4
==================================
Node Identifier = 210821560651360572675896360671414673172
Node IP address = process4
successor(process4) = process2
predecessor(process4) = process4
Current File keys for process4 => []
==================================
2025-03-25 00:00:54 INFO  StabilizationProtocols:130 - Updating the successor for Node: process5
2025-03-25 00:00:54 INFO  StabilizationProtocols:165 - Finished updating the successor for Node: process5
2025-03-25 00:00:54 INFO  StabilizationProtocols:84 - Stabilizing ring from process5...
2025-03-25 00:00:54 INFO  StabilizationProtocols:91 - Stabilize ring: succnode = process4
2025-03-25 00:00:54 INFO  StabilizationProtocols:113 - Finished stabilizing chordring from process5
2025-03-25 00:00:54 INFO  ChordProtocols:159 - Fixing the FingerTable for the Node: process5
2025-03-25 00:00:54 INFO  StabilizationProtocols:60 - Checking the predecessor for Node: process5
==================================
Node Identifier = 121411138451101288395601026024677976156
Node IP address = process5
successor(process5) = process4
predecessor(process5) = process3
Current File keys for process5 => []
==================================
2025-03-25 00:00:56 INFO  StabilizationProtocols:130 - Updating the successor for Node: process1
2025-03-25 00:00:56 INFO  StabilizationProtocols:84 - Stabilizing ring from process1...
2025-03-25 00:00:56 INFO  StabilizationProtocols:91 - Stabilize ring: succnode = process3
2025-03-25 00:00:56 INFO  StabilizationProtocols:113 - Finished stabilizing chordring from process1
2025-03-25 00:00:56 INFO  ChordProtocols:159 - Fixing the FingerTable for the Node: process1
2025-03-25 00:00:56 INFO  StabilizationProtocols:60 - Checking the predecessor for Node: process1
==================================
Node Identifier = 53937554629190552131995290006614509577
Node IP address = process1
successor(process1) = process3
predecessor(process1) = process2
Current File keys for process1 => []
==================================
2025-03-25 00:00:56 INFO  StabilizationProtocols:130 - Updating the successor for Node: process2
2025-03-25 00:00:56 INFO  StabilizationProtocols:84 - Stabilizing ring from process2...
2025-03-25 00:00:56 INFO  StabilizationProtocols:91 - Stabilize ring: succnode = process1
2025-03-25 00:00:56 INFO  StabilizationProtocols:113 - Finished stabilizing chordring from process2
2025-03-25 00:00:56 INFO  ChordProtocols:159 - Fixing the FingerTable for the Node: process2
2025-03-25 00:00:56 INFO  StabilizationProtocols:60 - Checking the predecessor for Node: process2
==================================
Node Identifier = 15618062003214643351512781541041391612
Node IP address = process2
successor(process2) = process1
predecessor(process2) = process4
Current File keys for process2 => []
==================================
2025-03-25 00:00:56 INFO  StabilizationProtocols:130 - Updating the successor for Node: process3
2025-03-25 00:00:56 INFO  StabilizationProtocols:84 - Stabilizing ring from process3...
2025-03-25 00:00:56 INFO  StabilizationProtocols:91 - Stabilize ring: succnode = process5
2025-03-25 00:00:56 INFO  StabilizationProtocols:113 - Finished stabilizing chordring from process3
2025-03-25 00:00:56 INFO  ChordProtocols:159 - Fixing the FingerTable for the Node: process3
2025-03-25 00:00:56 INFO  StabilizationProtocols:60 - Checking the predecessor for Node: process3
==================================
Node Identifier = 66910184482037901621933403444034052414
Node IP address = process3
successor(process3) = process5
predecessor(process3) = process1
Current File keys for process3 => []
==================================
2025-03-25 00:00:56 INFO  StabilizationProtocols:130 - Updating the successor for Node: process4
2025-03-25 00:00:56 INFO  StabilizationProtocols:84 - Stabilizing ring from process4...
2025-03-25 00:00:56 INFO  StabilizationProtocols:91 - Stabilize ring: succnode = process2
2025-03-25 00:00:56 INFO  StabilizationProtocols:113 - Finished stabilizing chordring from process4
2025-03-25 00:00:56 INFO  ChordProtocols:159 - Fixing the FingerTable for the Node: process4
2025-03-25 00:00:56 INFO  StabilizationProtocols:60 - Checking the predecessor for Node: process4
==================================
Node Identifier = 210821560651360572675896360671414673172
Node IP address = process4
successor(process4) = process2
predecessor(process4) = process5
Current File keys for process4 => []
==================================
2025-03-25 00:00:56 INFO  StabilizationProtocols:130 - Updating the successor for Node: process5
2025-03-25 00:00:56 INFO  StabilizationProtocols:84 - Stabilizing ring from process5...
2025-03-25 00:00:56 INFO  StabilizationProtocols:91 - Stabilize ring: succnode = process4
2025-03-25 00:00:56 INFO  StabilizationProtocols:113 - Finished stabilizing chordring from process5
2025-03-25 00:00:56 INFO  ChordProtocols:159 - Fixing the FingerTable for the Node: process5
2025-03-25 00:00:56 INFO  StabilizationProtocols:60 - Checking the predecessor for Node: process5
==================================
Node Identifier = 121411138451101288395601026024677976156
Node IP address = process5
successor(process5) = process4
predecessor(process5) = process3
Current File keys for process5 => []
==================================
2025-03-25 00:00:57 INFO  FileManager:204 - filename=file1 size=0,121
2025-03-25 00:00:57 INFO  FileManager:204 - filename=file2 size=0,115
2025-03-25 00:00:57 INFO  FileManager:204 - filename=file3 size=0,115
2025-03-25 00:00:57 INFO  FileManager:204 - filename=file4 size=0,116
2025-03-25 00:00:57 INFO  FileManager:204 - filename=file5 size=0,116
2025-03-25 00:00:58 INFO  StabilizationProtocols:130 - Updating the successor for Node: process1
2025-03-25 00:00:58 INFO  StabilizationProtocols:84 - Stabilizing ring from process1...
2025-03-25 00:00:58 INFO  StabilizationProtocols:91 - Stabilize ring: succnode = process3
2025-03-25 00:00:58 INFO  StabilizationProtocols:113 - Finished stabilizing chordring from process1
2025-03-25 00:00:58 INFO  ChordProtocols:159 - Fixing the FingerTable for the Node: process1
2025-03-25 00:00:58 INFO  StabilizationProtocols:60 - Checking the predecessor for Node: process1
==================================
Node Identifier = 53937554629190552131995290006614509577
Node IP address = process1
successor(process1) = process3
predecessor(process1) = process2
Current File keys for process1 => [29249986233499374510233936914584139597, 22851974182570490653634187770374799407]
==================================
2025-03-25 00:00:58 INFO  StabilizationProtocols:130 - Updating the successor for Node: process2
2025-03-25 00:00:58 INFO  StabilizationProtocols:84 - Stabilizing ring from process2...
2025-03-25 00:00:58 INFO  StabilizationProtocols:91 - Stabilize ring: succnode = process1
2025-03-25 00:00:58 INFO  StabilizationProtocols:113 - Finished stabilizing chordring from process2
2025-03-25 00:00:58 INFO  ChordProtocols:159 - Fixing the FingerTable for the Node: process2
2025-03-25 00:00:58 INFO  StabilizationProtocols:60 - Checking the predecessor for Node: process2
==================================
Node Identifier = 15618062003214643351512781541041391612
Node IP address = process2
successor(process2) = process1
predecessor(process2) = process4
Current File keys for process2 => [13988058880685873568223126745537177142, 263856675938514540210526796966916740559, 240788495190661943955842370400050808545, 305513342937436802305366564249075562188, 8256520967608282605234844990226290265, 239639416547729385993578111985362970770, 214974501590503159329658682485012382526]
==================================
2025-03-25 00:00:58 INFO  StabilizationProtocols:130 - Updating the successor for Node: process3
2025-03-25 00:00:58 INFO  StabilizationProtocols:84 - Stabilizing ring from process3...
2025-03-25 00:00:58 INFO  StabilizationProtocols:91 - Stabilize ring: succnode = process5
2025-03-25 00:00:58 INFO  StabilizationProtocols:113 - Finished stabilizing chordring from process3
2025-03-25 00:00:58 INFO  ChordProtocols:159 - Fixing the FingerTable for the Node: process3
2025-03-25 00:00:58 INFO  StabilizationProtocols:60 - Checking the predecessor for Node: process3
==================================
Node Identifier = 66910184482037901621933403444034052414
Node IP address = process3
successor(process3) = process5
predecessor(process3) = process1
Current File keys for process3 => [66481538825926898419352978747807121875]
==================================
2025-03-25 00:00:58 INFO  StabilizationProtocols:130 - Updating the successor for Node: process4
2025-03-25 00:00:58 INFO  StabilizationProtocols:84 - Stabilizing ring from process4...
2025-03-25 00:00:58 INFO  StabilizationProtocols:91 - Stabilize ring: succnode = process2
2025-03-25 00:00:58 INFO  StabilizationProtocols:113 - Finished stabilizing chordring from process4
2025-03-25 00:00:58 INFO  ChordProtocols:159 - Fixing the FingerTable for the Node: process4
2025-03-25 00:00:58 INFO  StabilizationProtocols:60 - Checking the predecessor for Node: process4
==================================
Node Identifier = 210821560651360572675896360671414673172
Node IP address = process4
successor(process4) = process2
predecessor(process4) = process5
Current File keys for process4 => [179241403734895214076219526399432130488, 140065589670395970233963560630295105848, 127615430233524719490345743798572761786, 191558309544647931649133602766041063646, 136541484142652779330200457892076216958, 149037318589456997023767356092491379363]
==================================
2025-03-25 00:00:58 INFO  StabilizationProtocols:130 - Updating the successor for Node: process5
2025-03-25 00:00:58 INFO  StabilizationProtocols:84 - Stabilizing ring from process5...
2025-03-25 00:00:58 INFO  StabilizationProtocols:91 - Stabilize ring: succnode = process4
2025-03-25 00:00:58 INFO  StabilizationProtocols:113 - Finished stabilizing chordring from process5
2025-03-25 00:00:58 INFO  ChordProtocols:159 - Fixing the FingerTable for the Node: process5
2025-03-25 00:00:58 INFO  StabilizationProtocols:60 - Checking the predecessor for Node: process5
==================================
Node Identifier = 121411138451101288395601026024677976156
Node IP address = process5
successor(process5) = process4
predecessor(process5) = process3
Current File keys for process5 => [83550242532527638904138483233262313637, 73806995735690189889297542544385123161, 83789482216496502817864659214345176161, 93727835460693461258854490021087346760]
==================================
2025-03-25 00:01:00 INFO  StabilizationProtocols:130 - Updating the successor for Node: process1
2025-03-25 00:01:00 INFO  StabilizationProtocols:84 - Stabilizing ring from process1...
2025-03-25 00:01:00 INFO  StabilizationProtocols:91 - Stabilize ring: succnode = process3
2025-03-25 00:01:00 INFO  StabilizationProtocols:113 - Finished stabilizing chordring from process1
2025-03-25 00:01:00 INFO  ChordProtocols:159 - Fixing the FingerTable for the Node: process1
2025-03-25 00:01:00 INFO  StabilizationProtocols:60 - Checking the predecessor for Node: process1
==================================
Node Identifier = 53937554629190552131995290006614509577
Node IP address = process1
successor(process1) = process3
predecessor(process1) = process2
Current File keys for process1 => [29249986233499374510233936914584139597, 22851974182570490653634187770374799407]
==================================
2025-03-25 00:01:00 INFO  StabilizationProtocols:130 - Updating the successor for Node: process2
2025-03-25 00:01:00 INFO  StabilizationProtocols:84 - Stabilizing ring from process2...
2025-03-25 00:01:00 INFO  StabilizationProtocols:91 - Stabilize ring: succnode = process1
2025-03-25 00:01:00 INFO  StabilizationProtocols:113 - Finished stabilizing chordring from process2
2025-03-25 00:01:00 INFO  ChordProtocols:159 - Fixing the FingerTable for the Node: process2
2025-03-25 00:01:00 INFO  StabilizationProtocols:60 - Checking the predecessor for Node: process2
==================================
Node Identifier = 15618062003214643351512781541041391612
Node IP address = process2
successor(process2) = process1
predecessor(process2) = process4
Current File keys for process2 => [13988058880685873568223126745537177142, 263856675938514540210526796966916740559, 240788495190661943955842370400050808545, 305513342937436802305366564249075562188, 8256520967608282605234844990226290265, 239639416547729385993578111985362970770, 214974501590503159329658682485012382526]
==================================
2025-03-25 00:01:00 INFO  StabilizationProtocols:130 - Updating the successor for Node: process3
2025-03-25 00:01:00 INFO  StabilizationProtocols:84 - Stabilizing ring from process3...
2025-03-25 00:01:00 INFO  StabilizationProtocols:91 - Stabilize ring: succnode = process5
2025-03-25 00:01:00 INFO  StabilizationProtocols:113 - Finished stabilizing chordring from process3
2025-03-25 00:01:00 INFO  ChordProtocols:159 - Fixing the FingerTable for the Node: process3
2025-03-25 00:01:00 INFO  StabilizationProtocols:60 - Checking the predecessor for Node: process3
==================================
Node Identifier = 66910184482037901621933403444034052414
Node IP address = process3
successor(process3) = process5
predecessor(process3) = process1
Current File keys for process3 => [66481538825926898419352978747807121875]
==================================
2025-03-25 00:01:00 INFO  StabilizationProtocols:130 - Updating the successor for Node: process4
2025-03-25 00:01:00 INFO  StabilizationProtocols:84 - Stabilizing ring from process4...
2025-03-25 00:01:00 INFO  StabilizationProtocols:91 - Stabilize ring: succnode = process2
2025-03-25 00:01:00 INFO  StabilizationProtocols:113 - Finished stabilizing chordring from process4
2025-03-25 00:01:00 INFO  ChordProtocols:159 - Fixing the FingerTable for the Node: process4
2025-03-25 00:01:00 INFO  StabilizationProtocols:60 - Checking the predecessor for Node: process4
==================================
Node Identifier = 210821560651360572675896360671414673172
Node IP address = process4
successor(process4) = process2
predecessor(process4) = process5
Current File keys for process4 => [179241403734895214076219526399432130488, 140065589670395970233963560630295105848, 127615430233524719490345743798572761786, 191558309544647931649133602766041063646, 136541484142652779330200457892076216958, 149037318589456997023767356092491379363]
==================================
2025-03-25 00:01:00 INFO  StabilizationProtocols:130 - Updating the successor for Node: process5
2025-03-25 00:01:00 INFO  StabilizationProtocols:84 - Stabilizing ring from process5...
2025-03-25 00:01:00 INFO  StabilizationProtocols:91 - Stabilize ring: succnode = process4
2025-03-25 00:01:00 INFO  StabilizationProtocols:113 - Finished stabilizing chordring from process5
2025-03-25 00:01:00 INFO  ChordProtocols:159 - Fixing the FingerTable for the Node: process5
2025-03-25 00:01:00 INFO  StabilizationProtocols:60 - Checking the predecessor for Node: process5
==================================
Node Identifier = 121411138451101288395601026024677976156
Node IP address = process5
successor(process5) = process4
predecessor(process5) = process3
Current File keys for process5 => [83550242532527638904138483233262313637, 73806995735690189889297542544385123161, 83789482216496502817864659214345176161, 93727835460693461258854490021087346760]
==================================
2025-03-25 00:01:02 INFO  StabilizationProtocols:130 - Updating the successor for Node: process1
2025-03-25 00:01:02 INFO  StabilizationProtocols:84 - Stabilizing ring from process1...
2025-03-25 00:01:02 INFO  StabilizationProtocols:91 - Stabilize ring: succnode = process3
2025-03-25 00:01:02 INFO  StabilizationProtocols:113 - Finished stabilizing chordring from process1
2025-03-25 00:01:02 INFO  ChordProtocols:159 - Fixing the FingerTable for the Node: process1
2025-03-25 00:01:02 INFO  StabilizationProtocols:60 - Checking the predecessor for Node: process1
==================================
Node Identifier = 53937554629190552131995290006614509577
Node IP address = process1
successor(process1) = process3
predecessor(process1) = process2
Current File keys for process1 => [29249986233499374510233936914584139597, 22851974182570490653634187770374799407]
==================================
2025-03-25 00:01:02 INFO  StabilizationProtocols:130 - Updating the successor for Node: process2
2025-03-25 00:01:02 INFO  StabilizationProtocols:84 - Stabilizing ring from process2...
2025-03-25 00:01:02 INFO  StabilizationProtocols:91 - Stabilize ring: succnode = process1
2025-03-25 00:01:02 INFO  StabilizationProtocols:113 - Finished stabilizing chordring from process2
2025-03-25 00:01:02 INFO  ChordProtocols:159 - Fixing the FingerTable for the Node: process2
2025-03-25 00:01:02 INFO  StabilizationProtocols:60 - Checking the predecessor for Node: process2
==================================
Node Identifier = 15618062003214643351512781541041391612
Node IP address = process2
successor(process2) = process1
predecessor(process2) = process4
Current File keys for process2 => [13988058880685873568223126745537177142, 263856675938514540210526796966916740559, 240788495190661943955842370400050808545, 305513342937436802305366564249075562188, 8256520967608282605234844990226290265, 239639416547729385993578111985362970770, 214974501590503159329658682485012382526]
==================================
2025-03-25 00:01:02 INFO  StabilizationProtocols:130 - Updating the successor for Node: process3
2025-03-25 00:01:02 INFO  StabilizationProtocols:84 - Stabilizing ring from process3...
2025-03-25 00:01:02 INFO  StabilizationProtocols:91 - Stabilize ring: succnode = process5
2025-03-25 00:01:02 INFO  StabilizationProtocols:113 - Finished stabilizing chordring from process3
2025-03-25 00:01:02 INFO  ChordProtocols:159 - Fixing the FingerTable for the Node: process3
2025-03-25 00:01:02 INFO  StabilizationProtocols:60 - Checking the predecessor for Node: process3
==================================
Node Identifier = 66910184482037901621933403444034052414
Node IP address = process3
successor(process3) = process5
predecessor(process3) = process1
Current File keys for process3 => [66481538825926898419352978747807121875]
==================================
2025-03-25 00:01:02 INFO  StabilizationProtocols:130 - Updating the successor for Node: process4
2025-03-25 00:01:02 INFO  StabilizationProtocols:84 - Stabilizing ring from process4...
2025-03-25 00:01:02 INFO  StabilizationProtocols:91 - Stabilize ring: succnode = process2
2025-03-25 00:01:02 INFO  StabilizationProtocols:113 - Finished stabilizing chordring from process4
2025-03-25 00:01:02 INFO  ChordProtocols:159 - Fixing the FingerTable for the Node: process4
2025-03-25 00:01:02 INFO  StabilizationProtocols:60 - Checking the predecessor for Node: process4
==================================
Node Identifier = 210821560651360572675896360671414673172
Node IP address = process4
successor(process4) = process2
predecessor(process4) = process5
Current File keys for process4 => [179241403734895214076219526399432130488, 140065589670395970233963560630295105848, 127615430233524719490345743798572761786, 191558309544647931649133602766041063646, 136541484142652779330200457892076216958, 149037318589456997023767356092491379363]
==================================
2025-03-25 00:01:02 INFO  StabilizationProtocols:130 - Updating the successor for Node: process5
2025-03-25 00:01:02 INFO  StabilizationProtocols:84 - Stabilizing ring from process5...
2025-03-25 00:01:02 INFO  StabilizationProtocols:91 - Stabilize ring: succnode = process4
2025-03-25 00:01:02 INFO  StabilizationProtocols:113 - Finished stabilizing chordring from process5
2025-03-25 00:01:02 INFO  ChordProtocols:159 - Fixing the FingerTable for the Node: process5
2025-03-25 00:01:02 INFO  StabilizationProtocols:60 - Checking the predecessor for Node: process5
==================================
Node Identifier = 121411138451101288395601026024677976156
Node IP address = process5
successor(process5) = process4
predecessor(process5) = process3
Current File keys for process5 => [83550242532527638904138483233262313637, 73806995735690189889297542544385123161, 83789482216496502817864659214345176161, 93727835460693461258854490021087346760]
==================================
2025-03-25 00:01:02 INFO  MutualExclusion:207 - Releasing locks from = 4
2025-03-25 00:01:02 INFO  MutualExclusion:53 - process1 wants to access CS
2025-03-25 00:01:02 INFO  MutualExclusion:53 - process4 wants to access CS
2025-03-25 00:01:02 INFO  MutualExclusion:53 - process5 wants to access CS
2025-03-25 00:01:02 INFO  MutualExclusion:53 - process2 wants to access CS
2025-03-25 00:01:02 INFO  MutualExclusion:91 - Number of peers to vote = 4
2025-03-25 00:01:02 INFO  MutualExclusion:91 - Number of peers to vote = 4
2025-03-25 00:01:02 INFO  MutualExclusion:91 - Number of peers to vote = 4
2025-03-25 00:01:02 INFO  MutualExclusion:91 - Number of peers to vote = 4
2025-03-25 00:01:02 INFO  MutualExclusion:224 - process4: size of queueack = 4
2025-03-25 00:01:02 INFO  MutualExclusion:224 - process1: size of queueack = 4
2025-03-25 00:01:02 INFO  UpdateOperations:90 - Trying to update file replicas for peer: 210821560651360572675896360671414673172
2025-03-25 00:01:02 INFO  UpdateOperations:90 - Trying to update file replicas for peer: 210821560651360572675896360671414673172
2025-03-25 00:01:02 INFO  UpdateOperations:69 - Update file is being performed by this peer: process4 | 210821560651360572675896360671414673172
2025-03-25 00:01:02 INFO  MutualExclusion:224 - process2: size of queueack = 3
2025-03-25 00:01:02 INFO  UpdateOperations:102 - Finished updating file for peer: 210821560651360572675896360671414673172
2025-03-25 00:01:02 INFO  UpdateOperations:90 - Trying to update file replicas for peer: 15618062003214643351512781541041391612
2025-03-25 00:01:02 INFO  MutualExclusion:224 - process5: size of queueack = 4
2025-03-25 00:01:02 INFO  UpdateOperations:69 - Update file is being performed by this peer: process4 | 210821560651360572675896360671414673172
2025-03-25 00:01:02 INFO  UpdateOperations:69 - Update file is being performed by this peer: process2 | 15618062003214643351512781541041391612
2025-03-25 00:01:02 INFO  UpdateOperations:102 - Finished updating file for peer: 15618062003214643351512781541041391612
2025-03-25 00:01:02 INFO  UpdateOperations:90 - Trying to update file replicas for peer: 210821560651360572675896360671414673172
2025-03-25 00:01:02 INFO  UpdateOperations:102 - Finished updating file for peer: 210821560651360572675896360671414673172
2025-03-25 00:01:02 INFO  UpdateOperations:90 - Trying to update file replicas for peer: 15618062003214643351512781541041391612
2025-03-25 00:01:02 INFO  UpdateOperations:90 - Trying to update file replicas for peer: 53937554629190552131995290006614509577
2025-03-25 00:01:02 INFO  UpdateOperations:69 - Update file is being performed by this peer: process2 | 15618062003214643351512781541041391612
2025-03-25 00:01:02 INFO  UpdateOperations:69 - Update file is being performed by this peer: process1 | 53937554629190552131995290006614509577
2025-03-25 00:01:02 INFO  UpdateOperations:69 - Update file is being performed by this peer: process4 | 210821560651360572675896360671414673172
2025-03-25 00:01:02 INFO  UpdateOperations:102 - Finished updating file for peer: 210821560651360572675896360671414673172
2025-03-25 00:01:02 INFO  UpdateOperations:102 - Finished updating file for peer: 15618062003214643351512781541041391612
2025-03-25 00:01:02 INFO  UpdateOperations:102 - Finished updating file for peer: 53937554629190552131995290006614509577
2025-03-25 00:01:02 INFO  UpdateOperations:90 - Trying to update file replicas for peer: 15618062003214643351512781541041391612
2025-03-25 00:01:02 INFO  UpdateOperations:90 - Trying to update file replicas for peer: 121411138451101288395601026024677976156
2025-03-25 00:01:02 INFO  UpdateOperations:90 - Trying to update file replicas for peer: 53937554629190552131995290006614509577
2025-03-25 00:01:02 INFO  UpdateOperations:69 - Update file is being performed by this peer: process1 | 53937554629190552131995290006614509577
2025-03-25 00:01:02 INFO  UpdateOperations:102 - Finished updating file for peer: 53937554629190552131995290006614509577
2025-03-25 00:01:02 INFO  UpdateOperations:90 - Trying to update file replicas for peer: 121411138451101288395601026024677976156
2025-03-25 00:01:02 INFO  UpdateOperations:69 - Update file is being performed by this peer: process2 | 15618062003214643351512781541041391612
2025-03-25 00:01:02 INFO  UpdateOperations:69 - Update file is being performed by this peer: process5 | 121411138451101288395601026024677976156
2025-03-25 00:01:02 INFO  UpdateOperations:102 - Finished updating file for peer: 15618062003214643351512781541041391612
2025-03-25 00:01:02 INFO  UpdateOperations:69 - Update file is being performed by this peer: process5 | 121411138451101288395601026024677976156
2025-03-25 00:01:02 INFO  UpdateOperations:90 - Trying to update file replicas for peer: 53937554629190552131995290006614509577
2025-03-25 00:01:02 INFO  UpdateOperations:102 - Finished updating file for peer: 121411138451101288395601026024677976156
2025-03-25 00:01:02 INFO  UpdateOperations:102 - Finished updating file for peer: 121411138451101288395601026024677976156
2025-03-25 00:01:02 INFO  UpdateOperations:69 - Update file is being performed by this peer: process1 | 53937554629190552131995290006614509577
2025-03-25 00:01:02 INFO  UpdateOperations:102 - Finished updating file for peer: 53937554629190552131995290006614509577
2025-03-25 00:01:02 INFO  UpdateOperations:90 - Trying to update file replicas for peer: 121411138451101288395601026024677976156
2025-03-25 00:01:02 INFO  UpdateOperations:69 - Update file is being performed by this peer: process5 | 121411138451101288395601026024677976156
2025-03-25 00:01:02 INFO  UpdateOperations:102 - Finished updating file for peer: 121411138451101288395601026024677976156
fu1: true
fu2: false
fu4: true
fu5: true
[false, true, true, true]|[false, false, false, true]
]]></system-out>
  </testcase>
</testsuite>